<?xml version="1.0" encoding="UTF-8"?>
<robot generator="Robot 3.2.2 (Python 3.7.6 on win32)" generated="20210709 15:14:11.631" rpa="false">
<suite id="s1" name="StoreFront" source="C:\Users\quannt\Documents\GitHub\Mykiot\Testsuites\StoreFront.robot">
<kw name="init test storefront" library="envi" type="setup">
<arguments>
<arg>live</arg>
</arguments>
<kw name="fill env" library="envi">
<arguments>
<arg>${env}</arg>
</arguments>
<kw name="Log" library="BuiltIn">
<doc>Logs the given message with the given level.</doc>
<arguments>
<arg>${env}</arg>
</arguments>
<msg timestamp="20210709 15:14:12.939" level="INFO">live</msg>
<status status="PASS" starttime="20210709 15:14:12.939" endtime="20210709 15:14:12.939"></status>
</kw>
<kw name="Create Dictionary" library="BuiltIn">
<doc>Creates and returns a dictionary based on the given ``items``.</doc>
<arguments>
<arg>live=https://admin.mykiot.vn/api</arg>
<arg>stagingnew=https://admin-staging.citigo.dev:40001/api</arg>
<arg>prelivenew=https://admin-prelive.citigo.dev:40003/api</arg>
<arg>stagingtest=https://admin-staging.citigo.dev:40001/api</arg>
</arguments>
<assign>
<var>${dic_api_url}</var>
</assign>
<msg timestamp="20210709 15:14:12.940" level="INFO">${dic_api_url} = {'live': 'https://admin.mykiot.vn/api', 'stagingnew': 'https://admin-staging.citigo.dev:40001/api', 'prelivenew': 'https://admin-prelive.citigo.dev:40003/api', 'stagingtest': 'https://admin-staging.ci...</msg>
<status status="PASS" starttime="20210709 15:14:12.939" endtime="20210709 15:14:12.940"></status>
</kw>
<kw name="Create Dictionary" library="BuiltIn">
<doc>Creates and returns a dictionary based on the given ``items``.</doc>
<arguments>
<arg>live=https://admin.mykiot.vn</arg>
<arg>stagingnew=https://admin-staging.citigo.dev:40001</arg>
<arg>prelivenew=https://admin-prelive.citigo.dev:40003</arg>
<arg>stagingtest=https://admin-staging.citigo.dev:40001</arg>
</arguments>
<assign>
<var>${dic_url}</var>
</assign>
<msg timestamp="20210709 15:14:12.940" level="INFO">${dic_url} = {'live': 'https://admin.mykiot.vn', 'stagingnew': 'https://admin-staging.citigo.dev:40001', 'prelivenew': 'https://admin-prelive.citigo.dev:40003', 'stagingtest': 'https://admin-staging.citigo.dev:400...</msg>
<status status="PASS" starttime="20210709 15:14:12.940" endtime="20210709 15:14:12.940"></status>
</kw>
<kw name="Create Dictionary" library="BuiltIn">
<doc>Creates and returns a dictionary based on the given ``items``.</doc>
<arguments>
<arg>live=1f36fe67-a0f2-453b-bea5-9d778218279c</arg>
<arg>stagingnew=c8b67155-4f9a-4ebe-80ee-cac6e18e8d44</arg>
<arg>prelivenew=c8b67155-4f9a-4ebe-80ee-cac6e18e8d44</arg>
<arg>stagingtest=e09f573d-0269-4f26-a4c5-7e0e6ed2bd59</arg>
</arguments>
<assign>
<var>${dic_clientid}</var>
</assign>
<msg timestamp="20210709 15:14:12.941" level="INFO">${dic_clientid} = {'live': '1f36fe67-a0f2-453b-bea5-9d778218279c', 'stagingnew': 'c8b67155-4f9a-4ebe-80ee-cac6e18e8d44', 'prelivenew': 'c8b67155-4f9a-4ebe-80ee-cac6e18e8d44', 'stagingtest': 'e09f573d-0269-4f26-a4c5-7e0...</msg>
<status status="PASS" starttime="20210709 15:14:12.940" endtime="20210709 15:14:12.941"></status>
</kw>
<kw name="Create Dictionary" library="BuiltIn">
<doc>Creates and returns a dictionary based on the given ``items``.</doc>
<arguments>
<arg>live=5F16AD6044795B917F2F9E640F572EF835B71254</arg>
<arg>stagingnew=42C30C4FD5382D0A8153DE25BC3C637751A58FEB</arg>
<arg>prelivenew=42C30C4FD5382D0A8153DE25BC3C637751A58FEB</arg>
<arg>stagingtest=2520158086647B1F76396D0D0233A8FE5161D06A</arg>
</arguments>
<assign>
<var>${dic_secretkey}</var>
</assign>
<msg timestamp="20210709 15:14:12.941" level="INFO">${dic_secretkey} = {'live': '5F16AD6044795B917F2F9E640F572EF835B71254', 'stagingnew': '42C30C4FD5382D0A8153DE25BC3C637751A58FEB', 'prelivenew': '42C30C4FD5382D0A8153DE25BC3C637751A58FEB', 'stagingtest': '2520158086647B1...</msg>
<status status="PASS" starttime="20210709 15:14:12.941" endtime="20210709 15:14:12.941"></status>
</kw>
<kw name="Create Dictionary" library="BuiltIn">
<doc>Creates and returns a dictionary based on the given ``items``.</doc>
<arguments>
<arg>live=testautomykiot</arg>
<arg>stagingnew=testautomykiot</arg>
<arg>prelivenew=testautomykiot</arg>
<arg>stagingtest=chuhueman</arg>
</arguments>
<assign>
<var>${dic_retailercode}</var>
</assign>
<msg timestamp="20210709 15:14:12.942" level="INFO">${dic_retailercode} = {'live': 'testautomykiot', 'stagingnew': 'testautomykiot', 'prelivenew': 'testautomykiot', 'stagingtest': 'chuhueman'}</msg>
<status status="PASS" starttime="20210709 15:14:12.941" endtime="20210709 15:14:12.942"></status>
</kw>
<kw name="Create Dictionary" library="BuiltIn">
<doc>Creates and returns a dictionary based on the given ``items``.</doc>
<arguments>
<arg>live=737280</arg>
<arg>stagingnew=810060</arg>
<arg>prelivenew=810060</arg>
</arguments>
<assign>
<var>${dic_retailerid}</var>
</assign>
<msg timestamp="20210709 15:14:12.942" level="INFO">${dic_retailerid} = {'live': '737280', 'stagingnew': '810060', 'prelivenew': '810060'}</msg>
<status status="PASS" starttime="20210709 15:14:12.942" endtime="20210709 15:14:12.942"></status>
</kw>
<kw name="Create Dictionary" library="BuiltIn">
<doc>Creates and returns a dictionary based on the given ``items``.</doc>
<arguments>
<arg>live=https://admin.mykiot.vn/connect?client_id=1f36fe67-a0f2-453b-bea5-9d778218279c&amp;secret_key=5F16AD6044795B917F2F9E640F572EF835B71254&amp;retailer_code=testautomykiot&amp;retailer_id=737280</arg>
<arg>stagingnew=https://admin-staging.citigo.dev:40001/connect?client_id=c8b67155-4f9a-4ebe-80ee-cac6e18e8d44&amp;secret_key=42C30C4FD5382D0A8153DE25BC3C637751A58FEB&amp;retailer_code=testautomykiot&amp;retailer_id=810060</arg>
<arg>prelivenew=https://admin-prelive.citigo.dev:40003/connect?client_id=c8b67155-4f9a-4ebe-80ee-cac6e18e8d44&amp;secret_key=42C30C4FD5382D0A8153DE25BC3C637751A58FEB&amp;retailer_code=testautomykiot&amp;retailer_id=810060</arg>
<arg>stagingtest=https://admin-staging.citigo.dev:40001/connect?client_id=e09f573d-0269-4f26-a4c5-7e0e6ed2bd59&amp;secret_key=2520158086647B1F76396D0D0233A8FE5161D06A&amp;retailer_code=chuhueman&amp;retailer_id=810032</arg>
</arguments>
<assign>
<var>${dic_accessurl}</var>
</assign>
<msg timestamp="20210709 15:14:12.943" level="INFO">${dic_accessurl} = {'live': 'https://admin.mykiot.vn/connect?client_id=1f36fe67-a0f2-453b-bea5-9d778218279c&amp;secret_key=5F16AD6044795B917F2F9E640F572EF835B71254&amp;retailer_code=testautomykiot&amp;retailer_id=737280', 'stagingn...</msg>
<status status="PASS" starttime="20210709 15:14:12.942" endtime="20210709 15:14:12.943"></status>
</kw>
<kw name="Create Dictionary" library="BuiltIn">
<doc>Creates and returns a dictionary based on the given ``items``.</doc>
<arguments>
<arg>live=https://mykiot.vn/testautomykiot</arg>
<arg>stagingnew=https://staging.citigo.dev:40001/testautomykiot</arg>
<arg>prelivenew=https://prelive.citigo.dev:40003/testautomykiot</arg>
<arg>stagingtest=https://fe-staging.citigo.dev:40001</arg>
</arguments>
<assign>
<var>${dic_storefronturl}</var>
</assign>
<msg timestamp="20210709 15:14:12.944" level="INFO">${dic_storefronturl} = {'live': 'https://mykiot.vn/testautomykiot', 'stagingnew': 'https://staging.citigo.dev:40001/testautomykiot', 'prelivenew': 'https://prelive.citigo.dev:40003/testautomykiot', 'stagingtest': 'https://f...</msg>
<status status="PASS" starttime="20210709 15:14:12.943" endtime="20210709 15:14:12.944"></status>
</kw>
<kw name="Create Dictionary" library="BuiltIn">
<doc>Creates and returns a dictionary based on the given ``items``.</doc>
<arguments>
<arg>live=https://testautomykiot.kiotviet.com/</arg>
<arg>stagingnew=https://testautomykiot.kvpos.com:59903/</arg>
<arg>prelivenew=https://testautomykiot.kvpos.com:59903/</arg>
<arg>stagingtest=https://chuhueman.kvpos.com:59903/</arg>
</arguments>
<assign>
<var>${dict_kvurl}</var>
</assign>
<msg timestamp="20210709 15:14:12.944" level="INFO">${dict_kvurl} = {'live': 'https://testautomykiot.kiotviet.com/', 'stagingnew': 'https://testautomykiot.kvpos.com:59903/', 'prelivenew': 'https://testautomykiot.kvpos.com:59903/', 'stagingtest': 'https://chuhueman.kvp...</msg>
<status status="PASS" starttime="20210709 15:14:12.944" endtime="20210709 15:14:12.944"></status>
</kw>
<kw name="Create Dictionary" library="BuiltIn">
<doc>Creates and returns a dictionary based on the given ``items``.</doc>
<arguments>
<arg>live=admin</arg>
<arg>stagingnew=admin</arg>
<arg>prelivenew=admin</arg>
<arg>stagingtest=admin</arg>
</arguments>
<assign>
<var>${dict_username}</var>
</assign>
<msg timestamp="20210709 15:14:12.945" level="INFO">${dict_username} = {'live': 'admin', 'stagingnew': 'admin', 'prelivenew': 'admin', 'stagingtest': 'admin'}</msg>
<status status="PASS" starttime="20210709 15:14:12.945" endtime="20210709 15:14:12.945"></status>
</kw>
<kw name="Create Dictionary" library="BuiltIn">
<doc>Creates and returns a dictionary based on the given ``items``.</doc>
<arguments>
<arg>live=123</arg>
<arg>stagingnew=123</arg>
<arg>prelivenew=123</arg>
<arg>stagingtest=123</arg>
</arguments>
<assign>
<var>${dict_password}</var>
</assign>
<msg timestamp="20210709 15:14:12.946" level="INFO">${dict_password} = {'live': '123', 'stagingnew': '123', 'prelivenew': '123', 'stagingtest': '123'}</msg>
<status status="PASS" starttime="20210709 15:14:12.945" endtime="20210709 15:14:12.946"></status>
</kw>
<kw name="Create Dictionary" library="BuiltIn">
<doc>Creates and returns a dictionary based on the given ``items``.</doc>
<arguments>
<arg>live=https://testautomykiot.kiotviet.com/api</arg>
<arg>stagingnew=https://testautomykiot.kvpos.com:59903/api</arg>
<arg>prelivenew=https://testautomykiot.kvpos.com:59903/api</arg>
<arg>stagingtest=https://chuhueman.kvpos.com:59903/api</arg>
</arguments>
<assign>
<var>${dic_kv_apiurl}</var>
</assign>
<msg timestamp="20210709 15:14:12.946" level="INFO">${dic_kv_apiurl} = {'live': 'https://testautomykiot.kiotviet.com/api', 'stagingnew': 'https://testautomykiot.kvpos.com:59903/api', 'prelivenew': 'https://testautomykiot.kvpos.com:59903/api', 'stagingtest': 'https://chuh...</msg>
<status status="PASS" starttime="20210709 15:14:12.946" endtime="20210709 15:14:12.946"></status>
</kw>
<kw name="Create Dictionary" library="BuiltIn">
<doc>Creates and returns a dictionary based on the given ``items``.</doc>
<arguments>
<arg>live=9113</arg>
<arg>stagingnew=11749</arg>
<arg>prelivenew=11749</arg>
<arg>stagingtest=11737</arg>
</arguments>
<assign>
<var>${dic_branchid}</var>
</assign>
<msg timestamp="20210709 15:14:12.947" level="INFO">${dic_branchid} = {'live': '9113', 'stagingnew': '11749', 'prelivenew': '11749', 'stagingtest': '11737'}</msg>
<status status="PASS" starttime="20210709 15:14:12.947" endtime="20210709 15:14:12.947"></status>
</kw>
<kw name="Create Dictionary" library="BuiltIn">
<doc>Creates and returns a dictionary based on the given ``items``.</doc>
<arguments>
<arg>live=26</arg>
<arg>stagingnew=1</arg>
<arg>prelivenew=1</arg>
<arg>stagingtest=1</arg>
</arguments>
<assign>
<var>${dic_zone}</var>
</assign>
<msg timestamp="20210709 15:14:12.947" level="INFO">${dic_zone} = {'live': '26', 'stagingnew': '1', 'prelivenew': '1', 'stagingtest': '1'}</msg>
<status status="PASS" starttime="20210709 15:14:12.947" endtime="20210709 15:14:12.947"></status>
</kw>
<kw name="Create Dictionary" library="BuiltIn">
<doc>Creates and returns a dictionary based on the given ``items``.</doc>
<arguments>
<arg>live=https://sale.kiotapi.com/api</arg>
<arg>stagingnew=https://kvpos.com:59303/api</arg>
<arg>prelivenew=https://kvpos.com:59303/api</arg>
<arg>stagingtest=https://kvpos.com:59303/api</arg>
</arguments>
<assign>
<var>${dic_salekvapi}</var>
</assign>
<msg timestamp="20210709 15:14:12.948" level="INFO">${dic_salekvapi} = {'live': 'https://sale.kiotapi.com/api', 'stagingnew': 'https://kvpos.com:59303/api', 'prelivenew': 'https://kvpos.com:59303/api', 'stagingtest': 'https://kvpos.com:59303/api'}</msg>
<status status="PASS" starttime="20210709 15:14:12.948" endtime="20210709 15:14:12.948"></status>
</kw>
<kw name="Create Dictionary" library="BuiltIn">
<doc>Creates and returns a dictionary based on the given ``items``.</doc>
<arguments>
<arg>live=testautomation113@gmail.com</arg>
<arg>stagingnew=testautomation113@gmail.com</arg>
<arg>prelivenew=testautomation113@gmail.com</arg>
<arg>stagingtest=testautomation113@gmail.com</arg>
</arguments>
<assign>
<var>${dic_google_account}</var>
</assign>
<msg timestamp="20210709 15:14:12.948" level="INFO">${dic_google_account} = {'live': 'testautomation113@gmail.com', 'stagingnew': 'testautomation113@gmail.com', 'prelivenew': 'testautomation113@gmail.com', 'stagingtest': 'testautomation113@gmail.com'}</msg>
<status status="PASS" starttime="20210709 15:14:12.948" endtime="20210709 15:14:12.948"></status>
</kw>
<kw name="Create Dictionary" library="BuiltIn">
<doc>Creates and returns a dictionary based on the given ``items``.</doc>
<arguments>
<arg>live=test@123456</arg>
<arg>stagingnew=test@123456</arg>
<arg>prelivenew=test@123456</arg>
<arg>stagingtest=test@123456</arg>
</arguments>
<assign>
<var>${dic_google_pass}</var>
</assign>
<msg timestamp="20210709 15:14:12.949" level="INFO">${dic_google_pass} = {'live': 'test@123456', 'stagingnew': 'test@123456', 'prelivenew': 'test@123456', 'stagingtest': 'test@123456'}</msg>
<status status="PASS" starttime="20210709 15:14:12.949" endtime="20210709 15:14:12.949"></status>
</kw>
<kw name="Create Dictionary" library="BuiltIn">
<doc>Creates and returns a dictionary based on the given ``items``.</doc>
<arguments>
<arg>live=KH3546BAC40</arg>
<arg>stagingnew=KHCA279ECD4</arg>
<arg>prelivenew=KHCA279ECD4</arg>
<arg>stagingtest=KHCA279ECD4</arg>
</arguments>
<assign>
<var>${dic_customer_code_google_account}</var>
</assign>
<msg timestamp="20210709 15:14:12.949" level="INFO">${dic_customer_code_google_account} = {'live': 'KH3546BAC40', 'stagingnew': 'KHCA279ECD4', 'prelivenew': 'KHCA279ECD4', 'stagingtest': 'KHCA279ECD4'}</msg>
<status status="PASS" starttime="20210709 15:14:12.949" endtime="20210709 15:14:12.949"></status>
</kw>
<kw name="Create Dictionary" library="BuiltIn">
<doc>Creates and returns a dictionary based on the given ``items``.</doc>
<arguments>
<arg>live=https://webhook.mykiot.vn</arg>
<arg>stagingnew=https://queue-staging.citigo.dev:40001</arg>
<arg>prelivenew=https://queue-prelive.citigo.dev:40003</arg>
<arg>stagingtest=https://queue-staging.citigo.dev:40001</arg>
</arguments>
<assign>
<var>${dic_webhook_url}</var>
</assign>
<msg timestamp="20210709 15:14:12.950" level="INFO">${dic_webhook_url} = {'live': 'https://webhook.mykiot.vn', 'stagingnew': 'https://queue-staging.citigo.dev:40001', 'prelivenew': 'https://queue-prelive.citigo.dev:40003', 'stagingtest': 'https://queue-staging.citigo.dev:4...</msg>
<status status="PASS" starttime="20210709 15:14:12.950" endtime="20210709 15:14:12.950"></status>
</kw>
<kw name="Create Dictionary" library="BuiltIn">
<doc>Creates and returns a dictionary based on the given ``items``.</doc>
<arguments>
<arg>live=107151798064347196088</arg>
<arg>stagingnew=107151798064347196088</arg>
<arg>stagingnew=107151798064347196088</arg>
<arg>stagingtest=107151798064347196088</arg>
</arguments>
<assign>
<var>${dic_provider_id}</var>
</assign>
<msg timestamp="20210709 15:14:12.950" level="INFO">${dic_provider_id} = {'live': '107151798064347196088', 'stagingnew': '107151798064347196088', 'stagingtest': '107151798064347196088'}</msg>
<status status="PASS" starttime="20210709 15:14:12.950" endtime="20210709 15:14:12.950"></status>
</kw>
<kw name="Create Dictionary" library="BuiltIn">
<doc>Creates and returns a dictionary based on the given ``items``.</doc>
<arguments>
<arg>live= https://api.mykiot.vn/api</arg>
<arg>stagingnew=https://api-staging.citigo.dev:40001/api</arg>
<arg>prelivenew=https://api-prelive.citigo.dev:40003/api</arg>
<arg>stagingtest=https://api-staging.citigo.dev:40001/api</arg>
</arguments>
<assign>
<var>${dic_coreapi_url}</var>
</assign>
<msg timestamp="20210709 15:14:12.951" level="INFO">${dic_coreapi_url} = {'live': ' https://api.mykiot.vn/api', 'stagingnew': 'https://api-staging.citigo.dev:40001/api', 'prelivenew': 'https://api-prelive.citigo.dev:40003/api', 'stagingtest': 'https://api-staging.citigo.de...</msg>
<status status="PASS" starttime="20210709 15:14:12.951" endtime="20210709 15:14:12.951"></status>
</kw>
<kw name="Get From Dictionary" library="Collections">
<doc>Returns a value from the given ``dictionary`` based on the given ``key``.</doc>
<arguments>
<arg>${dic_api_url}</arg>
<arg>${env}</arg>
</arguments>
<assign>
<var>${api_url}</var>
</assign>
<msg timestamp="20210709 15:14:12.952" level="INFO">${api_url} = https://admin.mykiot.vn/api</msg>
<status status="PASS" starttime="20210709 15:14:12.951" endtime="20210709 15:14:12.952"></status>
</kw>
<kw name="Get From Dictionary" library="Collections">
<doc>Returns a value from the given ``dictionary`` based on the given ``key``.</doc>
<arguments>
<arg>${dic_url}</arg>
<arg>${env}</arg>
</arguments>
<assign>
<var>${url}</var>
</assign>
<msg timestamp="20210709 15:14:12.952" level="INFO">${url} = https://admin.mykiot.vn</msg>
<status status="PASS" starttime="20210709 15:14:12.952" endtime="20210709 15:14:12.952"></status>
</kw>
<kw name="Get From Dictionary" library="Collections">
<doc>Returns a value from the given ``dictionary`` based on the given ``key``.</doc>
<arguments>
<arg>${dic_clientid}</arg>
<arg>${env}</arg>
</arguments>
<assign>
<var>${client_id}</var>
</assign>
<msg timestamp="20210709 15:14:12.952" level="INFO">${client_id} = 1f36fe67-a0f2-453b-bea5-9d778218279c</msg>
<status status="PASS" starttime="20210709 15:14:12.952" endtime="20210709 15:14:12.953"></status>
</kw>
<kw name="Get From Dictionary" library="Collections">
<doc>Returns a value from the given ``dictionary`` based on the given ``key``.</doc>
<arguments>
<arg>${dic_secretkey}</arg>
<arg>${env}</arg>
</arguments>
<assign>
<var>${secret_key}</var>
</assign>
<msg timestamp="20210709 15:14:12.953" level="INFO">${secret_key} = 5F16AD6044795B917F2F9E640F572EF835B71254</msg>
<status status="PASS" starttime="20210709 15:14:12.953" endtime="20210709 15:14:12.953"></status>
</kw>
<kw name="Get From Dictionary" library="Collections">
<doc>Returns a value from the given ``dictionary`` based on the given ``key``.</doc>
<arguments>
<arg>${dic_retailercode}</arg>
<arg>${env}</arg>
</arguments>
<assign>
<var>${retailer_code}</var>
</assign>
<msg timestamp="20210709 15:14:12.953" level="INFO">${retailer_code} = testautomykiot</msg>
<status status="PASS" starttime="20210709 15:14:12.953" endtime="20210709 15:14:12.953"></status>
</kw>
<kw name="Get From Dictionary" library="Collections">
<doc>Returns a value from the given ``dictionary`` based on the given ``key``.</doc>
<arguments>
<arg>${dic_retailerid}</arg>
<arg>${env}</arg>
</arguments>
<assign>
<var>${retailer_id}</var>
</assign>
<msg timestamp="20210709 15:14:12.954" level="INFO">${retailer_id} = 737280</msg>
<status status="PASS" starttime="20210709 15:14:12.954" endtime="20210709 15:14:12.954"></status>
</kw>
<kw name="Get From Dictionary" library="Collections">
<doc>Returns a value from the given ``dictionary`` based on the given ``key``.</doc>
<arguments>
<arg>${dic_accessurl}</arg>
<arg>${env}</arg>
</arguments>
<assign>
<var>${access_url}</var>
</assign>
<msg timestamp="20210709 15:14:12.954" level="INFO">${access_url} = https://admin.mykiot.vn/connect?client_id=1f36fe67-a0f2-453b-bea5-9d778218279c&amp;secret_key=5F16AD6044795B917F2F9E640F572EF835B71254&amp;retailer_code=testautomykiot&amp;retailer_id=737280</msg>
<status status="PASS" starttime="20210709 15:14:12.954" endtime="20210709 15:14:12.954"></status>
</kw>
<kw name="Get From Dictionary" library="Collections">
<doc>Returns a value from the given ``dictionary`` based on the given ``key``.</doc>
<arguments>
<arg>${dic_storefronturl}</arg>
<arg>${env}</arg>
</arguments>
<assign>
<var>${storefront_url}</var>
</assign>
<msg timestamp="20210709 15:14:12.955" level="INFO">${storefront_url} = https://mykiot.vn/testautomykiot</msg>
<status status="PASS" starttime="20210709 15:14:12.955" endtime="20210709 15:14:12.955"></status>
</kw>
<kw name="Get From Dictionary" library="Collections">
<doc>Returns a value from the given ``dictionary`` based on the given ``key``.</doc>
<arguments>
<arg>${dict_kvurl}</arg>
<arg>${env}</arg>
</arguments>
<assign>
<var>${kv_url}</var>
</assign>
<msg timestamp="20210709 15:14:12.955" level="INFO">${kv_url} = https://testautomykiot.kiotviet.com/</msg>
<status status="PASS" starttime="20210709 15:14:12.955" endtime="20210709 15:14:12.955"></status>
</kw>
<kw name="Get From Dictionary" library="Collections">
<doc>Returns a value from the given ``dictionary`` based on the given ``key``.</doc>
<arguments>
<arg>${dict_username}</arg>
<arg>${env}</arg>
</arguments>
<assign>
<var>${user_name}</var>
</assign>
<msg timestamp="20210709 15:14:12.956" level="INFO">${user_name} = admin</msg>
<status status="PASS" starttime="20210709 15:14:12.955" endtime="20210709 15:14:12.956"></status>
</kw>
<kw name="Get From Dictionary" library="Collections">
<doc>Returns a value from the given ``dictionary`` based on the given ``key``.</doc>
<arguments>
<arg>${dict_password}</arg>
<arg>${env}</arg>
</arguments>
<assign>
<var>${password}</var>
</assign>
<msg timestamp="20210709 15:14:12.956" level="INFO">${password} = 123</msg>
<status status="PASS" starttime="20210709 15:14:12.956" endtime="20210709 15:14:12.956"></status>
</kw>
<kw name="Get From Dictionary" library="Collections">
<doc>Returns a value from the given ``dictionary`` based on the given ``key``.</doc>
<arguments>
<arg>${dic_kv_apiurl}</arg>
<arg>${env}</arg>
</arguments>
<assign>
<var>${kvapi_url}</var>
</assign>
<msg timestamp="20210709 15:14:12.957" level="INFO">${kvapi_url} = https://testautomykiot.kiotviet.com/api</msg>
<status status="PASS" starttime="20210709 15:14:12.956" endtime="20210709 15:14:12.957"></status>
</kw>
<kw name="Get From Dictionary" library="Collections">
<doc>Returns a value from the given ``dictionary`` based on the given ``key``.</doc>
<arguments>
<arg>${dic_branchid}</arg>
<arg>${env}</arg>
</arguments>
<assign>
<var>${branch_id}</var>
</assign>
<msg timestamp="20210709 15:14:12.957" level="INFO">${branch_id} = 9113</msg>
<status status="PASS" starttime="20210709 15:14:12.957" endtime="20210709 15:14:12.957"></status>
</kw>
<kw name="Get From Dictionary" library="Collections">
<doc>Returns a value from the given ``dictionary`` based on the given ``key``.</doc>
<arguments>
<arg>${dic_zone}</arg>
<arg>${env}</arg>
</arguments>
<assign>
<var>${zone}</var>
</assign>
<msg timestamp="20210709 15:14:12.958" level="INFO">${zone} = 26</msg>
<status status="PASS" starttime="20210709 15:14:12.957" endtime="20210709 15:14:12.958"></status>
</kw>
<kw name="Get From Dictionary" library="Collections">
<doc>Returns a value from the given ``dictionary`` based on the given ``key``.</doc>
<arguments>
<arg>${dic_salekvapi}</arg>
<arg>${env}</arg>
</arguments>
<assign>
<var>${salekvapi}</var>
</assign>
<msg timestamp="20210709 15:14:12.958" level="INFO">${salekvapi} = https://sale.kiotapi.com/api</msg>
<status status="PASS" starttime="20210709 15:14:12.958" endtime="20210709 15:14:12.958"></status>
</kw>
<kw name="Get From Dictionary" library="Collections">
<doc>Returns a value from the given ``dictionary`` based on the given ``key``.</doc>
<arguments>
<arg>${dic_google_account}</arg>
<arg>${env}</arg>
</arguments>
<assign>
<var>${google_account}</var>
</assign>
<msg timestamp="20210709 15:14:12.959" level="INFO">${google_account} = testautomation113@gmail.com</msg>
<status status="PASS" starttime="20210709 15:14:12.958" endtime="20210709 15:14:12.959"></status>
</kw>
<kw name="Get From Dictionary" library="Collections">
<doc>Returns a value from the given ``dictionary`` based on the given ``key``.</doc>
<arguments>
<arg>${dic_google_pass}</arg>
<arg>${env}</arg>
</arguments>
<assign>
<var>${google_pass}</var>
</assign>
<msg timestamp="20210709 15:14:12.959" level="INFO">${google_pass} = test@123456</msg>
<status status="PASS" starttime="20210709 15:14:12.959" endtime="20210709 15:14:12.959"></status>
</kw>
<kw name="Get From Dictionary" library="Collections">
<doc>Returns a value from the given ``dictionary`` based on the given ``key``.</doc>
<arguments>
<arg>${dic_customer_code_google_account}</arg>
<arg>${env}</arg>
</arguments>
<assign>
<var>${customer_code_google_account}</var>
</assign>
<msg timestamp="20210709 15:14:12.960" level="INFO">${customer_code_google_account} = KH3546BAC40</msg>
<status status="PASS" starttime="20210709 15:14:12.959" endtime="20210709 15:14:12.960"></status>
</kw>
<kw name="Get From Dictionary" library="Collections">
<doc>Returns a value from the given ``dictionary`` based on the given ``key``.</doc>
<arguments>
<arg>${dic_webhook_url}</arg>
<arg>${env}</arg>
</arguments>
<assign>
<var>${webhook_url}</var>
</assign>
<msg timestamp="20210709 15:14:12.960" level="INFO">${webhook_url} = https://webhook.mykiot.vn</msg>
<status status="PASS" starttime="20210709 15:14:12.960" endtime="20210709 15:14:12.960"></status>
</kw>
<kw name="Get From Dictionary" library="Collections">
<doc>Returns a value from the given ``dictionary`` based on the given ``key``.</doc>
<arguments>
<arg>${dic_provider_id}</arg>
<arg>${env}</arg>
</arguments>
<assign>
<var>${provider_id}</var>
</assign>
<msg timestamp="20210709 15:14:12.960" level="INFO">${provider_id} = 107151798064347196088</msg>
<status status="PASS" starttime="20210709 15:14:12.960" endtime="20210709 15:14:12.960"></status>
</kw>
<kw name="Get From Dictionary" library="Collections">
<doc>Returns a value from the given ``dictionary`` based on the given ``key``.</doc>
<arguments>
<arg>${dic_coreapi_url}</arg>
<arg>${env}</arg>
</arguments>
<assign>
<var>${coreapi_url}</var>
</assign>
<msg timestamp="20210709 15:14:12.961" level="INFO">${coreapi_url} =  https://api.mykiot.vn/api</msg>
<status status="PASS" starttime="20210709 15:14:12.961" endtime="20210709 15:14:12.961"></status>
</kw>
<kw name="Set Global Variable" library="BuiltIn">
<doc>Makes a variable available globally in all tests and suites.</doc>
<arguments>
<arg>\${api_url}</arg>
<arg>${api_url}</arg>
</arguments>
<msg timestamp="20210709 15:14:12.961" level="INFO">${api_url} = https://admin.mykiot.vn/api</msg>
<status status="PASS" starttime="20210709 15:14:12.961" endtime="20210709 15:14:12.962"></status>
</kw>
<kw name="Set Global Variable" library="BuiltIn">
<doc>Makes a variable available globally in all tests and suites.</doc>
<arguments>
<arg>\${url}</arg>
<arg>${url}</arg>
</arguments>
<msg timestamp="20210709 15:14:12.962" level="INFO">${url} = https://admin.mykiot.vn</msg>
<status status="PASS" starttime="20210709 15:14:12.962" endtime="20210709 15:14:12.962"></status>
</kw>
<kw name="Set Global Variable" library="BuiltIn">
<doc>Makes a variable available globally in all tests and suites.</doc>
<arguments>
<arg>\${client_id}</arg>
<arg>${client_id}</arg>
</arguments>
<msg timestamp="20210709 15:14:12.963" level="INFO">${client_id} = 1f36fe67-a0f2-453b-bea5-9d778218279c</msg>
<status status="PASS" starttime="20210709 15:14:12.962" endtime="20210709 15:14:12.963"></status>
</kw>
<kw name="Set Global Variable" library="BuiltIn">
<doc>Makes a variable available globally in all tests and suites.</doc>
<arguments>
<arg>\${secret_key}</arg>
<arg>${secret_key}</arg>
</arguments>
<msg timestamp="20210709 15:14:12.963" level="INFO">${secret_key} = 5F16AD6044795B917F2F9E640F572EF835B71254</msg>
<status status="PASS" starttime="20210709 15:14:12.963" endtime="20210709 15:14:12.963"></status>
</kw>
<kw name="Set Global Variable" library="BuiltIn">
<doc>Makes a variable available globally in all tests and suites.</doc>
<arguments>
<arg>\${retailer_code}</arg>
<arg>${retailer_code}</arg>
</arguments>
<msg timestamp="20210709 15:14:12.964" level="INFO">${retailer_code} = testautomykiot</msg>
<status status="PASS" starttime="20210709 15:14:12.963" endtime="20210709 15:14:12.964"></status>
</kw>
<kw name="Set Global Variable" library="BuiltIn">
<doc>Makes a variable available globally in all tests and suites.</doc>
<arguments>
<arg>\${retailer_id}</arg>
<arg>${retailer_id}</arg>
</arguments>
<msg timestamp="20210709 15:14:12.964" level="INFO">${retailer_id} = 737280</msg>
<status status="PASS" starttime="20210709 15:14:12.964" endtime="20210709 15:14:12.964"></status>
</kw>
<kw name="Set Global Variable" library="BuiltIn">
<doc>Makes a variable available globally in all tests and suites.</doc>
<arguments>
<arg>\${access_url}</arg>
<arg>${access_url}</arg>
</arguments>
<msg timestamp="20210709 15:14:12.965" level="INFO">${access_url} = https://admin.mykiot.vn/connect?client_id=1f36fe67-a0f2-453b-bea5-9d778218279c&amp;secret_key=5F16AD6044795B917F2F9E640F572EF835B71254&amp;retailer_code=testautomykiot&amp;retailer_id=737280</msg>
<status status="PASS" starttime="20210709 15:14:12.964" endtime="20210709 15:14:12.965"></status>
</kw>
<kw name="Set Global Variable" library="BuiltIn">
<doc>Makes a variable available globally in all tests and suites.</doc>
<arguments>
<arg>\${storefront_url}</arg>
<arg>${storefront_url}</arg>
</arguments>
<msg timestamp="20210709 15:14:12.965" level="INFO">${storefront_url} = https://mykiot.vn/testautomykiot</msg>
<status status="PASS" starttime="20210709 15:14:12.965" endtime="20210709 15:14:12.965"></status>
</kw>
<kw name="Set Global Variable" library="BuiltIn">
<doc>Makes a variable available globally in all tests and suites.</doc>
<arguments>
<arg>\${kv_url}</arg>
<arg>${kv_url}</arg>
</arguments>
<msg timestamp="20210709 15:14:12.966" level="INFO">${kv_url} = https://testautomykiot.kiotviet.com/</msg>
<status status="PASS" starttime="20210709 15:14:12.965" endtime="20210709 15:14:12.966"></status>
</kw>
<kw name="Set Global Variable" library="BuiltIn">
<doc>Makes a variable available globally in all tests and suites.</doc>
<arguments>
<arg>\${user_name}</arg>
<arg>${user_name}</arg>
</arguments>
<msg timestamp="20210709 15:14:12.966" level="INFO">${user_name} = admin</msg>
<status status="PASS" starttime="20210709 15:14:12.966" endtime="20210709 15:14:12.966"></status>
</kw>
<kw name="Set Global Variable" library="BuiltIn">
<doc>Makes a variable available globally in all tests and suites.</doc>
<arguments>
<arg>\${password}</arg>
<arg>${password}</arg>
</arguments>
<msg timestamp="20210709 15:14:12.967" level="INFO">${password} = 123</msg>
<status status="PASS" starttime="20210709 15:14:12.967" endtime="20210709 15:14:12.967"></status>
</kw>
<kw name="Set Global Variable" library="BuiltIn">
<doc>Makes a variable available globally in all tests and suites.</doc>
<arguments>
<arg>\${kvapi_url}</arg>
<arg>${kvapi_url}</arg>
</arguments>
<msg timestamp="20210709 15:14:12.967" level="INFO">${kvapi_url} = https://testautomykiot.kiotviet.com/api</msg>
<status status="PASS" starttime="20210709 15:14:12.967" endtime="20210709 15:14:12.967"></status>
</kw>
<kw name="Set Global Variable" library="BuiltIn">
<doc>Makes a variable available globally in all tests and suites.</doc>
<arguments>
<arg>\${branch_id}</arg>
<arg>${branch_id}</arg>
</arguments>
<msg timestamp="20210709 15:14:12.968" level="INFO">${branch_id} = 9113</msg>
<status status="PASS" starttime="20210709 15:14:12.968" endtime="20210709 15:14:12.968"></status>
</kw>
<kw name="Set Global Variable" library="BuiltIn">
<doc>Makes a variable available globally in all tests and suites.</doc>
<arguments>
<arg>\${zone}</arg>
<arg>${zone}</arg>
</arguments>
<msg timestamp="20210709 15:14:12.969" level="INFO">${zone} = 26</msg>
<status status="PASS" starttime="20210709 15:14:12.968" endtime="20210709 15:14:12.969"></status>
</kw>
<kw name="Set Global Variable" library="BuiltIn">
<doc>Makes a variable available globally in all tests and suites.</doc>
<arguments>
<arg>\${salekvapi}</arg>
<arg>${salekvapi}</arg>
</arguments>
<msg timestamp="20210709 15:14:12.969" level="INFO">${salekvapi} = https://sale.kiotapi.com/api</msg>
<status status="PASS" starttime="20210709 15:14:12.969" endtime="20210709 15:14:12.969"></status>
</kw>
<kw name="Set Global Variable" library="BuiltIn">
<doc>Makes a variable available globally in all tests and suites.</doc>
<arguments>
<arg>\${google_account}</arg>
<arg>${google_account}</arg>
</arguments>
<msg timestamp="20210709 15:14:12.970" level="INFO">${google_account} = testautomation113@gmail.com</msg>
<status status="PASS" starttime="20210709 15:14:12.969" endtime="20210709 15:14:12.970"></status>
</kw>
<kw name="Set Global Variable" library="BuiltIn">
<doc>Makes a variable available globally in all tests and suites.</doc>
<arguments>
<arg>\${google_pass}</arg>
<arg>${google_pass}</arg>
</arguments>
<msg timestamp="20210709 15:14:12.970" level="INFO">${google_pass} = test@123456</msg>
<status status="PASS" starttime="20210709 15:14:12.970" endtime="20210709 15:14:12.970"></status>
</kw>
<kw name="Set Global Variable" library="BuiltIn">
<doc>Makes a variable available globally in all tests and suites.</doc>
<arguments>
<arg>\${customer_code_google_account}</arg>
<arg>${customer_code_google_account}</arg>
</arguments>
<msg timestamp="20210709 15:14:12.971" level="INFO">${customer_code_google_account} = KH3546BAC40</msg>
<status status="PASS" starttime="20210709 15:14:12.970" endtime="20210709 15:14:12.971"></status>
</kw>
<kw name="Set Global Variable" library="BuiltIn">
<doc>Makes a variable available globally in all tests and suites.</doc>
<arguments>
<arg>\${webhook_url}</arg>
<arg>${webhook_url}</arg>
</arguments>
<msg timestamp="20210709 15:14:12.971" level="INFO">${webhook_url} = https://webhook.mykiot.vn</msg>
<status status="PASS" starttime="20210709 15:14:12.971" endtime="20210709 15:14:12.971"></status>
</kw>
<kw name="Set Global Variable" library="BuiltIn">
<doc>Makes a variable available globally in all tests and suites.</doc>
<arguments>
<arg>\${provider_id}</arg>
<arg>${provider_id}</arg>
</arguments>
<msg timestamp="20210709 15:14:12.972" level="INFO">${provider_id} = 107151798064347196088</msg>
<status status="PASS" starttime="20210709 15:14:12.972" endtime="20210709 15:14:12.972"></status>
</kw>
<kw name="Set Global Variable" library="BuiltIn">
<doc>Makes a variable available globally in all tests and suites.</doc>
<arguments>
<arg>\${coreapi_url}</arg>
<arg>${coreapi_url}</arg>
</arguments>
<msg timestamp="20210709 15:14:12.972" level="INFO">${coreapi_url} =  https://api.mykiot.vn/api</msg>
<status status="PASS" starttime="20210709 15:14:12.972" endtime="20210709 15:14:12.972"></status>
</kw>
<status status="PASS" starttime="20210709 15:14:12.938" endtime="20210709 15:14:12.973"></status>
</kw>
<kw name="Get BearerToken from API" library="api_access_kv">
<assign>
<var>${token_value}</var>
<var>${resp.cookies}</var>
</assign>
<kw name="Create Dictionary" library="BuiltIn">
<doc>Creates and returns a dictionary based on the given ``items``.</doc>
<arguments>
<arg>UserName=${user_name}</arg>
<arg>Password=${password}</arg>
</arguments>
<assign>
<var>${credential}</var>
</assign>
<msg timestamp="20210709 15:14:12.973" level="INFO">${credential} = {'UserName': 'admin', 'Password': '123'}</msg>
<status status="PASS" starttime="20210709 15:14:12.973" endtime="20210709 15:14:12.974"></status>
</kw>
<kw name="Create Dictionary" library="BuiltIn">
<doc>Creates and returns a dictionary based on the given ``items``.</doc>
<arguments>
<arg>Content-Type=application/json</arg>
<arg>Retailer=${retailer_code}</arg>
</arguments>
<assign>
<var>${headers1}</var>
</assign>
<msg timestamp="20210709 15:14:12.974" level="INFO">${headers1} = {'Content-Type': 'application/json', 'Retailer': 'testautomykiot'}</msg>
<status status="PASS" starttime="20210709 15:14:12.974" endtime="20210709 15:14:12.974"></status>
</kw>
<kw name="Create Session" library="RequestsLibrary">
<doc>Create Session: create a HTTP session to a server</doc>
<arguments>
<arg>ali</arg>
<arg>${kv_url}</arg>
<arg>headers=${headers1}</arg>
<arg>verify=True</arg>
</arguments>
<msg timestamp="20210709 15:14:13.057" level="INFO">Creating Session using : alias=ali, url=https://testautomykiot.kiotviet.com/, headers={'Content-Type': 'application/json', 'Retailer': 'testautomykiot'},                     cookies={}, auth=None, timeout=None, proxies=None, verify=True,                     debug=0 </msg>
<status status="PASS" starttime="20210709 15:14:12.974" endtime="20210709 15:14:13.058"></status>
</kw>
<kw name="Post Request" library="RequestsLibrary">
<doc>Send a POST request on the session object found using the
given `alias`</doc>
<arguments>
<arg>ali</arg>
<arg>/api/auth/salelogin</arg>
<arg>data=${credential}</arg>
</arguments>
<assign>
<var>${resp}</var>
</assign>
<msg timestamp="20210709 15:14:14.174" level="INFO">POST Request : url=https://testautomykiot.kiotviet.com//api/auth/salelogin 
 path_url=//api/auth/salelogin 
 headers={'User-Agent': 'python-requests/2.20.1', 'Accept-Encoding': 'gzip, deflate', 'Accept': '*/*', 'Connection': 'keep-alive', 'Content-Type': 'application/json', 'Retailer': 'testautomykiot', 'Content-Length': '40'} 
 body={"UserName": "admin", "Password": "123"} 
 </msg>
<msg timestamp="20210709 15:14:14.174" level="INFO">POST Response : url=https://testautomykiot.kiotviet.com//api/auth/salelogin 
 status=200, reason=OK 
 body={"UserId":16799,"UserName":"admin","SessionId":"0P2OV4URI5aBv8se8XQ6","BearerToken":"eyJ0eXAiOiJKV1QiLCJhbGciOiJSUzI1NiIsImtpZCI6IndYYSJ9.eyJpc3MiOiJrdnNzand0Iiwic3ViIjoxNjc5OSwiaWF0IjoxNjI1ODE4NDUyLCJleHAiOjE2MjgyMzc2NTIsInByZWZlcnJlZF91c2VybmFtZSI6ImFkbWluIiwicm9sZXMiOlsiVXNlciJdLCJrdnNlcyI6IjcyODQ0Yjc0ZjM2YTQxOWI4NWZmZmZjZjgzYjFlY2VkIiwia3Z1aWQiOjE2Nzk5LCJrdmxhbmciOiJ2aS1WTiIsImt2dXR5cGUiOjAsImt2dWxpbWl0IjoiRmFsc2UiLCJrdnVhZG1pbiI6IlRydWUiLCJrdnVhY3QiOiJUcnVlIiwia3Z1bGltaXR0cmFucyI6IkZhbHNlIiwia3Z1c2hvd3N1bSI6IlRydWUiLCJrdmJpZCI6OTExMywia3ZyaW5kaWQiOjksImt2cmNvZGUiOiJ0ZXN0YXV0b215a2lvdCIsImt2cmlkIjo3MzcyODAsImt2dXJpZCI6NzM3MjgwLCJrdnJnaWQiOjI2LCJwZXJtcyI6IiJ9.T6TA8lX8LJUeC8FJtmD7W2dC9RB1QwaukTlSDerk22q0Vac3NCr4CDc3u-4dw0otYkoWajNM_RU-CcHA7mCO-H-wjBgh12Zuy98ymLcDIe2ph2I4gFQBXU8ZwdJaKRsJn-I1ZHZrquv0cD1lOBCw54dzBZ0fAu0KrIO4XumRLRrA1T9OoRGeZ7sZyxuUAXmih1sc3ncpkvkJgsvzukGHvFBajF5wNltjFvOIEaQaaZl3UF-JRcMygRpbAya5mr7alE5qhw0SjxrWyfQGVjJliVH7bca7VexhgYCgK8S6Q7aDT_vMYk6yeoixT2FL5UjG3g2LZPWtX5gSGtcLdeMm7g","CurrentBranchId":9113,"IsShowNotificationPopupDr":true,"IsOTPVerifcationRequired":false} 
 </msg>
<msg timestamp="20210709 15:14:14.174" level="INFO">${resp} = &lt;Response [200]&gt;</msg>
<status status="PASS" starttime="20210709 15:14:13.058" endtime="20210709 15:14:14.174"></status>
</kw>
<kw name="Should Be Equal As Strings" library="BuiltIn">
<doc>Fails if objects are unequal after converting them to strings.</doc>
<arguments>
<arg>${resp.status_code}</arg>
<arg>200</arg>
</arguments>
<msg timestamp="20210709 15:14:14.175" level="INFO">Argument types are:
&lt;class 'int'&gt;
&lt;type 'unicode'&gt;</msg>
<status status="PASS" starttime="20210709 15:14:14.175" endtime="20210709 15:14:14.176"></status>
</kw>
<kw name="Log" library="BuiltIn">
<doc>Logs the given message with the given level.</doc>
<arguments>
<arg>${resp.json()}</arg>
</arguments>
<msg timestamp="20210709 15:14:14.176" level="INFO">{'UserId': 16799, 'UserName': 'admin', 'SessionId': '0P2OV4URI5aBv8se8XQ6', 'BearerToken': 'eyJ0eXAiOiJKV1QiLCJhbGciOiJSUzI1NiIsImtpZCI6IndYYSJ9.eyJpc3MiOiJrdnNzand0Iiwic3ViIjoxNjc5OSwiaWF0IjoxNjI1ODE4NDUyLCJleHAiOjE2MjgyMzc2NTIsInByZWZlcnJlZF91c2VybmFtZSI6ImFkbWluIiwicm9sZXMiOlsiVXNlciJdLCJrdnNlcyI6IjcyODQ0Yjc0ZjM2YTQxOWI4NWZmZmZjZjgzYjFlY2VkIiwia3Z1aWQiOjE2Nzk5LCJrdmxhbmciOiJ2aS1WTiIsImt2dXR5cGUiOjAsImt2dWxpbWl0IjoiRmFsc2UiLCJrdnVhZG1pbiI6IlRydWUiLCJrdnVhY3QiOiJUcnVlIiwia3Z1bGltaXR0cmFucyI6IkZhbHNlIiwia3Z1c2hvd3N1bSI6IlRydWUiLCJrdmJpZCI6OTExMywia3ZyaW5kaWQiOjksImt2cmNvZGUiOiJ0ZXN0YXV0b215a2lvdCIsImt2cmlkIjo3MzcyODAsImt2dXJpZCI6NzM3MjgwLCJrdnJnaWQiOjI2LCJwZXJtcyI6IiJ9.T6TA8lX8LJUeC8FJtmD7W2dC9RB1QwaukTlSDerk22q0Vac3NCr4CDc3u-4dw0otYkoWajNM_RU-CcHA7mCO-H-wjBgh12Zuy98ymLcDIe2ph2I4gFQBXU8ZwdJaKRsJn-I1ZHZrquv0cD1lOBCw54dzBZ0fAu0KrIO4XumRLRrA1T9OoRGeZ7sZyxuUAXmih1sc3ncpkvkJgsvzukGHvFBajF5wNltjFvOIEaQaaZl3UF-JRcMygRpbAya5mr7alE5qhw0SjxrWyfQGVjJliVH7bca7VexhgYCgK8S6Q7aDT_vMYk6yeoixT2FL5UjG3g2LZPWtX5gSGtcLdeMm7g', 'CurrentBranchId': 9113, 'IsShowNotificationPopupDr': True, 'IsOTPVerifcationRequired': False}</msg>
<status status="PASS" starttime="20210709 15:14:14.176" endtime="20210709 15:14:14.177"></status>
</kw>
<kw name="Log" library="BuiltIn">
<doc>Logs the given message with the given level.</doc>
<arguments>
<arg>${resp.cookies}</arg>
</arguments>
<msg timestamp="20210709 15:14:14.178" level="INFO">&lt;RequestsCookieJar[&lt;Cookie LatestBranch_737280_16799=9113 for testautomykiot.kiotviet.com/&gt;, &lt;Cookie Retailer=testautomykiot for testautomykiot.kiotviet.com/&gt;, &lt;Cookie l_737280_16799=vi-VN for testautomykiot.kiotviet.com/&gt;, &lt;Cookie newfnb=0 for testautomykiot.kiotviet.com/&gt;, &lt;Cookie ss-id=0P2OV4URI5aBv8se8XQ6 for testautomykiot.kiotviet.com/&gt;, &lt;Cookie ss-opt=temp for testautomykiot.kiotviet.com/&gt;, &lt;Cookie ss-pid=6jZgPfdChfFBpGwlzl5r for testautomykiot.kiotviet.com/&gt;, &lt;Cookie ss-tok=eyJ0eXAiOiJKV1QiLCJhbGciOiJSUzI1NiIsImtpZCI6IndYYSJ9.eyJpc3MiOiJrdnNzand0Iiwic3ViIjoxNjc5OSwiaWF0IjoxNjI1ODE4NDUyLCJleHAiOjE2MjgyMzc2NTIsInByZWZlcnJlZF91c2VybmFtZSI6ImFkbWluIiwicm9sZXMiOlsiVXNlciJdLCJrdnNlcyI6IjcyODQ0Yjc0ZjM2YTQxOWI4NWZmZmZjZjgzYjFlY2VkIiwia3Z1aWQiOjE2Nzk5LCJrdmxhbmciOiJ2aS1WTiIsImt2dXR5cGUiOjAsImt2dWxpbWl0IjoiRmFsc2UiLCJrdnVhZG1pbiI6IlRydWUiLCJrdnVhY3QiOiJUcnVlIiwia3Z1bGltaXR0cmFucyI6IkZhbHNlIiwia3Z1c2hvd3N1bSI6IlRydWUiLCJrdmJpZCI6OTExMywia3ZyaW5kaWQiOjksImt2cmNvZGUiOiJ0ZXN0YXV0b215a2lvdCIsImt2cmlkIjo3MzcyODAsImt2dXJpZCI6NzM3MjgwLCJrdnJnaWQiOjI2LCJwZXJtcyI6IiJ9.T6TA8lX8LJUeC8FJtmD7W2dC9RB1QwaukTlSDerk22q0Vac3NCr4CDc3u-4dw0otYkoWajNM_RU-CcHA7mCO-H-wjBgh12Zuy98ymLcDIe2ph2I4gFQBXU8ZwdJaKRsJn-I1ZHZrquv0cD1lOBCw54dzBZ0fAu0KrIO4XumRLRrA1T9OoRGeZ7sZyxuUAXmih1sc3ncpkvkJgsvzukGHvFBajF5wNltjFvOIEaQaaZl3UF-JRcMygRpbAya5mr7alE5qhw0SjxrWyfQGVjJliVH7bca7VexhgYCgK8S6Q7aDT_vMYk6yeoixT2FL5UjG3g2LZPWtX5gSGtcLdeMm7g for testautomykiot.kiotviet.com/&gt;]&gt;</msg>
<status status="PASS" starttime="20210709 15:14:14.177" endtime="20210709 15:14:14.178"></status>
</kw>
<kw name="Get Value From Json" library="JSONLibrary">
<doc>Get Value From JSON using JSONPath</doc>
<arguments>
<arg>${resp.json()}</arg>
<arg>$..BearerToken</arg>
</arguments>
<assign>
<var>${bearertoken}</var>
</assign>
<msg timestamp="20210709 15:14:14.229" level="INFO">${bearertoken} = ['eyJ0eXAiOiJKV1QiLCJhbGciOiJSUzI1NiIsImtpZCI6IndYYSJ9.eyJpc3MiOiJrdnNzand0Iiwic3ViIjoxNjc5OSwiaWF0IjoxNjI1ODE4NDUyLCJleHAiOjE2MjgyMzc2NTIsInByZWZlcnJlZF91c2VybmFtZSI6ImFkbWluIiwicm9sZXMiOlsiVXNlciJdL...</msg>
<status status="PASS" starttime="20210709 15:14:14.178" endtime="20210709 15:14:14.230"></status>
</kw>
<kw name="Log" library="BuiltIn">
<doc>Logs the given message with the given level.</doc>
<arguments>
<arg>${bearertoken}</arg>
</arguments>
<msg timestamp="20210709 15:14:14.231" level="INFO">['eyJ0eXAiOiJKV1QiLCJhbGciOiJSUzI1NiIsImtpZCI6IndYYSJ9.eyJpc3MiOiJrdnNzand0Iiwic3ViIjoxNjc5OSwiaWF0IjoxNjI1ODE4NDUyLCJleHAiOjE2MjgyMzc2NTIsInByZWZlcnJlZF91c2VybmFtZSI6ImFkbWluIiwicm9sZXMiOlsiVXNlciJdLCJrdnNlcyI6IjcyODQ0Yjc0ZjM2YTQxOWI4NWZmZmZjZjgzYjFlY2VkIiwia3Z1aWQiOjE2Nzk5LCJrdmxhbmciOiJ2aS1WTiIsImt2dXR5cGUiOjAsImt2dWxpbWl0IjoiRmFsc2UiLCJrdnVhZG1pbiI6IlRydWUiLCJrdnVhY3QiOiJUcnVlIiwia3Z1bGltaXR0cmFucyI6IkZhbHNlIiwia3Z1c2hvd3N1bSI6IlRydWUiLCJrdmJpZCI6OTExMywia3ZyaW5kaWQiOjksImt2cmNvZGUiOiJ0ZXN0YXV0b215a2lvdCIsImt2cmlkIjo3MzcyODAsImt2dXJpZCI6NzM3MjgwLCJrdnJnaWQiOjI2LCJwZXJtcyI6IiJ9.T6TA8lX8LJUeC8FJtmD7W2dC9RB1QwaukTlSDerk22q0Vac3NCr4CDc3u-4dw0otYkoWajNM_RU-CcHA7mCO-H-wjBgh12Zuy98ymLcDIe2ph2I4gFQBXU8ZwdJaKRsJn-I1ZHZrquv0cD1lOBCw54dzBZ0fAu0KrIO4XumRLRrA1T9OoRGeZ7sZyxuUAXmih1sc3ncpkvkJgsvzukGHvFBajF5wNltjFvOIEaQaaZl3UF-JRcMygRpbAya5mr7alE5qhw0SjxrWyfQGVjJliVH7bca7VexhgYCgK8S6Q7aDT_vMYk6yeoixT2FL5UjG3g2LZPWtX5gSGtcLdeMm7g']</msg>
<status status="PASS" starttime="20210709 15:14:14.230" endtime="20210709 15:14:14.231"></status>
</kw>
<kw name="Evaluate" library="BuiltIn">
<doc>Evaluates the given expression in Python and returns the result.</doc>
<arguments>
<arg>$bearertoken[0] if $bearertoken else 0</arg>
<arg>modules=random, sys</arg>
</arguments>
<assign>
<var>${bearertoken}</var>
</assign>
<msg timestamp="20210709 15:14:14.248" level="INFO">${bearertoken} = eyJ0eXAiOiJKV1QiLCJhbGciOiJSUzI1NiIsImtpZCI6IndYYSJ9.eyJpc3MiOiJrdnNzand0Iiwic3ViIjoxNjc5OSwiaWF0IjoxNjI1ODE4NDUyLCJleHAiOjE2MjgyMzc2NTIsInByZWZlcnJlZF91c2VybmFtZSI6ImFkbWluIiwicm9sZXMiOlsiVXNlciJdLCJ...</msg>
<status status="PASS" starttime="20210709 15:14:14.231" endtime="20210709 15:14:14.248"></status>
</kw>
<kw name="Catenate" library="BuiltIn">
<doc>Catenates the given items together and returns the resulted string.</doc>
<arguments>
<arg>Bearer</arg>
<arg>${bearertoken}</arg>
</arguments>
<assign>
<var>${bearertoken}</var>
</assign>
<msg timestamp="20210709 15:14:14.249" level="INFO">${bearertoken} = Bearer eyJ0eXAiOiJKV1QiLCJhbGciOiJSUzI1NiIsImtpZCI6IndYYSJ9.eyJpc3MiOiJrdnNzand0Iiwic3ViIjoxNjc5OSwiaWF0IjoxNjI1ODE4NDUyLCJleHAiOjE2MjgyMzc2NTIsInByZWZlcnJlZF91c2VybmFtZSI6ImFkbWluIiwicm9sZXMiOlsiVXNl...</msg>
<status status="PASS" starttime="20210709 15:14:14.248" endtime="20210709 15:14:14.249"></status>
</kw>
<kw name="Log" library="BuiltIn">
<doc>Logs the given message with the given level.</doc>
<arguments>
<arg>${bearertoken}</arg>
</arguments>
<msg timestamp="20210709 15:14:14.250" level="INFO">Bearer eyJ0eXAiOiJKV1QiLCJhbGciOiJSUzI1NiIsImtpZCI6IndYYSJ9.eyJpc3MiOiJrdnNzand0Iiwic3ViIjoxNjc5OSwiaWF0IjoxNjI1ODE4NDUyLCJleHAiOjE2MjgyMzc2NTIsInByZWZlcnJlZF91c2VybmFtZSI6ImFkbWluIiwicm9sZXMiOlsiVXNlciJdLCJrdnNlcyI6IjcyODQ0Yjc0ZjM2YTQxOWI4NWZmZmZjZjgzYjFlY2VkIiwia3Z1aWQiOjE2Nzk5LCJrdmxhbmciOiJ2aS1WTiIsImt2dXR5cGUiOjAsImt2dWxpbWl0IjoiRmFsc2UiLCJrdnVhZG1pbiI6IlRydWUiLCJrdnVhY3QiOiJUcnVlIiwia3Z1bGltaXR0cmFucyI6IkZhbHNlIiwia3Z1c2hvd3N1bSI6IlRydWUiLCJrdmJpZCI6OTExMywia3ZyaW5kaWQiOjksImt2cmNvZGUiOiJ0ZXN0YXV0b215a2lvdCIsImt2cmlkIjo3MzcyODAsImt2dXJpZCI6NzM3MjgwLCJrdnJnaWQiOjI2LCJwZXJtcyI6IiJ9.T6TA8lX8LJUeC8FJtmD7W2dC9RB1QwaukTlSDerk22q0Vac3NCr4CDc3u-4dw0otYkoWajNM_RU-CcHA7mCO-H-wjBgh12Zuy98ymLcDIe2ph2I4gFQBXU8ZwdJaKRsJn-I1ZHZrquv0cD1lOBCw54dzBZ0fAu0KrIO4XumRLRrA1T9OoRGeZ7sZyxuUAXmih1sc3ncpkvkJgsvzukGHvFBajF5wNltjFvOIEaQaaZl3UF-JRcMygRpbAya5mr7alE5qhw0SjxrWyfQGVjJliVH7bca7VexhgYCgK8S6Q7aDT_vMYk6yeoixT2FL5UjG3g2LZPWtX5gSGtcLdeMm7g</msg>
<status status="PASS" starttime="20210709 15:14:14.249" endtime="20210709 15:14:14.250"></status>
</kw>
<kw name="Return From Keyword" library="BuiltIn">
<doc>Returns from the enclosing user keyword.</doc>
<arguments>
<arg>${bearertoken}</arg>
<arg>${resp.cookies}</arg>
</arguments>
<msg timestamp="20210709 15:14:14.250" level="INFO">Returning from the enclosing user keyword.</msg>
<status status="PASS" starttime="20210709 15:14:14.250" endtime="20210709 15:14:14.250"></status>
</kw>
<msg timestamp="20210709 15:14:14.250" level="INFO">${token_value} = Bearer eyJ0eXAiOiJKV1QiLCJhbGciOiJSUzI1NiIsImtpZCI6IndYYSJ9.eyJpc3MiOiJrdnNzand0Iiwic3ViIjoxNjc5OSwiaWF0IjoxNjI1ODE4NDUyLCJleHAiOjE2MjgyMzc2NTIsInByZWZlcnJlZF91c2VybmFtZSI6ImFkbWluIiwicm9sZXMiOlsiVXNl...</msg>
<msg timestamp="20210709 15:14:14.252" level="INFO">${resp.cookies} = &lt;RequestsCookieJar[&lt;Cookie LatestBranch_737280_16799=9113 for testautomykiot.kiotviet.com/&gt;, &lt;Cookie Retailer=testautomykiot for testautomykiot.kiotviet.com/&gt;, &lt;Cookie l_737280_16799=vi-VN for testaut...</msg>
<timeout value="5 minutes"></timeout>
<status status="PASS" starttime="20210709 15:14:12.973" endtime="20210709 15:14:14.252"></status>
</kw>
<kw name="Set Global Variable" library="BuiltIn">
<doc>Makes a variable available globally in all tests and suites.</doc>
<arguments>
<arg>\${bearertoken}</arg>
<arg>${token_value}</arg>
</arguments>
<msg timestamp="20210709 15:14:14.253" level="INFO">${bearertoken} = Bearer eyJ0eXAiOiJKV1QiLCJhbGciOiJSUzI1NiIsImtpZCI6IndYYSJ9.eyJpc3MiOiJrdnNzand0Iiwic3ViIjoxNjc5OSwiaWF0IjoxNjI1ODE4NDUyLCJleHAiOjE2MjgyMzc2NTIsInByZWZlcnJlZF91c2VybmFtZSI6ImFkbWluIiwicm9sZXMiOlsiVXNl...</msg>
<status status="PASS" starttime="20210709 15:14:14.252" endtime="20210709 15:14:14.253"></status>
</kw>
<kw name="Set Global Variable" library="BuiltIn">
<doc>Makes a variable available globally in all tests and suites.</doc>
<arguments>
<arg>\${resp.cookies}</arg>
<arg>${resp.cookies}</arg>
</arguments>
<msg timestamp="20210709 15:14:14.254" level="INFO">${resp.cookies} = &lt;RequestsCookieJar[&lt;Cookie LatestBranch_737280_16799=9113 for testautomykiot.kiotviet.com/&gt;, &lt;Cookie Retailer=testautomykiot for testautomykiot.kiotviet.com/&gt;, &lt;Cookie l_737280_16799=vi-VN for testaut...</msg>
<status status="PASS" starttime="20210709 15:14:14.253" endtime="20210709 15:14:14.254"></status>
</kw>
<kw name="Login customer get token from api" library="api_core_customer">
<arguments>
<arg>${retailer_id}</arg>
</arguments>
<assign>
<var>${token_value1}</var>
</assign>
<kw name="Create Dictionary" library="BuiltIn">
<doc>Creates and returns a dictionary based on the given ``items``.</doc>
<arguments>
<arg>store-id=${retailer_id}</arg>
<arg>Content-Type=application/x-www-form-urlencoded</arg>
</arguments>
<assign>
<var>${heades1}</var>
</assign>
<msg timestamp="20210709 15:14:14.255" level="INFO">${heades1} = {'store-id': '737280', 'Content-Type': 'application/x-www-form-urlencoded'}</msg>
<status status="PASS" starttime="20210709 15:14:14.255" endtime="20210709 15:14:14.255"></status>
</kw>
<kw name="Create Dictionary" library="BuiltIn">
<doc>Creates and returns a dictionary based on the given ``items``.</doc>
<arguments>
<arg>id=${provider_id}</arg>
<arg>provider=google</arg>
<arg>name=Automation Test</arg>
<arg>email=${google_account}</arg>
</arguments>
<assign>
<var>${data}</var>
</assign>
<msg timestamp="20210709 15:14:14.256" level="INFO">${data} = {'id': '107151798064347196088', 'provider': 'google', 'name': 'Automation Test', 'email': 'testautomation113@gmail.com'}</msg>
<status status="PASS" starttime="20210709 15:14:14.255" endtime="20210709 15:14:14.256"></status>
</kw>
<kw name="Create Session" library="RequestsLibrary">
<doc>Create Session: create a HTTP session to a server</doc>
<arguments>
<arg>lolo</arg>
<arg>${coreapi_url}</arg>
</arguments>
<msg timestamp="20210709 15:14:14.256" level="INFO">Creating Session using : alias=lolo, url= https://api.mykiot.vn/api, headers={},                     cookies={}, auth=None, timeout=None, proxies=None, verify=False,                     debug=0 </msg>
<status status="PASS" starttime="20210709 15:14:14.256" endtime="20210709 15:14:14.256"></status>
</kw>
<kw name="Post Request" library="RequestsLibrary">
<doc>Send a POST request on the session object found using the
given `alias`</doc>
<arguments>
<arg>lolo</arg>
<arg>v1/customers</arg>
<arg>headers=${heades1}</arg>
<arg>data=${data}</arg>
</arguments>
<assign>
<var>${resp1}</var>
</assign>
<msg timestamp="20210709 15:14:14.504" level="INFO">POST Request : url=https://api.mykiot.vn/api/v1/customers 
 path_url=/api/v1/customers 
 headers={'User-Agent': 'python-requests/2.20.1', 'Accept-Encoding': 'gzip, deflate', 'Accept': '*/*', 'Connection': 'keep-alive', 'store-id': '737280', 'Content-Type': 'application/x-www-form-urlencoded', 'Content-Length': '97'} 
 body=id=107151798064347196088&amp;provider=google&amp;name=Automation+Test&amp;email=testautomation113%40gmail.com 
 </msg>
<msg timestamp="20210709 15:14:14.505" level="INFO">POST Response : url=https://api.mykiot.vn/api/v1/customers 
 status=200, reason=OK 
 body={"code":1,"status":"success","message":"Th\u00e0nh c\u00f4ng","data":"eyJ0eXAiOiJKV1QiLCJhbGciOiJIUzI1NiJ9.eyJpc3MiOiJodHRwOi8vYXBpLm15a2lvdC52bi9hcGkvdjEvY3VzdG9tZXJzIiwiaWF0IjoxNjI1ODE4NDU0LCJleHAiOjE2MjU5MDQ4NTQsIm5iZiI6MTYyNTgxODQ1NCwianRpIjoiR01keVc2eVhhdzNWYjV4TSIsInN1YiI6ODU2MiwicHJ2IjoiMWQwYTAyMGFjZjVjNGI2YzQ5Nzk4OWRmMWFiZjBmYmQ0ZThjOGQ2MyJ9.EHbdvJ_ALg3oBeq4nRKaFHFuItKKHvAxHQ0SLC2Vu3E"} 
 </msg>
<msg timestamp="20210709 15:14:14.505" level="INFO">c:\users\quannt\appdata\local\programs\python\python37\lib\site-packages\urllib3\connectionpool.py:852: InsecureRequestWarning: Unverified HTTPS request is being made. Adding certificate verification is strongly advised. See: https://urllib3.readthedocs.io/en/latest/advanced-usage.html#ssl-warnings
  InsecureRequestWarning)</msg>
<msg timestamp="20210709 15:14:14.514" level="INFO">${resp1} = &lt;Response [200]&gt;</msg>
<status status="PASS" starttime="20210709 15:14:14.256" endtime="20210709 15:14:14.515"></status>
</kw>
<kw name="Log" library="BuiltIn">
<doc>Logs the given message with the given level.</doc>
<arguments>
<arg>${resp1.json()}</arg>
</arguments>
<msg timestamp="20210709 15:14:14.515" level="INFO">{'code': 1, 'status': 'success', 'message': 'Thành công', 'data': 'eyJ0eXAiOiJKV1QiLCJhbGciOiJIUzI1NiJ9.eyJpc3MiOiJodHRwOi8vYXBpLm15a2lvdC52bi9hcGkvdjEvY3VzdG9tZXJzIiwiaWF0IjoxNjI1ODE4NDU0LCJleHAiOjE2MjU5MDQ4NTQsIm5iZiI6MTYyNTgxODQ1NCwianRpIjoiR01keVc2eVhhdzNWYjV4TSIsInN1YiI6ODU2MiwicHJ2IjoiMWQwYTAyMGFjZjVjNGI2YzQ5Nzk4OWRmMWFiZjBmYmQ0ZThjOGQ2MyJ9.EHbdvJ_ALg3oBeq4nRKaFHFuItKKHvAxHQ0SLC2Vu3E'}</msg>
<status status="PASS" starttime="20210709 15:14:14.515" endtime="20210709 15:14:14.515"></status>
</kw>
<kw name="Get Value From Json" library="JSONLibrary">
<doc>Get Value From JSON using JSONPath</doc>
<arguments>
<arg>${resp1.json()}</arg>
<arg>$..data</arg>
</arguments>
<assign>
<var>${token}</var>
</assign>
<msg timestamp="20210709 15:14:14.542" level="INFO">${token} = ['eyJ0eXAiOiJKV1QiLCJhbGciOiJIUzI1NiJ9.eyJpc3MiOiJodHRwOi8vYXBpLm15a2lvdC52bi9hcGkvdjEvY3VzdG9tZXJzIiwiaWF0IjoxNjI1ODE4NDU0LCJleHAiOjE2MjU5MDQ4NTQsIm5iZiI6MTYyNTgxODQ1NCwianRpIjoiR01keVc2eVhhdzNWYjV4T...</msg>
<status status="PASS" starttime="20210709 15:14:14.516" endtime="20210709 15:14:14.542"></status>
</kw>
<kw name="Evaluate" library="BuiltIn">
<doc>Evaluates the given expression in Python and returns the result.</doc>
<arguments>
<arg>$token[0] if $token else 0</arg>
<arg>modules=random, sys</arg>
</arguments>
<assign>
<var>${token}</var>
</assign>
<msg timestamp="20210709 15:14:14.543" level="INFO">${token} = eyJ0eXAiOiJKV1QiLCJhbGciOiJIUzI1NiJ9.eyJpc3MiOiJodHRwOi8vYXBpLm15a2lvdC52bi9hcGkvdjEvY3VzdG9tZXJzIiwiaWF0IjoxNjI1ODE4NDU0LCJleHAiOjE2MjU5MDQ4NTQsIm5iZiI6MTYyNTgxODQ1NCwianRpIjoiR01keVc2eVhhdzNWYjV4TSI...</msg>
<status status="PASS" starttime="20210709 15:14:14.542" endtime="20210709 15:14:14.543"></status>
</kw>
<kw name="Catenate" library="BuiltIn">
<doc>Catenates the given items together and returns the resulted string.</doc>
<arguments>
<arg>Bearer</arg>
<arg>${token}</arg>
</arguments>
<assign>
<var>${token}</var>
</assign>
<msg timestamp="20210709 15:14:14.544" level="INFO">${token} = Bearer eyJ0eXAiOiJKV1QiLCJhbGciOiJIUzI1NiJ9.eyJpc3MiOiJodHRwOi8vYXBpLm15a2lvdC52bi9hcGkvdjEvY3VzdG9tZXJzIiwiaWF0IjoxNjI1ODE4NDU0LCJleHAiOjE2MjU5MDQ4NTQsIm5iZiI6MTYyNTgxODQ1NCwianRpIjoiR01keVc2eVhhdzNW...</msg>
<status status="PASS" starttime="20210709 15:14:14.543" endtime="20210709 15:14:14.544"></status>
</kw>
<kw name="Log" library="BuiltIn">
<doc>Logs the given message with the given level.</doc>
<arguments>
<arg>${token}</arg>
</arguments>
<msg timestamp="20210709 15:14:14.544" level="INFO">Bearer eyJ0eXAiOiJKV1QiLCJhbGciOiJIUzI1NiJ9.eyJpc3MiOiJodHRwOi8vYXBpLm15a2lvdC52bi9hcGkvdjEvY3VzdG9tZXJzIiwiaWF0IjoxNjI1ODE4NDU0LCJleHAiOjE2MjU5MDQ4NTQsIm5iZiI6MTYyNTgxODQ1NCwianRpIjoiR01keVc2eVhhdzNWYjV4TSIsInN1YiI6ODU2MiwicHJ2IjoiMWQwYTAyMGFjZjVjNGI2YzQ5Nzk4OWRmMWFiZjBmYmQ0ZThjOGQ2MyJ9.EHbdvJ_ALg3oBeq4nRKaFHFuItKKHvAxHQ0SLC2Vu3E</msg>
<status status="PASS" starttime="20210709 15:14:14.544" endtime="20210709 15:14:14.545"></status>
</kw>
<kw name="Should Be Equal As Strings" library="BuiltIn">
<doc>Fails if objects are unequal after converting them to strings.</doc>
<arguments>
<arg>${resp1.status_code}</arg>
<arg>200</arg>
</arguments>
<msg timestamp="20210709 15:14:14.546" level="INFO">Argument types are:
&lt;class 'int'&gt;
&lt;type 'unicode'&gt;</msg>
<status status="PASS" starttime="20210709 15:14:14.545" endtime="20210709 15:14:14.546"></status>
</kw>
<kw name="Return From Keyword" library="BuiltIn">
<doc>Returns from the enclosing user keyword.</doc>
<arguments>
<arg>${token}</arg>
</arguments>
<msg timestamp="20210709 15:14:14.547" level="INFO">Returning from the enclosing user keyword.</msg>
<status status="PASS" starttime="20210709 15:14:14.547" endtime="20210709 15:14:14.547"></status>
</kw>
<msg timestamp="20210709 15:14:14.549" level="INFO">${token_value1} = Bearer eyJ0eXAiOiJKV1QiLCJhbGciOiJIUzI1NiJ9.eyJpc3MiOiJodHRwOi8vYXBpLm15a2lvdC52bi9hcGkvdjEvY3VzdG9tZXJzIiwiaWF0IjoxNjI1ODE4NDU0LCJleHAiOjE2MjU5MDQ4NTQsIm5iZiI6MTYyNTgxODQ1NCwianRpIjoiR01keVc2eVhhdzNW...</msg>
<status status="PASS" starttime="20210709 15:14:14.254" endtime="20210709 15:14:14.549"></status>
</kw>
<kw name="Set Global Variable" library="BuiltIn">
<doc>Makes a variable available globally in all tests and suites.</doc>
<arguments>
<arg>\${mykiot_token}</arg>
<arg>${token_value1}</arg>
</arguments>
<msg timestamp="20210709 15:14:14.550" level="INFO">${mykiot_token} = Bearer eyJ0eXAiOiJKV1QiLCJhbGciOiJIUzI1NiJ9.eyJpc3MiOiJodHRwOi8vYXBpLm15a2lvdC52bi9hcGkvdjEvY3VzdG9tZXJzIiwiaWF0IjoxNjI1ODE4NDU0LCJleHAiOjE2MjU5MDQ4NTQsIm5iZiI6MTYyNTgxODQ1NCwianRpIjoiR01keVc2eVhhdzNW...</msg>
<status status="PASS" starttime="20210709 15:14:14.550" endtime="20210709 15:14:14.551"></status>
</kw>
<kw name="Append To Environment Variable" library="OperatingSystem">
<doc>Appends given ``values`` to environment variable ``name``.</doc>
<arguments>
<arg>PATH</arg>
<arg>${EXECDIR}${/}Drivers</arg>
</arguments>
<msg timestamp="20210709 15:14:14.551" level="INFO">Environment variable 'PATH' set to value 'c:\users\quannt\appdata\local\programs\python\python37\lib\site-packages\pywin32_system32;C:\Program Files (x86)\Common Files\Oracle\Java\javapath;C:\WINDOWS\system32;C:\WINDOWS;C:\WINDOWS\System32\Wbem;C:\WINDOWS\System32\WindowsPowerShell\v1.0\;C:\WINDOWS\System32\OpenSSH\;C:\Program Files\Git\cmd;C:\Users\quannt\AppData\Local\Programs\Python\Python37\Scripts;C:\Users\quannt\PycharmProjects\Automationpython\venv\Scripts;C:\Program Files\Java\jdk1.8.0_211;C:\Users\quannt\AppData\Local\Programs\Python\Python37\Scripts\;C:\Users\quannt\AppData\Local\Programs\Python\Python37\;C:\Users\quannt\AppData\Local\Microsoft\WindowsApps;C:\Users\quannt\AppData\Local\GitHubDesktop\bin;;C:\Users\quannt\Documents\GitHub\Mykiot\Testsuites\Drivers'.</msg>
<status status="PASS" starttime="20210709 15:14:14.551" endtime="20210709 15:14:14.551"></status>
</kw>
<kw name="Set Screenshot Directory" library="SeleniumLibrary">
<doc>Sets the directory for captured screenshots.</doc>
<arguments>
<arg>${EXECDIR}${/}Out${/}Failures</arg>
</arguments>
<status status="PASS" starttime="20210709 15:14:14.551" endtime="20210709 15:14:14.552"></status>
</kw>
<kw name="Set Selenium Implicit Wait" library="SeleniumLibrary">
<doc>Sets the implicit wait value used by Selenium.</doc>
<arguments>
<arg>30s</arg>
</arguments>
<status status="PASS" starttime="20210709 15:14:14.552" endtime="20210709 15:14:14.552"></status>
</kw>
<kw name="Set Selenium Speed" library="SeleniumLibrary">
<doc>Sets the delay that is waited after each Selenium command.</doc>
<arguments>
<arg>0.3s</arg>
</arguments>
<status status="PASS" starttime="20210709 15:14:14.552" endtime="20210709 15:14:14.552"></status>
</kw>
<kw name="Log" library="BuiltIn">
<doc>Logs the given message with the given level.</doc>
<arguments>
<arg>${bearertoken}</arg>
</arguments>
<msg timestamp="20210709 15:14:14.553" level="INFO">Bearer eyJ0eXAiOiJKV1QiLCJhbGciOiJSUzI1NiIsImtpZCI6IndYYSJ9.eyJpc3MiOiJrdnNzand0Iiwic3ViIjoxNjc5OSwiaWF0IjoxNjI1ODE4NDUyLCJleHAiOjE2MjgyMzc2NTIsInByZWZlcnJlZF91c2VybmFtZSI6ImFkbWluIiwicm9sZXMiOlsiVXNlciJdLCJrdnNlcyI6IjcyODQ0Yjc0ZjM2YTQxOWI4NWZmZmZjZjgzYjFlY2VkIiwia3Z1aWQiOjE2Nzk5LCJrdmxhbmciOiJ2aS1WTiIsImt2dXR5cGUiOjAsImt2dWxpbWl0IjoiRmFsc2UiLCJrdnVhZG1pbiI6IlRydWUiLCJrdnVhY3QiOiJUcnVlIiwia3Z1bGltaXR0cmFucyI6IkZhbHNlIiwia3Z1c2hvd3N1bSI6IlRydWUiLCJrdmJpZCI6OTExMywia3ZyaW5kaWQiOjksImt2cmNvZGUiOiJ0ZXN0YXV0b215a2lvdCIsImt2cmlkIjo3MzcyODAsImt2dXJpZCI6NzM3MjgwLCJrdnJnaWQiOjI2LCJwZXJtcyI6IiJ9.T6TA8lX8LJUeC8FJtmD7W2dC9RB1QwaukTlSDerk22q0Vac3NCr4CDc3u-4dw0otYkoWajNM_RU-CcHA7mCO-H-wjBgh12Zuy98ymLcDIe2ph2I4gFQBXU8ZwdJaKRsJn-I1ZHZrquv0cD1lOBCw54dzBZ0fAu0KrIO4XumRLRrA1T9OoRGeZ7sZyxuUAXmih1sc3ncpkvkJgsvzukGHvFBajF5wNltjFvOIEaQaaZl3UF-JRcMygRpbAya5mr7alE5qhw0SjxrWyfQGVjJliVH7bca7VexhgYCgK8S6Q7aDT_vMYk6yeoixT2FL5UjG3g2LZPWtX5gSGtcLdeMm7g</msg>
<status status="PASS" starttime="20210709 15:14:14.552" endtime="20210709 15:14:14.553"></status>
</kw>
<kw name="Log" library="BuiltIn">
<doc>Logs the given message with the given level.</doc>
<arguments>
<arg>${mykiot_token}</arg>
</arguments>
<msg timestamp="20210709 15:14:14.553" level="INFO">Bearer eyJ0eXAiOiJKV1QiLCJhbGciOiJIUzI1NiJ9.eyJpc3MiOiJodHRwOi8vYXBpLm15a2lvdC52bi9hcGkvdjEvY3VzdG9tZXJzIiwiaWF0IjoxNjI1ODE4NDU0LCJleHAiOjE2MjU5MDQ4NTQsIm5iZiI6MTYyNTgxODQ1NCwianRpIjoiR01keVc2eVhhdzNWYjV4TSIsInN1YiI6ODU2MiwicHJ2IjoiMWQwYTAyMGFjZjVjNGI2YzQ5Nzk4OWRmMWFiZjBmYmQ0ZThjOGQ2MyJ9.EHbdvJ_ALg3oBeq4nRKaFHFuItKKHvAxHQ0SLC2Vu3E</msg>
<status status="PASS" starttime="20210709 15:14:14.553" endtime="20210709 15:14:14.553"></status>
</kw>
<status status="PASS" starttime="20210709 15:14:12.938" endtime="20210709 15:14:14.553"></status>
</kw>
<test id="s1-t1" name="TCS003">
<kw name="Get list product category api and check data">
<arguments>
<arg>0. Nhật</arg>
<arg>${retailer_id}</arg>
</arguments>
<kw name="Get data category from api" library="api_core_category">
<arguments>
<arg>${retailer_id}</arg>
</arguments>
<assign>
<var>${data_json}</var>
</assign>
<kw name="Create Dictionary" library="BuiltIn">
<doc>Creates and returns a dictionary based on the given ``items``.</doc>
<arguments>
<arg>store-id=${store-id}</arg>
</arguments>
<assign>
<var>${heades1}</var>
</assign>
<msg timestamp="20210709 15:14:14.567" level="INFO">${heades1} = {'store-id': '737280'}</msg>
<status status="PASS" starttime="20210709 15:14:14.567" endtime="20210709 15:14:14.568"></status>
</kw>
<kw name="Create Session" library="RequestsLibrary">
<doc>Create Session: create a HTTP session to a server</doc>
<arguments>
<arg>lolo</arg>
<arg>${coreapi_url}</arg>
</arguments>
<msg timestamp="20210709 15:14:14.568" level="INFO">Creating Session using : alias=lolo, url= https://api.mykiot.vn/api, headers={},                     cookies={}, auth=None, timeout=None, proxies=None, verify=False,                     debug=0 </msg>
<status status="PASS" starttime="20210709 15:14:14.568" endtime="20210709 15:14:14.568"></status>
</kw>
<kw name="Get Request" library="RequestsLibrary">
<doc>Send a GET request on the session object found using the
given `alias`</doc>
<arguments>
<arg>lolo</arg>
<arg>v1/categories</arg>
<arg>headers=${heades1}</arg>
</arguments>
<assign>
<var>${resp1}</var>
</assign>
<msg timestamp="20210709 15:14:14.738" level="INFO">GET Request : url=https://api.mykiot.vn/api/v1/categories 
 path_url=/api/v1/categories 
 headers={'User-Agent': 'python-requests/2.20.1', 'Accept-Encoding': 'gzip, deflate', 'Accept': '*/*', 'Connection': 'keep-alive', 'store-id': '737280'} 
 body=None 
 </msg>
<msg timestamp="20210709 15:14:14.738" level="INFO">GET Response : url=https://api.mykiot.vn/api/v1/categories 
 status=200, reason=OK 
 body={"code":1,"status":"success","message":"success","data":[{"id":275496,"refer_id":69753,"name":"0. Nh\u1eadt","slug":"0-nhat","image":null,"icon":null,"parent_id":null},{"id":275626,"refer_id":70277,"name":"1MO)MOBILE","slug":"1momobile","image":null,"icon":null,"parent_id":null},{"id":275475,"refer_id":69781,"name":"Baby\/kid","slug":"babykid","image":null,"icon":null,"parent_id":69757},{"id":275476,"refer_id":69766,"name":"Baby\/kid","slug":"babykid","image":null,"icon":null,"parent_id":69754},{"id":275477,"refer_id":69759,"name":"C\u00f4ng ngh\u1ec7 1","slug":"cong-nghe-1","image":null,"icon":null,"parent_id":null},{"id":275478,"refer_id":69774,"name":"H&amp;M","slug":"hm","image":null,"icon":null,"parent_id":69757},{"id":275479,"refer_id":69752,"name":"H\u00e0ng Anh","slug":"hang-anh","image":null,"icon":null,"parent_id":null},{"id":275480,"refer_id":69777,"name":"H\u00e0ng c\u00f4ng ngh\u1ec7","slug":"hang-cong-nghe","image":null,"icon":null,"parent_id":69757},{"id":275481,"refer_id":69760,"name":"H\u00e0ng \u0110\u00e0i Loan","slug":"hang-dai-loan","image":null,"icon":null,"parent_id":null},{"id":275482,"refer_id":69755,"name":"H\u00e0ng H\u00e0n","slug":"hang-han","image":null,"icon":null,"parent_id":null},{"id":275483,"refer_id":69757,"name":"H\u00e0ng M\u1ef9","slug":"hang-my","image":null,"icon":null,"parent_id":null},{"id":275484,"refer_id":69754,"name":"H\u00e0ng Ph\u00e1p","slug":"hang-phap","image":null,"icon":null,"parent_id":null},{"id":275485,"refer_id":69756,"name":"H\u00e0ng Sing","slug":"hang-sing","image":null,"icon":null,"parent_id":null},{"id":275486,"refer_id":69758,"name":"H\u00e0ng \u00dac","slug":"hang-uc","image":null,"icon":null,"parent_id":null},{"id":275487,"refer_id":69776,"name":"health care","slug":"health-care","image":null,"icon":null,"parent_id":69757},{"id":723969,"refer_id":505559,"name":"Hoa","slug":"hoa","image":null,"icon":null,"parent_id":null},{"id":275488,"refer_id":69778,"name":"Ho\u00e1 m\u1ef9 ph\u1ea9m","slug":"hoa-my-pham","image":null,"icon":null,"parent_id":69757},{"id":275489,"refer_id":69768,"name":"H\u00f3a m\u1ef9 ph\u1ea9m","slug":"hoa-my-pham","image":null,"icon":null,"parent_id":69754},{"id":275490,"refer_id":69783,"name":"h\u00f3a m\u1ef9 ph\u1ea9m","slug":"hoa-my-pham","image":null,"icon":null,"parent_id":69760},{"id":275491,"refer_id":69787,"name":"M\u1ef9 ph\u1ea9m","slug":"my-pham","image":null,"icon":null,"parent_id":69760},{"id":275492,"refer_id":69772,"name":"M\u1ef9 ph\u1ea9m","slug":"my-pham","image":null,"icon":null,"parent_id":69757},{"id":275493,"refer_id":69770,"name":"M\u1ef9 ph\u1ea9m","slug":"my-pham","image":null,"icon":null,"parent_id":69755},{"id":275494,"refer_id":69767,"name":"M\u1ef9 ph\u1ea9m","slug":"my-pham","image":null,"icon":null,"parent_id":69754},{"id":275495,"refer_id":69764,"name":"M\u1ef9 ph\u1ea9m","slug":"my-pham","image":null,"icon":null,"parent_id":69753},{"id":275497,"refer_id":69769,"name":"N\u01b0\u1edbc hoa","slug":"nuoc-hoa","image":null,"icon":null,"parent_id":69754},{"id":275498,"refer_id":69780,"name":"N\u01b0\u1edbc hoa","slug":"nuoc-hoa","image":null,"icon":null,"parent_id":69757},{"id":275499,"refer_id":69763,"name":"Ph\u1ea7n Lan","slug":"phan-lan","image":null,"icon":null,"parent_id":null},{"id":724010,"refer_id":505567,"name":"Ph\u1ee5 ki\u1ec7n","slug":"phu-kien","image":null,"icon":null,"parent_id":null},{"id":275500,"refer_id":69785,"name":"skin care","slug":"skin-care","image":null,"icon":null,"parent_id":69760},{"id":579839,"refer_id":477023,"name":"Test nh\u00f3m h\u00e0ng123","slug":"test-nhom-hang123","image":null,"icon":null,"parent_id":null},{"id":275501,"refer_id":69762,"name":"test thu\u1ed9c t\u00ednh","slug":"test-thuoc-tinh","image":null,"icon":null,"parent_id":null},{"id":275502,"refer_id":69761,"name":"Thanh L\u00fd","slug":"thanh-ly","image":null,"icon":null,"parent_id":null},{"id":275503,"refer_id":69765,"name":"Th\u1eddi trang","slug":"thoi-trang","image":null,"icon":null,"parent_id":69753},{"id":275504,"refer_id":69773,"name":"Th\u1eddi trang","slug":"thoi-trang","image":null,"icon":null,"parent_id":69757},{"id":275505,"refer_id":69786,"name":"Th\u1eddi trang","slug":"thoi-trang","image":null,"icon":null,"parent_id":69760},{"id":275506,"refer_id":69784,"name":"Th\u1ef1c ph\u1ea9m","slug":"thuc-pham","image":null,"icon":null,"parent_id":69760},{"id":275507,"refer_id":69779,"name":"th\u1ef1c ph\u1ea9m","slug":"thuc-pham","image":null,"icon":null,"parent_id":69757},{"id":275508,"refer_id":69775,"name":"Th\u1ef1c ph\u1ea9m cho b\u00e9","slug":"thuc-pham-cho-be","image":null,"icon":null,"parent_id":69757},{"id":275509,"refer_id":69782,"name":"Th\u1ef1c ph\u1ea9m ch\u1ee9c n\u0103ng","slug":"thuc-pham-chuc-nang","image":null,"icon":null,"parent_id":69758},{"id":275510,"refer_id":69771,"name":"Th\u1ef1c ph\u1ea9m ch\u1ee9c n\u0103ng","slug":"thuc-pham-chuc-nang","image":null,"icon":null,"parent_id":69757}]} 
 </msg>
<msg timestamp="20210709 15:14:14.739" level="INFO">c:\users\quannt\appdata\local\programs\python\python37\lib\site-packages\urllib3\connectionpool.py:852: InsecureRequestWarning: Unverified HTTPS request is being made. Adding certificate verification is strongly advised. See: https://urllib3.readthedocs.io/en/latest/advanced-usage.html#ssl-warnings
  InsecureRequestWarning)</msg>
<msg timestamp="20210709 15:14:14.739" level="INFO">${resp1} = &lt;Response [200]&gt;</msg>
<status status="PASS" starttime="20210709 15:14:14.569" endtime="20210709 15:14:14.739"></status>
</kw>
<kw name="Log" library="BuiltIn">
<doc>Logs the given message with the given level.</doc>
<arguments>
<arg>${resp1.json()}</arg>
</arguments>
<msg timestamp="20210709 15:14:14.761" level="INFO">{'code': 1, 'status': 'success', 'message': 'success', 'data': [{'id': 275496, 'refer_id': 69753, 'name': '0. Nhật', 'slug': '0-nhat', 'image': None, 'icon': None, 'parent_id': None}, {'id': 275626, 'refer_id': 70277, 'name': '1MO)MOBILE', 'slug': '1momobile', 'image': None, 'icon': None, 'parent_id': None}, {'id': 275475, 'refer_id': 69781, 'name': 'Baby/kid', 'slug': 'babykid', 'image': None, 'icon': None, 'parent_id': 69757}, {'id': 275476, 'refer_id': 69766, 'name': 'Baby/kid', 'slug': 'babykid', 'image': None, 'icon': None, 'parent_id': 69754}, {'id': 275477, 'refer_id': 69759, 'name': 'Công nghệ 1', 'slug': 'cong-nghe-1', 'image': None, 'icon': None, 'parent_id': None}, {'id': 275478, 'refer_id': 69774, 'name': 'H&amp;M', 'slug': 'hm', 'image': None, 'icon': None, 'parent_id': 69757}, {'id': 275479, 'refer_id': 69752, 'name': 'Hàng Anh', 'slug': 'hang-anh', 'image': None, 'icon': None, 'parent_id': None}, {'id': 275480, 'refer_id': 69777, 'name': 'Hàng công nghệ', 'slug': 'hang-cong-nghe', 'image': None, 'icon': None, 'parent_id': 69757}, {'id': 275481, 'refer_id': 69760, 'name': 'Hàng Đài Loan', 'slug': 'hang-dai-loan', 'image': None, 'icon': None, 'parent_id': None}, {'id': 275482, 'refer_id': 69755, 'name': 'Hàng Hàn', 'slug': 'hang-han', 'image': None, 'icon': None, 'parent_id': None}, {'id': 275483, 'refer_id': 69757, 'name': 'Hàng Mỹ', 'slug': 'hang-my', 'image': None, 'icon': None, 'parent_id': None}, {'id': 275484, 'refer_id': 69754, 'name': 'Hàng Pháp', 'slug': 'hang-phap', 'image': None, 'icon': None, 'parent_id': None}, {'id': 275485, 'refer_id': 69756, 'name': 'Hàng Sing', 'slug': 'hang-sing', 'image': None, 'icon': None, 'parent_id': None}, {'id': 275486, 'refer_id': 69758, 'name': 'Hàng Úc', 'slug': 'hang-uc', 'image': None, 'icon': None, 'parent_id': None}, {'id': 275487, 'refer_id': 69776, 'name': 'health care', 'slug': 'health-care', 'image': None, 'icon': None, 'parent_id': 69757}, {'id': 723969, 'refer_id': 505559, 'name': 'Hoa', 'slug': 'hoa', 'image': None, 'icon': None, 'parent_id': None}, {'id': 275488, 'refer_id': 69778, 'name': 'Hoá mỹ phẩm', 'slug': 'hoa-my-pham', 'image': None, 'icon': None, 'parent_id': 69757}, {'id': 275489, 'refer_id': 69768, 'name': 'Hóa mỹ phẩm', 'slug': 'hoa-my-pham', 'image': None, 'icon': None, 'parent_id': 69754}, {'id': 275490, 'refer_id': 69783, 'name': 'hóa mỹ phẩm', 'slug': 'hoa-my-pham', 'image': None, 'icon': None, 'parent_id': 69760}, {'id': 275491, 'refer_id': 69787, 'name': 'Mỹ phẩm', 'slug': 'my-pham', 'image': None, 'icon': None, 'parent_id': 69760}, {'id': 275492, 'refer_id': 69772, 'name': 'Mỹ phẩm', 'slug': 'my-pham', 'image': None, 'icon': None, 'parent_id': 69757}, {'id': 275493, 'refer_id': 69770, 'name': 'Mỹ phẩm', 'slug': 'my-pham', 'image': None, 'icon': None, 'parent_id': 69755}, {'id': 275494, 'refer_id': 69767, 'name': 'Mỹ phẩm', 'slug': 'my-pham', 'image': None, 'icon': None, 'parent_id': 69754}, {'id': 275495, 'refer_id': 69764, 'name': 'Mỹ phẩm', 'slug': 'my-pham', 'image': None, 'icon': None, 'parent_id': 69753}, {'id': 275497, 'refer_id': 69769, 'name': 'Nước hoa', 'slug': 'nuoc-hoa', 'image': None, 'icon': None, 'parent_id': 69754}, {'id': 275498, 'refer_id': 69780, 'name': 'Nước hoa', 'slug': 'nuoc-hoa', 'image': None, 'icon': None, 'parent_id': 69757}, {'id': 275499, 'refer_id': 69763, 'name': 'Phần Lan', 'slug': 'phan-lan', 'image': None, 'icon': None, 'parent_id': None}, {'id': 724010, 'refer_id': 505567, 'name': 'Phụ kiện', 'slug': 'phu-kien', 'image': None, 'icon': None, 'parent_id': None}, {'id': 275500, 'refer_id': 69785, 'name': 'skin care', 'slug': 'skin-care', 'image': None, 'icon': None, 'parent_id': 69760}, {'id': 579839, 'refer_id': 477023, 'name': 'Test nhóm hàng123', 'slug': 'test-nhom-hang123', 'image': None, 'icon': None, 'parent_id': None}, {'id': 275501, 'refer_id': 69762, 'name': 'test thuộc tính', 'slug': 'test-thuoc-tinh', 'image': None, 'icon': None, 'parent_id': None}, {'id': 275502, 'refer_id': 69761, 'name': 'Thanh Lý', 'slug': 'thanh-ly', 'image': None, 'icon': None, 'parent_id': None}, {'id': 275503, 'refer_id': 69765, 'name': 'Thời trang', 'slug': 'thoi-trang', 'image': None, 'icon': None, 'parent_id': 69753}, {'id': 275504, 'refer_id': 69773, 'name': 'Thời trang', 'slug': 'thoi-trang', 'image': None, 'icon': None, 'parent_id': 69757}, {'id': 275505, 'refer_id': 69786, 'name': 'Thời trang', 'slug': 'thoi-trang', 'image': None, 'icon': None, 'parent_id': 69760}, {'id': 275506, 'refer_id': 69784, 'name': 'Thực phẩm', 'slug': 'thuc-pham', 'image': None, 'icon': None, 'parent_id': 69760}, {'id': 275507, 'refer_id': 69779, 'name': 'thực phẩm', 'slug': 'thuc-pham', 'image': None, 'icon': None, 'parent_id': 69757}, {'id': 275508, 'refer_id': 69775, 'name': 'Thực phẩm cho bé', 'slug': 'thuc-pham-cho-be', 'image': None, 'icon': None, 'parent_id': 69757}, {'id': 275509, 'refer_id': 69782, 'name': 'Thực phẩm chức năng', 'slug': 'thuc-pham-chuc-nang', 'image': None, 'icon': None, 'parent_id': 69758}, {'id': 275510, 'refer_id': 69771, 'name': 'Thực phẩm chức năng', 'slug': 'thuc-pham-chuc-nang', 'image': None, 'icon': None, 'parent_id': 69757}]}</msg>
<status status="PASS" starttime="20210709 15:14:14.740" endtime="20210709 15:14:14.762"></status>
</kw>
<kw name="Return From Keyword" library="BuiltIn">
<doc>Returns from the enclosing user keyword.</doc>
<arguments>
<arg>${resp1.json()}</arg>
</arguments>
<msg timestamp="20210709 15:14:14.763" level="INFO">Returning from the enclosing user keyword.</msg>
<status status="PASS" starttime="20210709 15:14:14.763" endtime="20210709 15:14:14.763"></status>
</kw>
<msg timestamp="20210709 15:14:14.764" level="INFO">${data_json} = {'code': 1, 'status': 'success', 'message': 'success', 'data': [{'id': 275496, 'refer_id': 69753, 'name': '0. Nhật', 'slug': '0-nhat', 'image': None, 'icon': None, 'parent_id': None}, {'id': 275626, '...</msg>
<status status="PASS" starttime="20210709 15:14:14.566" endtime="20210709 15:14:14.764"></status>
</kw>
<kw name="Format String" library="StringFormat">
<arguments>
<arg>$.data[?(@.name =='{0}')].id</arg>
<arg>${category_name}</arg>
</arguments>
<assign>
<var>${json_category}</var>
</assign>
<msg timestamp="20210709 15:14:14.764" level="WARN">Keyword 'Format String' found both from a custom test library 'StringFormat' and a standard library 'String'. The custom keyword is used. To select explicitly, and to get rid of this warning, use either 'StringFormat.Format String' or 'String.Format String'.</msg>
<msg timestamp="20210709 15:14:14.765" level="INFO">${json_category} = $.data[?(@.name =='0. Nhật')].id</msg>
<status status="PASS" starttime="20210709 15:14:14.764" endtime="20210709 15:14:14.765"></status>
</kw>
<kw name="Get Value From Json" library="JSONLibrary">
<doc>Get Value From JSON using JSONPath</doc>
<arguments>
<arg>${data_json}</arg>
<arg>${json_category}</arg>
</arguments>
<assign>
<var>${category_id}</var>
</assign>
<msg timestamp="20210709 15:14:14.788" level="INFO">${category_id} = [275496]</msg>
<status status="PASS" starttime="20210709 15:14:14.765" endtime="20210709 15:14:14.788"></status>
</kw>
<kw name="Evaluate" library="BuiltIn">
<doc>Evaluates the given expression in Python and returns the result.</doc>
<arguments>
<arg>$category_id[0]</arg>
</arguments>
<assign>
<var>${category_id}</var>
</assign>
<msg timestamp="20210709 15:14:14.789" level="INFO">${category_id} = 275496</msg>
<status status="PASS" starttime="20210709 15:14:14.788" endtime="20210709 15:14:14.789"></status>
</kw>
<kw name="Get list product category from api" library="api_core_product">
<arguments>
<arg>${category_id}</arg>
<arg>${retailer_id}</arg>
</arguments>
<assign>
<var>${product_name}</var>
<var>${category_child}</var>
<var>${attribute_name}</var>
</assign>
<kw name="Create Dictionary" library="BuiltIn">
<doc>Creates and returns a dictionary based on the given ``items``.</doc>
<arguments>
<arg>store-id=${retailer_id}</arg>
</arguments>
<assign>
<var>${headers}</var>
</assign>
<msg timestamp="20210709 15:14:14.790" level="INFO">${headers} = {'store-id': '737280'}</msg>
<status status="PASS" starttime="20210709 15:14:14.789" endtime="20210709 15:14:14.790"></status>
</kw>
<kw name="Create Session" library="RequestsLibrary">
<doc>Create Session: create a HTTP session to a server</doc>
<arguments>
<arg>ali</arg>
<arg>${coreapi_url}</arg>
<arg>verify=True</arg>
</arguments>
<msg timestamp="20210709 15:14:14.790" level="INFO">Creating Session using : alias=ali, url= https://api.mykiot.vn/api, headers={},                     cookies={}, auth=None, timeout=None, proxies=None, verify=True,                     debug=0 </msg>
<status status="PASS" starttime="20210709 15:14:14.790" endtime="20210709 15:14:14.790"></status>
</kw>
<kw name="Format String" library="StringFormat">
<arguments>
<arg>/v1/products/category/{0}</arg>
<arg>${category_id}</arg>
</arguments>
<assign>
<var>${uri}</var>
</assign>
<msg timestamp="20210709 15:14:14.791" level="WARN">Keyword 'Format String' found both from a custom test library 'StringFormat' and a standard library 'String'. The custom keyword is used. To select explicitly, and to get rid of this warning, use either 'StringFormat.Format String' or 'String.Format String'.</msg>
<msg timestamp="20210709 15:14:14.799" level="INFO">${uri} = /v1/products/category/275496</msg>
<status status="PASS" starttime="20210709 15:14:14.791" endtime="20210709 15:14:14.799"></status>
</kw>
<kw name="Get Request" library="RequestsLibrary">
<doc>Send a GET request on the session object found using the
given `alias`</doc>
<arguments>
<arg>ali</arg>
<arg>${uri}</arg>
<arg>${headers}</arg>
</arguments>
<assign>
<var>${resp}</var>
</assign>
<msg timestamp="20210709 15:14:15.000" level="INFO">GET Request : url=https://api.mykiot.vn/api/v1/products/category/275496 
 path_url=/api/v1/products/category/275496 
 headers={'User-Agent': 'python-requests/2.20.1', 'Accept-Encoding': 'gzip, deflate', 'Accept': '*/*', 'Connection': 'keep-alive', 'store-id': '737280'} 
 body=None 
 </msg>
<msg timestamp="20210709 15:14:15.000" level="INFO">GET Response : url=https://api.mykiot.vn/api/v1/products/category/275496 
 status=200, reason=OK 
[...]
</arguments>
<assign>
<var>${attribute}</var>
</assign>
<msg timestamp="20210709 15:15:52.410" level="INFO">${attribute} = CỔ TRÒN</msg>
<status status="PASS" starttime="20210709 15:15:52.410" endtime="20210709 15:15:52.410"></status>
</kw>
<kw name="Page Should Contain" library="SeleniumLibrary">
<doc>Verifies that current page contains ``text``.</doc>
<arguments>
<arg>${attribute}</arg>
</arguments>
<msg timestamp="20210709 15:15:53.030" level="INFO">Current page contains text 'CỔ TRÒN'.</msg>
<status status="PASS" starttime="20210709 15:15:52.410" endtime="20210709 15:15:53.030"></status>
</kw>
<kw name="Exit For Loop If" library="BuiltIn">
<doc>Stops executing the enclosing for loop if the ``condition`` is true.</doc>
<arguments>
<arg>'${x}'=='${length_attribute}'</arg>
</arguments>
<status status="PASS" starttime="20210709 15:15:53.030" endtime="20210709 15:15:53.031"></status>
</kw>
<status status="PASS" starttime="20210709 15:15:52.409" endtime="20210709 15:15:53.031"></status>
</kw>
<kw name="${x} = 66" type="foritem">
<kw name="Get From List" library="Collections">
<doc>Returns the value specified with an ``index`` from ``list``.</doc>
<arguments>
<arg>${attribute_name}</arg>
<arg>${x}</arg>
</arguments>
<assign>
<var>${attribute}</var>
</assign>
<msg timestamp="20210709 15:15:53.031" level="INFO">${attribute} = cộc tay</msg>
<status status="PASS" starttime="20210709 15:15:53.031" endtime="20210709 15:15:53.031"></status>
</kw>
<kw name="Convert To Upper Case" library="String">
<doc>Converts string to upper case.</doc>
<arguments>
<arg>${attribute}</arg>
</arguments>
<assign>
<var>${attribute}</var>
</assign>
<msg timestamp="20210709 15:15:53.032" level="INFO">${attribute} = CỘC TAY</msg>
<status status="PASS" starttime="20210709 15:15:53.031" endtime="20210709 15:15:53.032"></status>
</kw>
<kw name="Page Should Contain" library="SeleniumLibrary">
<doc>Verifies that current page contains ``text``.</doc>
<arguments>
<arg>${attribute}</arg>
</arguments>
<msg timestamp="20210709 15:15:53.651" level="INFO">Current page contains text 'CỘC TAY'.</msg>
<status status="PASS" starttime="20210709 15:15:53.032" endtime="20210709 15:15:53.651"></status>
</kw>
<kw name="Exit For Loop If" library="BuiltIn">
<doc>Stops executing the enclosing for loop if the ``condition`` is true.</doc>
<arguments>
<arg>'${x}'=='${length_attribute}'</arg>
</arguments>
<status status="PASS" starttime="20210709 15:15:53.651" endtime="20210709 15:15:53.651"></status>
</kw>
<status status="PASS" starttime="20210709 15:15:53.031" endtime="20210709 15:15:53.652"></status>
</kw>
<kw name="${x} = 67" type="foritem">
<kw name="Get From List" library="Collections">
<doc>Returns the value specified with an ``index`` from ``list``.</doc>
<arguments>
<arg>${attribute_name}</arg>
<arg>${x}</arg>
</arguments>
<assign>
<var>${attribute}</var>
</assign>
<msg timestamp="20210709 15:15:53.652" level="INFO">${attribute} = dài tay</msg>
<status status="PASS" starttime="20210709 15:15:53.652" endtime="20210709 15:15:53.652"></status>
</kw>
<kw name="Convert To Upper Case" library="String">
<doc>Converts string to upper case.</doc>
<arguments>
<arg>${attribute}</arg>
</arguments>
<assign>
<var>${attribute}</var>
</assign>
<msg timestamp="20210709 15:15:53.653" level="INFO">${attribute} = DÀI TAY</msg>
<status status="PASS" starttime="20210709 15:15:53.652" endtime="20210709 15:15:53.653"></status>
</kw>
<kw name="Page Should Contain" library="SeleniumLibrary">
<doc>Verifies that current page contains ``text``.</doc>
<arguments>
<arg>${attribute}</arg>
</arguments>
<msg timestamp="20210709 15:15:54.272" level="INFO">Current page contains text 'DÀI TAY'.</msg>
<status status="PASS" starttime="20210709 15:15:53.653" endtime="20210709 15:15:54.272"></status>
</kw>
<kw name="Exit For Loop If" library="BuiltIn">
<doc>Stops executing the enclosing for loop if the ``condition`` is true.</doc>
<arguments>
<arg>'${x}'=='${length_attribute}'</arg>
</arguments>
<status status="PASS" starttime="20210709 15:15:54.272" endtime="20210709 15:15:54.272"></status>
</kw>
<status status="PASS" starttime="20210709 15:15:53.652" endtime="20210709 15:15:54.273"></status>
</kw>
<kw name="${x} = 68" type="foritem">
<kw name="Get From List" library="Collections">
<doc>Returns the value specified with an ``index`` from ``list``.</doc>
<arguments>
<arg>${attribute_name}</arg>
<arg>${x}</arg>
</arguments>
<assign>
<var>${attribute}</var>
</assign>
<msg timestamp="20210709 15:15:54.273" level="INFO">${attribute} = nam</msg>
<status status="PASS" starttime="20210709 15:15:54.273" endtime="20210709 15:15:54.273"></status>
</kw>
<kw name="Convert To Upper Case" library="String">
<doc>Converts string to upper case.</doc>
<arguments>
<arg>${attribute}</arg>
</arguments>
<assign>
<var>${attribute}</var>
</assign>
<msg timestamp="20210709 15:15:54.274" level="INFO">${attribute} = NAM</msg>
<status status="PASS" starttime="20210709 15:15:54.273" endtime="20210709 15:15:54.274"></status>
</kw>
<kw name="Page Should Contain" library="SeleniumLibrary">
<doc>Verifies that current page contains ``text``.</doc>
<arguments>
<arg>${attribute}</arg>
</arguments>
<msg timestamp="20210709 15:15:54.894" level="INFO">Current page contains text 'NAM'.</msg>
<status status="PASS" starttime="20210709 15:15:54.274" endtime="20210709 15:15:54.894"></status>
</kw>
<kw name="Exit For Loop If" library="BuiltIn">
<doc>Stops executing the enclosing for loop if the ``condition`` is true.</doc>
<arguments>
<arg>'${x}'=='${length_attribute}'</arg>
</arguments>
<status status="PASS" starttime="20210709 15:15:54.894" endtime="20210709 15:15:54.895"></status>
</kw>
<status status="PASS" starttime="20210709 15:15:54.273" endtime="20210709 15:15:54.895"></status>
</kw>
<kw name="${x} = 69" type="foritem">
<kw name="Get From List" library="Collections">
<doc>Returns the value specified with an ``index`` from ``list``.</doc>
<arguments>
<arg>${attribute_name}</arg>
<arg>${x}</arg>
</arguments>
<assign>
<var>${attribute}</var>
</assign>
<msg timestamp="20210709 15:15:54.895" level="INFO">${attribute} = nữ</msg>
<status status="PASS" starttime="20210709 15:15:54.895" endtime="20210709 15:15:54.895"></status>
</kw>
<kw name="Convert To Upper Case" library="String">
<doc>Converts string to upper case.</doc>
<arguments>
<arg>${attribute}</arg>
</arguments>
<assign>
<var>${attribute}</var>
</assign>
<msg timestamp="20210709 15:15:54.896" level="INFO">${attribute} = NỮ</msg>
<status status="PASS" starttime="20210709 15:15:54.896" endtime="20210709 15:15:54.896"></status>
</kw>
<kw name="Page Should Contain" library="SeleniumLibrary">
<doc>Verifies that current page contains ``text``.</doc>
<arguments>
<arg>${attribute}</arg>
</arguments>
<msg timestamp="20210709 15:15:55.516" level="INFO">Current page contains text 'NỮ'.</msg>
<status status="PASS" starttime="20210709 15:15:54.896" endtime="20210709 15:15:55.516"></status>
</kw>
<kw name="Exit For Loop If" library="BuiltIn">
<doc>Stops executing the enclosing for loop if the ``condition`` is true.</doc>
<arguments>
<arg>'${x}'=='${length_attribute}'</arg>
</arguments>
<status status="PASS" starttime="20210709 15:15:55.516" endtime="20210709 15:15:55.517"></status>
</kw>
<status status="PASS" starttime="20210709 15:15:54.895" endtime="20210709 15:15:55.517"></status>
</kw>
<kw name="${x} = 70" type="foritem">
<kw name="Get From List" library="Collections">
<doc>Returns the value specified with an ``index`` from ``list``.</doc>
<arguments>
<arg>${attribute_name}</arg>
<arg>${x}</arg>
</arguments>
<assign>
<var>${attribute}</var>
</assign>
<msg timestamp="20210709 15:15:55.517" level="INFO">${attribute} = bò</msg>
<status status="PASS" starttime="20210709 15:15:55.517" endtime="20210709 15:15:55.517"></status>
</kw>
<kw name="Convert To Upper Case" library="String">
<doc>Converts string to upper case.</doc>
<arguments>
<arg>${attribute}</arg>
</arguments>
<assign>
<var>${attribute}</var>
</assign>
<msg timestamp="20210709 15:15:55.518" level="INFO">${attribute} = BÒ</msg>
<status status="PASS" starttime="20210709 15:15:55.518" endtime="20210709 15:15:55.518"></status>
</kw>
<kw name="Page Should Contain" library="SeleniumLibrary">
<doc>Verifies that current page contains ``text``.</doc>
<arguments>
<arg>${attribute}</arg>
</arguments>
<msg timestamp="20210709 15:15:56.138" level="INFO">Current page contains text 'BÒ'.</msg>
<status status="PASS" starttime="20210709 15:15:55.518" endtime="20210709 15:15:56.138"></status>
</kw>
<kw name="Exit For Loop If" library="BuiltIn">
<doc>Stops executing the enclosing for loop if the ``condition`` is true.</doc>
<arguments>
<arg>'${x}'=='${length_attribute}'</arg>
</arguments>
<status status="PASS" starttime="20210709 15:15:56.138" endtime="20210709 15:15:56.139"></status>
</kw>
<status status="PASS" starttime="20210709 15:15:55.517" endtime="20210709 15:15:56.139"></status>
</kw>
<kw name="${x} = 71" type="foritem">
<kw name="Get From List" library="Collections">
<doc>Returns the value specified with an ``index`` from ``list``.</doc>
<arguments>
<arg>${attribute_name}</arg>
<arg>${x}</arg>
</arguments>
<assign>
<var>${attribute}</var>
</assign>
<msg timestamp="20210709 15:15:56.139" level="INFO">${attribute} = giả bò</msg>
<status status="PASS" starttime="20210709 15:15:56.139" endtime="20210709 15:15:56.139"></status>
</kw>
<kw name="Convert To Upper Case" library="String">
<doc>Converts string to upper case.</doc>
<arguments>
<arg>${attribute}</arg>
</arguments>
<assign>
<var>${attribute}</var>
</assign>
<msg timestamp="20210709 15:15:56.140" level="INFO">${attribute} = GIẢ BÒ</msg>
<status status="PASS" starttime="20210709 15:15:56.140" endtime="20210709 15:15:56.140"></status>
</kw>
<kw name="Page Should Contain" library="SeleniumLibrary">
<doc>Verifies that current page contains ``text``.</doc>
<arguments>
<arg>${attribute}</arg>
</arguments>
<msg timestamp="20210709 15:15:56.762" level="INFO">Current page contains text 'GIẢ BÒ'.</msg>
<status status="PASS" starttime="20210709 15:15:56.140" endtime="20210709 15:15:56.762"></status>
</kw>
<kw name="Exit For Loop If" library="BuiltIn">
<doc>Stops executing the enclosing for loop if the ``condition`` is true.</doc>
<arguments>
<arg>'${x}'=='${length_attribute}'</arg>
</arguments>
<status status="PASS" starttime="20210709 15:15:56.762" endtime="20210709 15:15:56.763"></status>
</kw>
<status status="PASS" starttime="20210709 15:15:56.139" endtime="20210709 15:15:56.763"></status>
</kw>
<kw name="${x} = 72" type="foritem">
<kw name="Get From List" library="Collections">
<doc>Returns the value specified with an ``index`` from ``list``.</doc>
<arguments>
<arg>${attribute_name}</arg>
<arg>${x}</arg>
</arguments>
<assign>
<var>${attribute}</var>
</assign>
<msg timestamp="20210709 15:15:56.764" level="INFO">${attribute} = vải</msg>
<status status="PASS" starttime="20210709 15:15:56.763" endtime="20210709 15:15:56.764"></status>
</kw>
<kw name="Convert To Upper Case" library="String">
<doc>Converts string to upper case.</doc>
<arguments>
<arg>${attribute}</arg>
</arguments>
<assign>
<var>${attribute}</var>
</assign>
<msg timestamp="20210709 15:15:56.764" level="INFO">${attribute} = VẢI</msg>
<status status="PASS" starttime="20210709 15:15:56.764" endtime="20210709 15:15:56.764"></status>
</kw>
<kw name="Page Should Contain" library="SeleniumLibrary">
<doc>Verifies that current page contains ``text``.</doc>
<arguments>
<arg>${attribute}</arg>
</arguments>
<msg timestamp="20210709 15:15:57.384" level="INFO">Current page contains text 'VẢI'.</msg>
<status status="PASS" starttime="20210709 15:15:56.764" endtime="20210709 15:15:57.384"></status>
</kw>
<kw name="Exit For Loop If" library="BuiltIn">
<doc>Stops executing the enclosing for loop if the ``condition`` is true.</doc>
<arguments>
<arg>'${x}'=='${length_attribute}'</arg>
</arguments>
<status status="PASS" starttime="20210709 15:15:57.384" endtime="20210709 15:15:57.385"></status>
</kw>
<status status="PASS" starttime="20210709 15:15:56.763" endtime="20210709 15:15:57.385"></status>
</kw>
<kw name="${x} = 73" type="foritem">
<kw name="Get From List" library="Collections">
<doc>Returns the value specified with an ``index`` from ``list``.</doc>
<arguments>
<arg>${attribute_name}</arg>
<arg>${x}</arg>
</arguments>
<assign>
<var>${attribute}</var>
</assign>
<msg timestamp="20210709 15:15:57.385" level="INFO">${attribute} = 12</msg>
<status status="PASS" starttime="20210709 15:15:57.385" endtime="20210709 15:15:57.385"></status>
</kw>
<kw name="Convert To Upper Case" library="String">
<doc>Converts string to upper case.</doc>
<arguments>
<arg>${attribute}</arg>
</arguments>
<assign>
<var>${attribute}</var>
</assign>
<msg timestamp="20210709 15:15:57.386" level="INFO">${attribute} = 12</msg>
<status status="PASS" starttime="20210709 15:15:57.385" endtime="20210709 15:15:57.386"></status>
</kw>
<kw name="Page Should Contain" library="SeleniumLibrary">
<doc>Verifies that current page contains ``text``.</doc>
<arguments>
<arg>${attribute}</arg>
</arguments>
<msg timestamp="20210709 15:15:58.006" level="INFO">Current page contains text '12'.</msg>
<status status="PASS" starttime="20210709 15:15:57.386" endtime="20210709 15:15:58.006"></status>
</kw>
<kw name="Exit For Loop If" library="BuiltIn">
<doc>Stops executing the enclosing for loop if the ``condition`` is true.</doc>
<arguments>
<arg>'${x}'=='${length_attribute}'</arg>
</arguments>
<status status="PASS" starttime="20210709 15:15:58.006" endtime="20210709 15:15:58.007"></status>
</kw>
<status status="PASS" starttime="20210709 15:15:57.385" endtime="20210709 15:15:58.007"></status>
</kw>
<kw name="${x} = 74" type="foritem">
<kw name="Get From List" library="Collections">
<doc>Returns the value specified with an ``index`` from ``list``.</doc>
<arguments>
<arg>${attribute_name}</arg>
<arg>${x}</arg>
</arguments>
<assign>
<var>${attribute}</var>
</assign>
<msg timestamp="20210709 15:15:58.008" level="INFO">${attribute} = 20</msg>
<status status="PASS" starttime="20210709 15:15:58.007" endtime="20210709 15:15:58.008"></status>
</kw>
<kw name="Convert To Upper Case" library="String">
<doc>Converts string to upper case.</doc>
<arguments>
<arg>${attribute}</arg>
</arguments>
<assign>
<var>${attribute}</var>
</assign>
<msg timestamp="20210709 15:15:58.008" level="INFO">${attribute} = 20</msg>
<status status="PASS" starttime="20210709 15:15:58.008" endtime="20210709 15:15:58.008"></status>
</kw>
<kw name="Page Should Contain" library="SeleniumLibrary">
<doc>Verifies that current page contains ``text``.</doc>
<arguments>
<arg>${attribute}</arg>
</arguments>
<msg timestamp="20210709 15:15:58.647" level="INFO">Current page contains text '20'.</msg>
<status status="PASS" starttime="20210709 15:15:58.008" endtime="20210709 15:15:58.647"></status>
</kw>
<kw name="Exit For Loop If" library="BuiltIn">
<doc>Stops executing the enclosing for loop if the ``condition`` is true.</doc>
<arguments>
<arg>'${x}'=='${length_attribute}'</arg>
</arguments>
<status status="PASS" starttime="20210709 15:15:58.647" endtime="20210709 15:15:58.648"></status>
</kw>
<status status="PASS" starttime="20210709 15:15:58.007" endtime="20210709 15:15:58.648"></status>
</kw>
<status status="PASS" starttime="20210709 15:15:11.525" endtime="20210709 15:15:58.648"></status>
</kw>
<status status="PASS" starttime="20210709 15:14:14.555" endtime="20210709 15:15:58.648"></status>
</kw>
<kw name="after test" library="Common" type="teardown">
<kw name="Close Browser" library="SeleniumLibrary">
<doc>Closes the current browser.</doc>
<status status="PASS" starttime="20210709 15:15:58.649" endtime="20210709 15:16:01.651"></status>
</kw>
<status status="PASS" starttime="20210709 15:15:58.649" endtime="20210709 15:16:01.651"></status>
</kw>
<status status="PASS" starttime="20210709 15:14:14.554" endtime="20210709 15:16:01.652" critical="yes"></status>
</test>
<status status="PASS" starttime="20210709 15:14:11.633" endtime="20210709 15:16:01.654"></status>
</suite>
<statistics>
<total>
<stat pass="1" fail="0">Critical Tests</stat>
<stat pass="1" fail="0">All Tests</stat>
</total>
<tag>
</tag>
<suite>
<stat pass="1" fail="0" id="s1" name="StoreFront">StoreFront</stat>
</suite>
</statistics>
<errors>
<msg timestamp="20210709 15:14:12.222" level="ERROR">Error in file 'C:\Users\quannt\Documents\GitHub\Mykiot\Core\API-KV\api_hanghoa_kv.robot' on line 7: Error in file 'C:\Users\quannt\Documents\GitHub\Mykiot\Core\API\api_access.robot' on line 10: Resource file with 'Test Cases' section is invalid.</msg>
<msg timestamp="20210709 15:14:12.487" level="ERROR">Error in file 'C:\Users\quannt\Documents\GitHub\Mykiot\Core\HomePage_New\Homepage_action.robot' on line 6: Resource file '..\Core\Common_\Common_locator.robot' does not exist.</msg>
<msg timestamp="20210709 15:14:12.880" level="ERROR">Error in file 'C:\Users\quannt\Documents\GitHub\Mykiot\Core\CheckoutPage\Checkoutpage_action.robot' on line 9: Resource file '..\Core\API\api_core_customer.robot' does not exist.</msg>
<msg timestamp="20210709 15:14:14.764" level="WARN">Keyword 'Format String' found both from a custom test library 'StringFormat' and a standard library 'String'. The custom keyword is used. To select explicitly, and to get rid of this warning, use either 'StringFormat.Format String' or 'String.Format String'.</msg>
<msg timestamp="20210709 15:14:14.791" level="WARN">Keyword 'Format String' found both from a custom test library 'StringFormat' and a standard library 'String'. The custom keyword is used. To select explicitly, and to get rid of this warning, use either 'StringFormat.Format String' or 'String.Format String'.</msg>
<msg timestamp="20210709 15:14:15.089" level="WARN">Error in file 'C:\Users\quannt\Documents\GitHub\Mykiot\Core\API\api_core_product.robot' in FOR loop starting on line 92: For loop header ': FOR' is deprecated. Use 'FOR' instead.</msg>
<msg timestamp="20210709 15:14:15.090" level="WARN">Error in file 'C:\Users\quannt\Documents\GitHub\Mykiot\Core\API\api_core_product.robot' in FOR loop starting on line 92: Marking for loop body with '\' is deprecated. Remove markers and use 'END' instead.</msg>
<msg timestamp="20210709 15:14:37.511" level="WARN">Keyword 'Format String' found both from a custom test library 'StringFormat' and a standard library 'String'. The custom keyword is used. To select explicitly, and to get rid of this warning, use either 'StringFormat.Format String' or 'String.Format String'.</msg>
<msg timestamp="20210709 15:14:56.810" level="WARN">Error in file 'C:\Users\quannt\Documents\GitHub\Mykiot\Testsuites\StoreFront.robot' in FOR loop starting on line 158: For loop header ': FOR' is deprecated. Use 'FOR' instead.</msg>
<msg timestamp="20210709 15:14:56.812" level="WARN">Error in file 'C:\Users\quannt\Documents\GitHub\Mykiot\Testsuites\StoreFront.robot' in FOR loop starting on line 158: Marking for loop body with '\' is deprecated. Remove markers and use 'END' instead.</msg>
<msg timestamp="20210709 15:15:09.635" level="WARN">Error in file 'C:\Users\quannt\Documents\GitHub\Mykiot\Testsuites\StoreFront.robot' in FOR loop starting on line 163: For loop header ': FOR' is deprecated. Use 'FOR' instead.</msg>
<msg timestamp="20210709 15:15:09.636" level="WARN">Error in file 'C:\Users\quannt\Documents\GitHub\Mykiot\Testsuites\StoreFront.robot' in FOR loop starting on line 163: Marking for loop body with '\' is deprecated. Remove markers and use 'END' instead.</msg>
<msg timestamp="20210709 15:15:11.525" level="WARN">Error in file 'C:\Users\quannt\Documents\GitHub\Mykiot\Testsuites\StoreFront.robot' in FOR loop starting on line 168: For loop header ': FOR' is deprecated. Use 'FOR' instead.</msg>
<msg timestamp="20210709 15:15:11.597" level="WARN">Error in file 'C:\Users\quannt\Documents\GitHub\Mykiot\Testsuites\StoreFront.robot' in FOR loop starting on line 168: Marking for loop body with '\' is deprecated. Remove markers and use 'END' instead.</msg>
</errors>
</robot>
