<?xml version="1.0" encoding="UTF-8"?>
<robot generator="Robot 3.2.2 (Python 3.7.6 on win32)" generated="20210226 17:41:15.949" rpa="false">
<suite id="s1" name="Order" source="C:\Users\quannt\Documents\GitHub\Mykiot\Testsuites\Order.robot">
<kw name="init test env sync" library="envi" type="setup">
<arguments>
<arg>stagingnew</arg>
</arguments>
<kw name="fill env" library="envi">
<arguments>
<arg>${env}</arg>
</arguments>
<kw name="Log" library="BuiltIn">
<doc>Logs the given message with the given level.</doc>
<arguments>
<arg>${env}</arg>
</arguments>
<msg timestamp="20210226 17:41:16.472" level="INFO">stagingnew</msg>
<status status="PASS" starttime="20210226 17:41:16.472" endtime="20210226 17:41:16.472"></status>
</kw>
<kw name="Create Dictionary" library="BuiltIn">
<doc>Creates and returns a dictionary based on the given ``items``.</doc>
<arguments>
<arg>live=https://admin.mykiot.vn/api</arg>
<arg>stagingnew=https://admin-staging.citigo.dev:40001/api</arg>
<arg>prelivenew=https://admin-prelive.citigo.dev:40003/api</arg>
</arguments>
<assign>
<var>${dic_api_url}</var>
</assign>
<msg timestamp="20210226 17:41:16.472" level="INFO">${dic_api_url} = {'live': 'https://admin.mykiot.vn/api', 'stagingnew': 'https://admin-staging.citigo.dev:40001/api', 'prelivenew': 'https://admin-prelive.citigo.dev:40003/api'}</msg>
<status status="PASS" starttime="20210226 17:41:16.472" endtime="20210226 17:41:16.472"></status>
</kw>
<kw name="Create Dictionary" library="BuiltIn">
<doc>Creates and returns a dictionary based on the given ``items``.</doc>
<arguments>
<arg>live=https://admin.mykiot.vn</arg>
<arg>stagingnew=https://admin-staging.citigo.dev:40001</arg>
<arg>prelivenew=https://admin-prelive.citigo.dev:40003</arg>
</arguments>
<assign>
<var>${dic_url}</var>
</assign>
<msg timestamp="20210226 17:41:16.472" level="INFO">${dic_url} = {'live': 'https://admin.mykiot.vn', 'stagingnew': 'https://admin-staging.citigo.dev:40001', 'prelivenew': 'https://admin-prelive.citigo.dev:40003'}</msg>
<status status="PASS" starttime="20210226 17:41:16.472" endtime="20210226 17:41:16.472"></status>
</kw>
<kw name="Create Dictionary" library="BuiltIn">
<doc>Creates and returns a dictionary based on the given ``items``.</doc>
<arguments>
<arg>live=1f36fe67-a0f2-453b-bea5-9d778218279c</arg>
<arg>stagingnew=36971e98-89ac-4e77-884c-14772fe558ed</arg>
<arg>prelivenew=36971e98-89ac-4e77-884c-14772fe558ed</arg>
</arguments>
<assign>
<var>${dic_clientid}</var>
</assign>
<msg timestamp="20210226 17:41:16.472" level="INFO">${dic_clientid} = {'live': '1f36fe67-a0f2-453b-bea5-9d778218279c', 'stagingnew': '36971e98-89ac-4e77-884c-14772fe558ed', 'prelivenew': '36971e98-89ac-4e77-884c-14772fe558ed'}</msg>
<status status="PASS" starttime="20210226 17:41:16.472" endtime="20210226 17:41:16.472"></status>
</kw>
<kw name="Create Dictionary" library="BuiltIn">
<doc>Creates and returns a dictionary based on the given ``items``.</doc>
<arguments>
<arg>live=5F16AD6044795B917F2F9E640F572EF835B71254</arg>
<arg>stagingnew=201103C87111A3E74A41951C166A99B6068EB6A2</arg>
<arg>prelivenew=201103C87111A3E74A41951C166A99B6068EB6A2</arg>
</arguments>
<assign>
<var>${dic_secretkey}</var>
</assign>
<msg timestamp="20210226 17:41:16.472" level="INFO">${dic_secretkey} = {'live': '5F16AD6044795B917F2F9E640F572EF835B71254', 'stagingnew': '201103C87111A3E74A41951C166A99B6068EB6A2', 'prelivenew': '201103C87111A3E74A41951C166A99B6068EB6A2'}</msg>
<status status="PASS" starttime="20210226 17:41:16.472" endtime="20210226 17:41:16.472"></status>
</kw>
<kw name="Create Dictionary" library="BuiltIn">
<doc>Creates and returns a dictionary based on the given ``items``.</doc>
<arguments>
<arg>live=testautomykiot</arg>
<arg>stagingnew=testautomykiot</arg>
<arg>prelivenew=testautomykiot</arg>
</arguments>
<assign>
<var>${dic_retailercode}</var>
</assign>
<msg timestamp="20210226 17:41:16.472" level="INFO">${dic_retailercode} = {'live': 'testautomykiot', 'stagingnew': 'testautomykiot', 'prelivenew': 'testautomykiot'}</msg>
<status status="PASS" starttime="20210226 17:41:16.472" endtime="20210226 17:41:16.472"></status>
</kw>
<kw name="Create Dictionary" library="BuiltIn">
<doc>Creates and returns a dictionary based on the given ``items``.</doc>
<arguments>
<arg>live=737280</arg>
<arg>stagingnew=736403</arg>
<arg>prelivenew=736403</arg>
</arguments>
<assign>
<var>${dic_retailerid}</var>
</assign>
<msg timestamp="20210226 17:41:16.472" level="INFO">${dic_retailerid} = {'live': '737280', 'stagingnew': '736403', 'prelivenew': '736403'}</msg>
<status status="PASS" starttime="20210226 17:41:16.472" endtime="20210226 17:41:16.472"></status>
</kw>
<kw name="Create Dictionary" library="BuiltIn">
<doc>Creates and returns a dictionary based on the given ``items``.</doc>
<arguments>
<arg>live=https://admin.mykiot.vn/connect?client_id=1f36fe67-a0f2-453b-bea5-9d778218279c&amp;secret_key=5F16AD6044795B917F2F9E640F572EF835B71254&amp;retailer_code=testautomykiot&amp;retailer_id=737280</arg>
<arg>stagingnew=https://admin-staging.citigo.dev:40001/connect?client_id=36971e98-89ac-4e77-884c-14772fe558ed&amp;secret_key=201103C87111A3E74A41951C166A99B6068EB6A2&amp;retailer_code=testautomykiot&amp;retailer_id=736403</arg>
<arg>prelivenew=https://admin-prelive.citigo.dev:40003/connect?client_id=36971e98-89ac-4e77-884c-14772fe558ed&amp;secret_key=201103C87111A3E74A41951C166A99B6068EB6A2&amp;retailer_code=testautomykiot&amp;retailer_id=736403</arg>
</arguments>
<assign>
<var>${dic_accessurl}</var>
</assign>
<msg timestamp="20210226 17:41:16.472" level="INFO">${dic_accessurl} = {'live': 'https://admin.mykiot.vn/connect?client_id=1f36fe67-a0f2-453b-bea5-9d778218279c&amp;secret_key=5F16AD6044795B917F2F9E640F572EF835B71254&amp;retailer_code=testautomykiot&amp;retailer_id=737280', 'stagingn...</msg>
<status status="PASS" starttime="20210226 17:41:16.472" endtime="20210226 17:41:16.472"></status>
</kw>
<kw name="Create Dictionary" library="BuiltIn">
<doc>Creates and returns a dictionary based on the given ``items``.</doc>
<arguments>
<arg>live=https://mykiot.vn/testautomykiot</arg>
<arg>stagingnew=https://staging.citigo.dev:40001/testautomykiot</arg>
<arg>prelivenew=https://prelive.citigo.dev:40003/testautomykiot</arg>
</arguments>
<assign>
<var>${dic_storefronturl}</var>
</assign>
<msg timestamp="20210226 17:41:16.472" level="INFO">${dic_storefronturl} = {'live': 'https://mykiot.vn/testautomykiot', 'stagingnew': 'https://staging.citigo.dev:40001/testautomykiot', 'prelivenew': 'https://prelive.citigo.dev:40003/testautomykiot'}</msg>
<status status="PASS" starttime="20210226 17:41:16.472" endtime="20210226 17:41:16.472"></status>
</kw>
<kw name="Create Dictionary" library="BuiltIn">
<doc>Creates and returns a dictionary based on the given ``items``.</doc>
<arguments>
<arg>live=https://testautomykiot.kiotviet.com/</arg>
<arg>stagingnew=https://testautomykiot.kvpos.com:59909/</arg>
<arg>prelivenew=https://testautomykiot.kvpos.com:59909/</arg>
</arguments>
<assign>
<var>${dict_kvurl}</var>
</assign>
<msg timestamp="20210226 17:41:16.472" level="INFO">${dict_kvurl} = {'live': 'https://testautomykiot.kiotviet.com/', 'stagingnew': 'https://testautomykiot.kvpos.com:59909/', 'prelivenew': 'https://testautomykiot.kvpos.com:59909/'}</msg>
<status status="PASS" starttime="20210226 17:41:16.472" endtime="20210226 17:41:16.472"></status>
</kw>
<kw name="Create Dictionary" library="BuiltIn">
<doc>Creates and returns a dictionary based on the given ``items``.</doc>
<arguments>
<arg>live=admin</arg>
<arg>stagingnew=admin</arg>
<arg>prelivenew=admin</arg>
</arguments>
<assign>
<var>${dict_username}</var>
</assign>
<msg timestamp="20210226 17:41:16.472" level="INFO">${dict_username} = {'live': 'admin', 'stagingnew': 'admin', 'prelivenew': 'admin'}</msg>
<status status="PASS" starttime="20210226 17:41:16.472" endtime="20210226 17:41:16.472"></status>
</kw>
<kw name="Create Dictionary" library="BuiltIn">
<doc>Creates and returns a dictionary based on the given ``items``.</doc>
<arguments>
<arg>live=123</arg>
<arg>stagingnew=123</arg>
<arg>prelivenew=123</arg>
</arguments>
<assign>
<var>${dict_password}</var>
</assign>
<msg timestamp="20210226 17:41:16.472" level="INFO">${dict_password} = {'live': '123', 'stagingnew': '123', 'prelivenew': '123'}</msg>
<status status="PASS" starttime="20210226 17:41:16.472" endtime="20210226 17:41:16.472"></status>
</kw>
<kw name="Create Dictionary" library="BuiltIn">
<doc>Creates and returns a dictionary based on the given ``items``.</doc>
<arguments>
<arg>live=https://testautomykiot.kiotviet.com/api</arg>
<arg>stagingnew=https://testautomykiot.kvpos.com:59909/api</arg>
<arg>prelivenew=https://testautomykiot.kvpos.com:59909/api</arg>
</arguments>
<assign>
<var>${dic_kv_apiurl}</var>
</assign>
<msg timestamp="20210226 17:41:16.472" level="INFO">${dic_kv_apiurl} = {'live': 'https://testautomykiot.kiotviet.com/api', 'stagingnew': 'https://testautomykiot.kvpos.com:59909/api', 'prelivenew': 'https://testautomykiot.kvpos.com:59909/api'}</msg>
<status status="PASS" starttime="20210226 17:41:16.472" endtime="20210226 17:41:16.472"></status>
</kw>
<kw name="Create Dictionary" library="BuiltIn">
<doc>Creates and returns a dictionary based on the given ``items``.</doc>
<arguments>
<arg>live=9113</arg>
<arg>stagingnew=20363</arg>
<arg>prelivenew=20363</arg>
</arguments>
<assign>
<var>${dic_branchid}</var>
</assign>
<msg timestamp="20210226 17:41:16.472" level="INFO">${dic_branchid} = {'live': '9113', 'stagingnew': '20363', 'prelivenew': '20363'}</msg>
<status status="PASS" starttime="20210226 17:41:16.472" endtime="20210226 17:41:16.472"></status>
</kw>
<kw name="Create Dictionary" library="BuiltIn">
<doc>Creates and returns a dictionary based on the given ``items``.</doc>
<arguments>
<arg>live=26</arg>
<arg>stagingnew=1</arg>
<arg>prelivenew=1</arg>
</arguments>
<assign>
<var>${dic_zone}</var>
</assign>
<msg timestamp="20210226 17:41:16.472" level="INFO">${dic_zone} = {'live': '26', 'stagingnew': '1', 'prelivenew': '1'}</msg>
<status status="PASS" starttime="20210226 17:41:16.472" endtime="20210226 17:41:16.472"></status>
</kw>
<kw name="Create Dictionary" library="BuiltIn">
<doc>Creates and returns a dictionary based on the given ``items``.</doc>
<arguments>
<arg>live=https://sale.kiotapi.com/api</arg>
<arg>stagingnew=https://kvpos.com:59309/api</arg>
<arg>prelivenew=https://kvpos.com:59309/api</arg>
</arguments>
<assign>
<var>${dic_salekvapi}</var>
</assign>
<msg timestamp="20210226 17:41:16.472" level="INFO">${dic_salekvapi} = {'live': 'https://sale.kiotapi.com/api', 'stagingnew': 'https://kvpos.com:59309/api', 'prelivenew': 'https://kvpos.com:59309/api'}</msg>
<status status="PASS" starttime="20210226 17:41:16.472" endtime="20210226 17:41:16.472"></status>
</kw>
<kw name="Create Dictionary" library="BuiltIn">
<doc>Creates and returns a dictionary based on the given ``items``.</doc>
<arguments>
<arg>live=testautomation113@gmail.com</arg>
<arg>stagingnew=testautomation113@gmail.com</arg>
<arg>prelivenew=testautomation113@gmail.com</arg>
</arguments>
<assign>
<var>${dic_google_account}</var>
</assign>
<msg timestamp="20210226 17:41:16.472" level="INFO">${dic_google_account} = {'live': 'testautomation113@gmail.com', 'stagingnew': 'testautomation113@gmail.com', 'prelivenew': 'testautomation113@gmail.com'}</msg>
<status status="PASS" starttime="20210226 17:41:16.472" endtime="20210226 17:41:16.472"></status>
</kw>
<kw name="Create Dictionary" library="BuiltIn">
<doc>Creates and returns a dictionary based on the given ``items``.</doc>
<arguments>
<arg>live=test@123456</arg>
<arg>stagingnew=test@123456</arg>
<arg>prelivenew=test@123456</arg>
</arguments>
<assign>
<var>${dic_google_pass}</var>
</assign>
<msg timestamp="20210226 17:41:16.472" level="INFO">${dic_google_pass} = {'live': 'test@123456', 'stagingnew': 'test@123456', 'prelivenew': 'test@123456'}</msg>
<status status="PASS" starttime="20210226 17:41:16.472" endtime="20210226 17:41:16.472"></status>
</kw>
<kw name="Create Dictionary" library="BuiltIn">
<doc>Creates and returns a dictionary based on the given ``items``.</doc>
<arguments>
<arg>live=KH2B36D</arg>
<arg>stagingnew=KH368B823D1</arg>
</arguments>
<assign>
<var>${dic_customer_code_google_account}</var>
</assign>
<msg timestamp="20210226 17:41:16.472" level="INFO">${dic_customer_code_google_account} = {'live': 'KH2B36D', 'stagingnew': 'KH368B823D1'}</msg>
<status status="PASS" starttime="20210226 17:41:16.472" endtime="20210226 17:41:16.472"></status>
</kw>
<kw name="Get From Dictionary" library="Collections">
<doc>Returns a value from the given ``dictionary`` based on the given ``key``.</doc>
<arguments>
<arg>${dic_api_url}</arg>
<arg>${env}</arg>
</arguments>
<assign>
<var>${api_url}</var>
</assign>
<msg timestamp="20210226 17:41:16.472" level="INFO">${api_url} = https://admin-staging.citigo.dev:40001/api</msg>
<status status="PASS" starttime="20210226 17:41:16.472" endtime="20210226 17:41:16.472"></status>
</kw>
<kw name="Get From Dictionary" library="Collections">
<doc>Returns a value from the given ``dictionary`` based on the given ``key``.</doc>
<arguments>
<arg>${dic_url}</arg>
<arg>${env}</arg>
</arguments>
<assign>
<var>${url}</var>
</assign>
<msg timestamp="20210226 17:41:16.472" level="INFO">${url} = https://admin-staging.citigo.dev:40001</msg>
<status status="PASS" starttime="20210226 17:41:16.472" endtime="20210226 17:41:16.472"></status>
</kw>
<kw name="Get From Dictionary" library="Collections">
<doc>Returns a value from the given ``dictionary`` based on the given ``key``.</doc>
<arguments>
<arg>${dic_clientid}</arg>
<arg>${env}</arg>
</arguments>
<assign>
<var>${client_id}</var>
</assign>
<msg timestamp="20210226 17:41:16.472" level="INFO">${client_id} = 36971e98-89ac-4e77-884c-14772fe558ed</msg>
<status status="PASS" starttime="20210226 17:41:16.472" endtime="20210226 17:41:16.472"></status>
</kw>
<kw name="Get From Dictionary" library="Collections">
<doc>Returns a value from the given ``dictionary`` based on the given ``key``.</doc>
<arguments>
<arg>${dic_secretkey}</arg>
<arg>${env}</arg>
</arguments>
<assign>
<var>${secret_key}</var>
</assign>
<msg timestamp="20210226 17:41:16.472" level="INFO">${secret_key} = 201103C87111A3E74A41951C166A99B6068EB6A2</msg>
<status status="PASS" starttime="20210226 17:41:16.472" endtime="20210226 17:41:16.472"></status>
</kw>
<kw name="Get From Dictionary" library="Collections">
<doc>Returns a value from the given ``dictionary`` based on the given ``key``.</doc>
<arguments>
<arg>${dic_retailercode}</arg>
<arg>${env}</arg>
</arguments>
<assign>
<var>${retailer_code}</var>
</assign>
<msg timestamp="20210226 17:41:16.472" level="INFO">${retailer_code} = testautomykiot</msg>
<status status="PASS" starttime="20210226 17:41:16.472" endtime="20210226 17:41:16.472"></status>
</kw>
<kw name="Get From Dictionary" library="Collections">
<doc>Returns a value from the given ``dictionary`` based on the given ``key``.</doc>
<arguments>
<arg>${dic_retailerid}</arg>
<arg>${env}</arg>
</arguments>
<assign>
<var>${retailer_id}</var>
</assign>
<msg timestamp="20210226 17:41:16.472" level="INFO">${retailer_id} = 736403</msg>
<status status="PASS" starttime="20210226 17:41:16.472" endtime="20210226 17:41:16.472"></status>
</kw>
<kw name="Get From Dictionary" library="Collections">
<doc>Returns a value from the given ``dictionary`` based on the given ``key``.</doc>
<arguments>
<arg>${dic_accessurl}</arg>
<arg>${env}</arg>
</arguments>
<assign>
<var>${access_url}</var>
</assign>
<msg timestamp="20210226 17:41:16.472" level="INFO">${access_url} = https://admin-staging.citigo.dev:40001/connect?client_id=36971e98-89ac-4e77-884c-14772fe558ed&amp;secret_key=201103C87111A3E74A41951C166A99B6068EB6A2&amp;retailer_code=testautomykiot&amp;retailer_id=736403</msg>
<status status="PASS" starttime="20210226 17:41:16.472" endtime="20210226 17:41:16.472"></status>
</kw>
<kw name="Get From Dictionary" library="Collections">
<doc>Returns a value from the given ``dictionary`` based on the given ``key``.</doc>
<arguments>
<arg>${dic_storefronturl}</arg>
<arg>${env}</arg>
</arguments>
<assign>
<var>${storefront_url}</var>
</assign>
<msg timestamp="20210226 17:41:16.472" level="INFO">${storefront_url} = https://staging.citigo.dev:40001/testautomykiot</msg>
<status status="PASS" starttime="20210226 17:41:16.472" endtime="20210226 17:41:16.472"></status>
</kw>
<kw name="Get From Dictionary" library="Collections">
<doc>Returns a value from the given ``dictionary`` based on the given ``key``.</doc>
<arguments>
<arg>${dict_kvurl}</arg>
<arg>${env}</arg>
</arguments>
<assign>
<var>${kv_url}</var>
</assign>
<msg timestamp="20210226 17:41:16.472" level="INFO">${kv_url} = https://testautomykiot.kvpos.com:59909/</msg>
<status status="PASS" starttime="20210226 17:41:16.472" endtime="20210226 17:41:16.472"></status>
</kw>
<kw name="Get From Dictionary" library="Collections">
<doc>Returns a value from the given ``dictionary`` based on the given ``key``.</doc>
<arguments>
<arg>${dict_username}</arg>
<arg>${env}</arg>
</arguments>
<assign>
<var>${user_name}</var>
</assign>
<msg timestamp="20210226 17:41:16.472" level="INFO">${user_name} = admin</msg>
<status status="PASS" starttime="20210226 17:41:16.472" endtime="20210226 17:41:16.472"></status>
</kw>
<kw name="Get From Dictionary" library="Collections">
<doc>Returns a value from the given ``dictionary`` based on the given ``key``.</doc>
<arguments>
<arg>${dict_password}</arg>
<arg>${env}</arg>
</arguments>
<assign>
<var>${password}</var>
</assign>
<msg timestamp="20210226 17:41:16.472" level="INFO">${password} = 123</msg>
<status status="PASS" starttime="20210226 17:41:16.472" endtime="20210226 17:41:16.472"></status>
</kw>
<kw name="Get From Dictionary" library="Collections">
<doc>Returns a value from the given ``dictionary`` based on the given ``key``.</doc>
<arguments>
<arg>${dic_kv_apiurl}</arg>
<arg>${env}</arg>
</arguments>
<assign>
<var>${kvapi_url}</var>
</assign>
<msg timestamp="20210226 17:41:16.472" level="INFO">${kvapi_url} = https://testautomykiot.kvpos.com:59909/api</msg>
<status status="PASS" starttime="20210226 17:41:16.472" endtime="20210226 17:41:16.472"></status>
</kw>
<kw name="Get From Dictionary" library="Collections">
<doc>Returns a value from the given ``dictionary`` based on the given ``key``.</doc>
<arguments>
<arg>${dic_branchid}</arg>
<arg>${env}</arg>
</arguments>
<assign>
<var>${branch_id}</var>
</assign>
<msg timestamp="20210226 17:41:16.472" level="INFO">${branch_id} = 20363</msg>
<status status="PASS" starttime="20210226 17:41:16.472" endtime="20210226 17:41:16.472"></status>
</kw>
<kw name="Get From Dictionary" library="Collections">
<doc>Returns a value from the given ``dictionary`` based on the given ``key``.</doc>
<arguments>
<arg>${dic_zone}</arg>
<arg>${env}</arg>
</arguments>
<assign>
<var>${zone}</var>
</assign>
<msg timestamp="20210226 17:41:16.472" level="INFO">${zone} = 1</msg>
<status status="PASS" starttime="20210226 17:41:16.472" endtime="20210226 17:41:16.472"></status>
</kw>
<kw name="Get From Dictionary" library="Collections">
<doc>Returns a value from the given ``dictionary`` based on the given ``key``.</doc>
<arguments>
<arg>${dic_salekvapi}</arg>
<arg>${env}</arg>
</arguments>
<assign>
<var>${salekvapi}</var>
</assign>
<msg timestamp="20210226 17:41:16.488" level="INFO">${salekvapi} = https://kvpos.com:59309/api</msg>
<status status="PASS" starttime="20210226 17:41:16.488" endtime="20210226 17:41:16.488"></status>
</kw>
<kw name="Get From Dictionary" library="Collections">
<doc>Returns a value from the given ``dictionary`` based on the given ``key``.</doc>
<arguments>
<arg>${dic_google_account}</arg>
<arg>${env}</arg>
</arguments>
<assign>
<var>${google_account}</var>
</assign>
<msg timestamp="20210226 17:41:16.488" level="INFO">${google_account} = testautomation113@gmail.com</msg>
<status status="PASS" starttime="20210226 17:41:16.488" endtime="20210226 17:41:16.488"></status>
</kw>
<kw name="Get From Dictionary" library="Collections">
<doc>Returns a value from the given ``dictionary`` based on the given ``key``.</doc>
<arguments>
<arg>${dic_google_pass}</arg>
<arg>${env}</arg>
</arguments>
<assign>
<var>${google_pass}</var>
</assign>
<msg timestamp="20210226 17:41:16.488" level="INFO">${google_pass} = test@123456</msg>
<status status="PASS" starttime="20210226 17:41:16.488" endtime="20210226 17:41:16.488"></status>
</kw>
<kw name="Get From Dictionary" library="Collections">
<doc>Returns a value from the given ``dictionary`` based on the given ``key``.</doc>
<arguments>
<arg>${dic_customer_code_google_account}</arg>
<arg>${env}</arg>
</arguments>
<assign>
<var>${customer_code_google_account}</var>
</assign>
<msg timestamp="20210226 17:41:16.489" level="INFO">${customer_code_google_account} = KH368B823D1</msg>
<status status="PASS" starttime="20210226 17:41:16.489" endtime="20210226 17:41:16.489"></status>
</kw>
<kw name="Set Global Variable" library="BuiltIn">
<doc>Makes a variable available globally in all tests and suites.</doc>
<arguments>
<arg>\${api_url}</arg>
<arg>${api_url}</arg>
</arguments>
<msg timestamp="20210226 17:41:16.489" level="INFO">${api_url} = https://admin-staging.citigo.dev:40001/api</msg>
<status status="PASS" starttime="20210226 17:41:16.489" endtime="20210226 17:41:16.489"></status>
</kw>
<kw name="Set Global Variable" library="BuiltIn">
<doc>Makes a variable available globally in all tests and suites.</doc>
<arguments>
<arg>\${url}</arg>
<arg>${url}</arg>
</arguments>
<msg timestamp="20210226 17:41:16.490" level="INFO">${url} = https://admin-staging.citigo.dev:40001</msg>
<status status="PASS" starttime="20210226 17:41:16.490" endtime="20210226 17:41:16.490"></status>
</kw>
<kw name="Set Global Variable" library="BuiltIn">
<doc>Makes a variable available globally in all tests and suites.</doc>
<arguments>
<arg>\${client_id}</arg>
<arg>${client_id}</arg>
</arguments>
<msg timestamp="20210226 17:41:16.490" level="INFO">${client_id} = 36971e98-89ac-4e77-884c-14772fe558ed</msg>
<status status="PASS" starttime="20210226 17:41:16.490" endtime="20210226 17:41:16.490"></status>
</kw>
<kw name="Set Global Variable" library="BuiltIn">
<doc>Makes a variable available globally in all tests and suites.</doc>
<arguments>
<arg>\${secret_key}</arg>
<arg>${secret_key}</arg>
</arguments>
<msg timestamp="20210226 17:41:16.491" level="INFO">${secret_key} = 201103C87111A3E74A41951C166A99B6068EB6A2</msg>
<status status="PASS" starttime="20210226 17:41:16.491" endtime="20210226 17:41:16.491"></status>
</kw>
<kw name="Set Global Variable" library="BuiltIn">
<doc>Makes a variable available globally in all tests and suites.</doc>
<arguments>
<arg>\${retailer_code}</arg>
<arg>${retailer_code}</arg>
</arguments>
<msg timestamp="20210226 17:41:16.491" level="INFO">${retailer_code} = testautomykiot</msg>
<status status="PASS" starttime="20210226 17:41:16.491" endtime="20210226 17:41:16.491"></status>
</kw>
<kw name="Set Global Variable" library="BuiltIn">
<doc>Makes a variable available globally in all tests and suites.</doc>
<arguments>
<arg>\${retailer_id}</arg>
<arg>${retailer_id}</arg>
</arguments>
<msg timestamp="20210226 17:41:16.492" level="INFO">${retailer_id} = 736403</msg>
<status status="PASS" starttime="20210226 17:41:16.492" endtime="20210226 17:41:16.492"></status>
</kw>
<kw name="Set Global Variable" library="BuiltIn">
<doc>Makes a variable available globally in all tests and suites.</doc>
<arguments>
<arg>\${access_url}</arg>
<arg>${access_url}</arg>
</arguments>
<msg timestamp="20210226 17:41:16.492" level="INFO">${access_url} = https://admin-staging.citigo.dev:40001/connect?client_id=36971e98-89ac-4e77-884c-14772fe558ed&amp;secret_key=201103C87111A3E74A41951C166A99B6068EB6A2&amp;retailer_code=testautomykiot&amp;retailer_id=736403</msg>
<status status="PASS" starttime="20210226 17:41:16.492" endtime="20210226 17:41:16.492"></status>
</kw>
<kw name="Set Global Variable" library="BuiltIn">
<doc>Makes a variable available globally in all tests and suites.</doc>
<arguments>
<arg>\${storefront_url}</arg>
<arg>${storefront_url}</arg>
</arguments>
<msg timestamp="20210226 17:41:16.493" level="INFO">${storefront_url} = https://staging.citigo.dev:40001/testautomykiot</msg>
<status status="PASS" starttime="20210226 17:41:16.493" endtime="20210226 17:41:16.493"></status>
</kw>
<kw name="Set Global Variable" library="BuiltIn">
<doc>Makes a variable available globally in all tests and suites.</doc>
<arguments>
<arg>\${kv_url}</arg>
<arg>${kv_url}</arg>
</arguments>
<msg timestamp="20210226 17:41:16.493" level="INFO">${kv_url} = https://testautomykiot.kvpos.com:59909/</msg>
<status status="PASS" starttime="20210226 17:41:16.493" endtime="20210226 17:41:16.493"></status>
</kw>
<kw name="Set Global Variable" library="BuiltIn">
<doc>Makes a variable available globally in all tests and suites.</doc>
<arguments>
<arg>\${user_name}</arg>
<arg>${user_name}</arg>
</arguments>
<msg timestamp="20210226 17:41:16.494" level="INFO">${user_name} = admin</msg>
<status status="PASS" starttime="20210226 17:41:16.494" endtime="20210226 17:41:16.494"></status>
</kw>
<kw name="Set Global Variable" library="BuiltIn">
<doc>Makes a variable available globally in all tests and suites.</doc>
<arguments>
<arg>\${password}</arg>
<arg>${password}</arg>
</arguments>
<msg timestamp="20210226 17:41:16.494" level="INFO">${password} = 123</msg>
<status status="PASS" starttime="20210226 17:41:16.494" endtime="20210226 17:41:16.494"></status>
</kw>
<kw name="Set Global Variable" library="BuiltIn">
<doc>Makes a variable available globally in all tests and suites.</doc>
<arguments>
<arg>\${kvapi_url}</arg>
<arg>${kvapi_url}</arg>
</arguments>
<msg timestamp="20210226 17:41:16.495" level="INFO">${kvapi_url} = https://testautomykiot.kvpos.com:59909/api</msg>
<status status="PASS" starttime="20210226 17:41:16.495" endtime="20210226 17:41:16.495"></status>
</kw>
<kw name="Set Global Variable" library="BuiltIn">
<doc>Makes a variable available globally in all tests and suites.</doc>
<arguments>
<arg>\${branch_id}</arg>
<arg>${branch_id}</arg>
</arguments>
<msg timestamp="20210226 17:41:16.495" level="INFO">${branch_id} = 20363</msg>
<status status="PASS" starttime="20210226 17:41:16.495" endtime="20210226 17:41:16.495"></status>
</kw>
<kw name="Set Global Variable" library="BuiltIn">
<doc>Makes a variable available globally in all tests and suites.</doc>
<arguments>
<arg>\${zone}</arg>
<arg>${zone}</arg>
</arguments>
<msg timestamp="20210226 17:41:16.496" level="INFO">${zone} = 1</msg>
<status status="PASS" starttime="20210226 17:41:16.496" endtime="20210226 17:41:16.496"></status>
</kw>
<kw name="Set Global Variable" library="BuiltIn">
<doc>Makes a variable available globally in all tests and suites.</doc>
<arguments>
<arg>\${salekvapi}</arg>
<arg>${salekvapi}</arg>
</arguments>
<msg timestamp="20210226 17:41:16.496" level="INFO">${salekvapi} = https://kvpos.com:59309/api</msg>
<status status="PASS" starttime="20210226 17:41:16.496" endtime="20210226 17:41:16.496"></status>
</kw>
<kw name="Set Global Variable" library="BuiltIn">
<doc>Makes a variable available globally in all tests and suites.</doc>
<arguments>
<arg>\${google_account}</arg>
<arg>${google_account}</arg>
</arguments>
<msg timestamp="20210226 17:41:16.497" level="INFO">${google_account} = testautomation113@gmail.com</msg>
<status status="PASS" starttime="20210226 17:41:16.497" endtime="20210226 17:41:16.497"></status>
</kw>
<kw name="Set Global Variable" library="BuiltIn">
<doc>Makes a variable available globally in all tests and suites.</doc>
<arguments>
<arg>\${google_pass}</arg>
<arg>${google_pass}</arg>
</arguments>
<msg timestamp="20210226 17:41:16.497" level="INFO">${google_pass} = test@123456</msg>
<status status="PASS" starttime="20210226 17:41:16.497" endtime="20210226 17:41:16.498"></status>
</kw>
<kw name="Set Global Variable" library="BuiltIn">
<doc>Makes a variable available globally in all tests and suites.</doc>
<arguments>
<arg>\${customer_code_google_account}</arg>
<arg>${customer_code_google_account}</arg>
</arguments>
<msg timestamp="20210226 17:41:16.498" level="INFO">${customer_code_google_account} = KH368B823D1</msg>
<status status="PASS" starttime="20210226 17:41:16.498" endtime="20210226 17:41:16.498"></status>
</kw>
<status status="PASS" starttime="20210226 17:41:16.472" endtime="20210226 17:41:16.498"></status>
</kw>
<kw name="Get BearerToken from API" library="api_access_kv">
<assign>
<var>${token_value}</var>
<var>${resp.cookies}</var>
</assign>
<kw name="Create Dictionary" library="BuiltIn">
<doc>Creates and returns a dictionary based on the given ``items``.</doc>
<arguments>
<arg>UserName=${user_name}</arg>
<arg>Password=${password}</arg>
</arguments>
<assign>
<var>${credential}</var>
</assign>
<msg timestamp="20210226 17:41:16.499" level="INFO">${credential} = {'UserName': 'admin', 'Password': '123'}</msg>
<status status="PASS" starttime="20210226 17:41:16.499" endtime="20210226 17:41:16.499"></status>
</kw>
<kw name="Create Dictionary" library="BuiltIn">
<doc>Creates and returns a dictionary based on the given ``items``.</doc>
<arguments>
<arg>Content-Type=application/json</arg>
<arg>Retailer=${retailer_code}</arg>
</arguments>
<assign>
<var>${headers1}</var>
</assign>
<msg timestamp="20210226 17:41:16.500" level="INFO">${headers1} = {'Content-Type': 'application/json', 'Retailer': 'testautomykiot'}</msg>
<status status="PASS" starttime="20210226 17:41:16.499" endtime="20210226 17:41:16.500"></status>
</kw>
<kw name="Create Session" library="RequestsLibrary">
<doc>Create Session: create a HTTP session to a server</doc>
<arguments>
<arg>ali</arg>
<arg>${kv_url}</arg>
<arg>headers=${headers1}</arg>
<arg>verify=True</arg>
</arguments>
<msg timestamp="20210226 17:41:16.500" level="INFO">Creating Session using : alias=ali, url=https://testautomykiot.kvpos.com:59909/, headers={'Content-Type': 'application/json', 'Retailer': 'testautomykiot'},                     cookies={}, auth=None, timeout=None, proxies=None, verify=True,                     debug=0 </msg>
<status status="PASS" starttime="20210226 17:41:16.500" endtime="20210226 17:41:16.501"></status>
</kw>
<kw name="Post Request" library="RequestsLibrary">
<doc>Send a POST request on the session object found using the
given `alias`</doc>
<arguments>
<arg>ali</arg>
<arg>/api/auth/salelogin</arg>
<arg>data=${credential}</arg>
</arguments>
<assign>
<var>${resp}</var>
</assign>
<msg timestamp="20210226 17:41:16.651" level="INFO">POST Request : url=https://testautomykiot.kvpos.com:59909//api/auth/salelogin 
 path_url=//api/auth/salelogin 
 headers={'User-Agent': 'python-requests/2.20.1', 'Accept-Encoding': 'gzip, deflate', 'Accept': '*/*', 'Connection': 'keep-alive', 'Content-Type': 'application/json', 'Retailer': 'testautomykiot', 'Content-Length': '40'} 
 body={"UserName": "admin", "Password": "123"} 
 </msg>
<msg timestamp="20210226 17:41:16.651" level="INFO">POST Response : url=https://testautomykiot.kvpos.com:59909//api/auth/salelogin 
 status=200, reason=OK 
 body={"UserId":179620,"UserName":"admin","SessionId":"xPwyhaQ1MQlJgac9mY5d","BearerToken":"eyJ0eXAiOiJKV1QiLCJhbGciOiJIUzI1NiIsImtpZCI6IjJYViJ9.eyJpc3MiOiJrdnNzand0Iiwic3ViIjoxNzk2MjAsImlhdCI6MTYxNDMzNjA3NiwiZXhwIjoxNjE2OTI4MDc2LCJwcmVmZXJyZWRfdXNlcm5hbWUiOiJhZG1pbiIsInJvbGVzIjpbIlVzZXIiXSwia3ZzZXMiOiIyZmQzMzM0NDg1ZWE0YzU5YThiY2Y0ZDEyYmI1ZDI0NiIsImt2dWlkIjoxNzk2MjAsImt2dXR5cGUiOjAsImt2dWxpbWl0IjoiRmFsc2UiLCJrdnVhZG1pbiI6IlRydWUiLCJrdnVhY3QiOiJUcnVlIiwia3Z1bGltaXR0cmFucyI6IkZhbHNlIiwia3Z1c2hvd3N1bSI6IlRydWUiLCJrdmJpZCI6MjAzNjMsImt2cmluZGlkIjo5LCJrdnJjb2RlIjoidGVzdGF1dG9teWtpb3QiLCJrdnJpZCI6NzM2NDAzLCJrdnVyaWQiOjczNjQwMywia3ZyZ2lkIjoxLCJwZXJtcyI6IiJ9.mf1cTHqaW6nh_UCONPA12mWBFX0aPZxy7Jlj-KemjiM","CurrentBranchId":20363,"IsShowNotificationPopupDr":true,"IsOTPVerifcationRequired":false} 
 </msg>
<msg timestamp="20210226 17:41:16.651" level="INFO">${resp} = &lt;Response [200]&gt;</msg>
<status status="PASS" starttime="20210226 17:41:16.501" endtime="20210226 17:41:16.651"></status>
</kw>
<kw name="Should Be Equal As Strings" library="BuiltIn">
<doc>Fails if objects are unequal after converting them to strings.</doc>
<arguments>
<arg>${resp.status_code}</arg>
<arg>200</arg>
</arguments>
<msg timestamp="20210226 17:41:16.651" level="INFO">Argument types are:
&lt;class 'int'&gt;
&lt;type 'unicode'&gt;</msg>
<status status="PASS" starttime="20210226 17:41:16.651" endtime="20210226 17:41:16.651"></status>
</kw>
<kw name="Log" library="BuiltIn">
<doc>Logs the given message with the given level.</doc>
<arguments>
<arg>${resp.json()}</arg>
</arguments>
<msg timestamp="20210226 17:41:16.651" level="INFO">{'UserId': 179620, 'UserName': 'admin', 'SessionId': 'xPwyhaQ1MQlJgac9mY5d', 'BearerToken': 'eyJ0eXAiOiJKV1QiLCJhbGciOiJIUzI1NiIsImtpZCI6IjJYViJ9.eyJpc3MiOiJrdnNzand0Iiwic3ViIjoxNzk2MjAsImlhdCI6MTYxNDMzNjA3NiwiZXhwIjoxNjE2OTI4MDc2LCJwcmVmZXJyZWRfdXNlcm5hbWUiOiJhZG1pbiIsInJvbGVzIjpbIlVzZXIiXSwia3ZzZXMiOiIyZmQzMzM0NDg1ZWE0YzU5YThiY2Y0ZDEyYmI1ZDI0NiIsImt2dWlkIjoxNzk2MjAsImt2dXR5cGUiOjAsImt2dWxpbWl0IjoiRmFsc2UiLCJrdnVhZG1pbiI6IlRydWUiLCJrdnVhY3QiOiJUcnVlIiwia3Z1bGltaXR0cmFucyI6IkZhbHNlIiwia3Z1c2hvd3N1bSI6IlRydWUiLCJrdmJpZCI6MjAzNjMsImt2cmluZGlkIjo5LCJrdnJjb2RlIjoidGVzdGF1dG9teWtpb3QiLCJrdnJpZCI6NzM2NDAzLCJrdnVyaWQiOjczNjQwMywia3ZyZ2lkIjoxLCJwZXJtcyI6IiJ9.mf1cTHqaW6nh_UCONPA12mWBFX0aPZxy7Jlj-KemjiM', 'CurrentBranchId': 20363, 'IsShowNotificationPopupDr': True, 'IsOTPVerifcationRequired': False}</msg>
<status status="PASS" starttime="20210226 17:41:16.651" endtime="20210226 17:41:16.651"></status>
</kw>
<kw name="Log" library="BuiltIn">
<doc>Logs the given message with the given level.</doc>
<arguments>
<arg>${resp.cookies}</arg>
</arguments>
<msg timestamp="20210226 17:41:16.651" level="INFO">&lt;RequestsCookieJar[&lt;Cookie LatestBranch_736403_179620=20363 for testautomykiot.kvpos.com/&gt;, &lt;Cookie Retailer=testautomykiot for testautomykiot.kvpos.com/&gt;, &lt;Cookie newfnb=0 for testautomykiot.kvpos.com/&gt;, &lt;Cookie ss-id=xPwyhaQ1MQlJgac9mY5d for testautomykiot.kvpos.com/&gt;, &lt;Cookie ss-opt=temp for testautomykiot.kvpos.com/&gt;, &lt;Cookie ss-pid=FvRHNXsTwygdrENXYkFr for testautomykiot.kvpos.com/&gt;, &lt;Cookie ss-tok=eyJ0eXAiOiJKV1QiLCJhbGciOiJIUzI1NiIsImtpZCI6IjJYViJ9.eyJpc3MiOiJrdnNzand0Iiwic3ViIjoxNzk2MjAsImlhdCI6MTYxNDMzNjA3NiwiZXhwIjoxNjE2OTI4MDc2LCJwcmVmZXJyZWRfdXNlcm5hbWUiOiJhZG1pbiIsInJvbGVzIjpbIlVzZXIiXSwia3ZzZXMiOiIyZmQzMzM0NDg1ZWE0YzU5YThiY2Y0ZDEyYmI1ZDI0NiIsImt2dWlkIjoxNzk2MjAsImt2dXR5cGUiOjAsImt2dWxpbWl0IjoiRmFsc2UiLCJrdnVhZG1pbiI6IlRydWUiLCJrdnVhY3QiOiJUcnVlIiwia3Z1bGltaXR0cmFucyI6IkZhbHNlIiwia3Z1c2hvd3N1bSI6IlRydWUiLCJrdmJpZCI6MjAzNjMsImt2cmluZGlkIjo5LCJrdnJjb2RlIjoidGVzdGF1dG9teWtpb3QiLCJrdnJpZCI6NzM2NDAzLCJrdnVyaWQiOjczNjQwMywia3ZyZ2lkIjoxLCJwZXJtcyI6IiJ9.mf1cTHqaW6nh_UCONPA12mWBFX0aPZxy7Jlj-KemjiM for testautomykiot.kvpos.com/&gt;]&gt;</msg>
<status status="PASS" starttime="20210226 17:41:16.651" endtime="20210226 17:41:16.651"></status>
</kw>
<kw name="Get Value From Json" library="JSONLibrary">
<doc>Get Value From JSON using JSONPath</doc>
<arguments>
<arg>${resp.json()}</arg>
<arg>$..BearerToken</arg>
</arguments>
<assign>
<var>${bearertoken}</var>
</assign>
<msg timestamp="20210226 17:41:16.673" level="INFO">${bearertoken} = ['eyJ0eXAiOiJKV1QiLCJhbGciOiJIUzI1NiIsImtpZCI6IjJYViJ9.eyJpc3MiOiJrdnNzand0Iiwic3ViIjoxNzk2MjAsImlhdCI6MTYxNDMzNjA3NiwiZXhwIjoxNjE2OTI4MDc2LCJwcmVmZXJyZWRfdXNlcm5hbWUiOiJhZG1pbiIsInJvbGVzIjpbIlVzZXIiX...</msg>
<status status="PASS" starttime="20210226 17:41:16.651" endtime="20210226 17:41:16.673"></status>
</kw>
<kw name="Log" library="BuiltIn">
<doc>Logs the given message with the given level.</doc>
<arguments>
<arg>${bearertoken}</arg>
</arguments>
<msg timestamp="20210226 17:41:16.673" level="INFO">['eyJ0eXAiOiJKV1QiLCJhbGciOiJIUzI1NiIsImtpZCI6IjJYViJ9.eyJpc3MiOiJrdnNzand0Iiwic3ViIjoxNzk2MjAsImlhdCI6MTYxNDMzNjA3NiwiZXhwIjoxNjE2OTI4MDc2LCJwcmVmZXJyZWRfdXNlcm5hbWUiOiJhZG1pbiIsInJvbGVzIjpbIlVzZXIiXSwia3ZzZXMiOiIyZmQzMzM0NDg1ZWE0YzU5YThiY2Y0ZDEyYmI1ZDI0NiIsImt2dWlkIjoxNzk2MjAsImt2dXR5cGUiOjAsImt2dWxpbWl0IjoiRmFsc2UiLCJrdnVhZG1pbiI6IlRydWUiLCJrdnVhY3QiOiJUcnVlIiwia3Z1bGltaXR0cmFucyI6IkZhbHNlIiwia3Z1c2hvd3N1bSI6IlRydWUiLCJrdmJpZCI6MjAzNjMsImt2cmluZGlkIjo5LCJrdnJjb2RlIjoidGVzdGF1dG9teWtpb3QiLCJrdnJpZCI6NzM2NDAzLCJrdnVyaWQiOjczNjQwMywia3ZyZ2lkIjoxLCJwZXJtcyI6IiJ9.mf1cTHqaW6nh_UCONPA12mWBFX0aPZxy7Jlj-KemjiM']</msg>
<status status="PASS" starttime="20210226 17:41:16.673" endtime="20210226 17:41:16.673"></status>
</kw>
<kw name="Evaluate" library="BuiltIn">
<doc>Evaluates the given expression in Python and returns the result.</doc>
<arguments>
<arg>$bearertoken[0] if $bearertoken else 0</arg>
<arg>modules=random, sys</arg>
</arguments>
<assign>
<var>${bearertoken}</var>
</assign>
<msg timestamp="20210226 17:41:16.673" level="INFO">${bearertoken} = eyJ0eXAiOiJKV1QiLCJhbGciOiJIUzI1NiIsImtpZCI6IjJYViJ9.eyJpc3MiOiJrdnNzand0Iiwic3ViIjoxNzk2MjAsImlhdCI6MTYxNDMzNjA3NiwiZXhwIjoxNjE2OTI4MDc2LCJwcmVmZXJyZWRfdXNlcm5hbWUiOiJhZG1pbiIsInJvbGVzIjpbIlVzZXIiXSw...</msg>
<status status="PASS" starttime="20210226 17:41:16.673" endtime="20210226 17:41:16.673"></status>
</kw>
<kw name="Catenate" library="BuiltIn">
<doc>Catenates the given items together and returns the resulted string.</doc>
<arguments>
<arg>Bearer</arg>
<arg>${bearertoken}</arg>
</arguments>
<assign>
<var>${bearertoken}</var>
</assign>
<msg timestamp="20210226 17:41:16.673" level="INFO">${bearertoken} = Bearer eyJ0eXAiOiJKV1QiLCJhbGciOiJIUzI1NiIsImtpZCI6IjJYViJ9.eyJpc3MiOiJrdnNzand0Iiwic3ViIjoxNzk2MjAsImlhdCI6MTYxNDMzNjA3NiwiZXhwIjoxNjE2OTI4MDc2LCJwcmVmZXJyZWRfdXNlcm5hbWUiOiJhZG1pbiIsInJvbGVzIjpbIlVz...</msg>
<status status="PASS" starttime="20210226 17:41:16.673" endtime="20210226 17:41:16.673"></status>
</kw>
<kw name="Log" library="BuiltIn">
<doc>Logs the given message with the given level.</doc>
<arguments>
<arg>${bearertoken}</arg>
</arguments>
<msg timestamp="20210226 17:41:16.673" level="INFO">Bearer eyJ0eXAiOiJKV1QiLCJhbGciOiJIUzI1NiIsImtpZCI6IjJYViJ9.eyJpc3MiOiJrdnNzand0Iiwic3ViIjoxNzk2MjAsImlhdCI6MTYxNDMzNjA3NiwiZXhwIjoxNjE2OTI4MDc2LCJwcmVmZXJyZWRfdXNlcm5hbWUiOiJhZG1pbiIsInJvbGVzIjpbIlVzZXIiXSwia3ZzZXMiOiIyZmQzMzM0NDg1ZWE0YzU5YThiY2Y0ZDEyYmI1ZDI0NiIsImt2dWlkIjoxNzk2MjAsImt2dXR5cGUiOjAsImt2dWxpbWl0IjoiRmFsc2UiLCJrdnVhZG1pbiI6IlRydWUiLCJrdnVhY3QiOiJUcnVlIiwia3Z1bGltaXR0cmFucyI6IkZhbHNlIiwia3Z1c2hvd3N1bSI6IlRydWUiLCJrdmJpZCI6MjAzNjMsImt2cmluZGlkIjo5LCJrdnJjb2RlIjoidGVzdGF1dG9teWtpb3QiLCJrdnJpZCI6NzM2NDAzLCJrdnVyaWQiOjczNjQwMywia3ZyZ2lkIjoxLCJwZXJtcyI6IiJ9.mf1cTHqaW6nh_UCONPA12mWBFX0aPZxy7Jlj-KemjiM</msg>
<status status="PASS" starttime="20210226 17:41:16.673" endtime="20210226 17:41:16.673"></status>
</kw>
<kw name="Return From Keyword" library="BuiltIn">
<doc>Returns from the enclosing user keyword.</doc>
<arguments>
<arg>${bearertoken}</arg>
<arg>${resp.cookies}</arg>
</arguments>
<msg timestamp="20210226 17:41:16.673" level="INFO">Returning from the enclosing user keyword.</msg>
<status status="PASS" starttime="20210226 17:41:16.673" endtime="20210226 17:41:16.673"></status>
</kw>
<msg timestamp="20210226 17:41:16.673" level="INFO">${token_value} = Bearer eyJ0eXAiOiJKV1QiLCJhbGciOiJIUzI1NiIsImtpZCI6IjJYViJ9.eyJpc3MiOiJrdnNzand0Iiwic3ViIjoxNzk2MjAsImlhdCI6MTYxNDMzNjA3NiwiZXhwIjoxNjE2OTI4MDc2LCJwcmVmZXJyZWRfdXNlcm5hbWUiOiJhZG1pbiIsInJvbGVzIjpbIlVz...</msg>
<msg timestamp="20210226 17:41:16.688" level="INFO">${resp.cookies} = &lt;RequestsCookieJar[&lt;Cookie LatestBranch_736403_179620=20363 for testautomykiot.kvpos.com/&gt;, &lt;Cookie Retailer=testautomykiot for testautomykiot.kvpos.com/&gt;, &lt;Cookie newfnb=0 for testautomykiot.kvpos.co...</msg>
<timeout value="5 minutes"></timeout>
<status status="PASS" starttime="20210226 17:41:16.498" endtime="20210226 17:41:16.688"></status>
</kw>
<kw name="Set Global Variable" library="BuiltIn">
<doc>Makes a variable available globally in all tests and suites.</doc>
<arguments>
<arg>\${bearertoken}</arg>
<arg>${token_value}</arg>
</arguments>
<msg timestamp="20210226 17:41:16.688" level="INFO">${bearertoken} = Bearer eyJ0eXAiOiJKV1QiLCJhbGciOiJIUzI1NiIsImtpZCI6IjJYViJ9.eyJpc3MiOiJrdnNzand0Iiwic3ViIjoxNzk2MjAsImlhdCI6MTYxNDMzNjA3NiwiZXhwIjoxNjE2OTI4MDc2LCJwcmVmZXJyZWRfdXNlcm5hbWUiOiJhZG1pbiIsInJvbGVzIjpbIlVz...</msg>
<status status="PASS" starttime="20210226 17:41:16.688" endtime="20210226 17:41:16.688"></status>
</kw>
<kw name="Set Global Variable" library="BuiltIn">
<doc>Makes a variable available globally in all tests and suites.</doc>
<arguments>
<arg>\${resp.cookies}</arg>
<arg>${resp.cookies}</arg>
</arguments>
<msg timestamp="20210226 17:41:16.688" level="INFO">${resp.cookies} = &lt;RequestsCookieJar[&lt;Cookie LatestBranch_736403_179620=20363 for testautomykiot.kvpos.com/&gt;, &lt;Cookie Retailer=testautomykiot for testautomykiot.kvpos.com/&gt;, &lt;Cookie newfnb=0 for testautomykiot.kvpos.co...</msg>
<status status="PASS" starttime="20210226 17:41:16.688" endtime="20210226 17:41:16.688"></status>
</kw>
<kw name="Append To Environment Variable" library="OperatingSystem">
<doc>Appends given ``values`` to environment variable ``name``.</doc>
<arguments>
<arg>PATH</arg>
<arg>${EXECDIR}${/}Drivers</arg>
</arguments>
<msg timestamp="20210226 17:41:16.688" level="INFO">Environment variable 'PATH' set to value 'c:\users\quannt\appdata\local\programs\python\python37\lib\site-packages\pywin32_system32;C:\Program Files (x86)\Common Files\Oracle\Java\javapath;C:\Windows\system32;C:\Windows;C:\Windows\System32\Wbem;C:\Windows\System32\WindowsPowerShell\v1.0\;C:\Windows\System32\OpenSSH\;C:\Program Files\Git\cmd;C:\Users\quannt\AppData\Local\Programs\Python\Python37\Scripts;C:\Users\quannt\PycharmProjects\Automationpython\venv\Scripts;C:\Program Files\Java\jdk1.8.0_211;C:\Users\quannt\AppData\Local\Programs\Python\Python37\Scripts\;C:\Users\quannt\AppData\Local\Programs\Python\Python37\;C:\Users\quannt\AppData\Local\Microsoft\WindowsApps;C:\Users\quannt\AppData\Local\GitHubDesktop\bin;C:\Users\quannt\Documents\GitHub\Mykiot\Testsuites\Drivers'.</msg>
<status status="PASS" starttime="20210226 17:41:16.688" endtime="20210226 17:41:16.688"></status>
</kw>
<kw name="Set Screenshot Directory" library="SeleniumLibrary">
<doc>Sets the directory for captured screenshots.</doc>
<arguments>
<arg>${EXECDIR}${/}Out${/}Failures</arg>
</arguments>
<status status="PASS" starttime="20210226 17:41:16.688" endtime="20210226 17:41:16.688"></status>
</kw>
<status status="PASS" starttime="20210226 17:41:16.466" endtime="20210226 17:41:16.688"></status>
</kw>
<test id="s1-t1" name="TC048">
<kw name="before test" library="Common" type="setup">
<arguments>
<arg>stagingnew</arg>
</arguments>
<kw name="fill env" library="envi">
<arguments>
<arg>${env}</arg>
</arguments>
<kw name="Log" library="BuiltIn">
<doc>Logs the given message with the given level.</doc>
<arguments>
<arg>${env}</arg>
</arguments>
<msg timestamp="20210226 17:41:16.688" level="INFO">stagingnew</msg>
<status status="PASS" starttime="20210226 17:41:16.688" endtime="20210226 17:41:16.688"></status>
</kw>
<kw name="Create Dictionary" library="BuiltIn">
<doc>Creates and returns a dictionary based on the given ``items``.</doc>
<arguments>
<arg>live=https://admin.mykiot.vn/api</arg>
<arg>stagingnew=https://admin-staging.citigo.dev:40001/api</arg>
<arg>prelivenew=https://admin-prelive.citigo.dev:40003/api</arg>
</arguments>
<assign>
<var>${dic_api_url}</var>
</assign>
<msg timestamp="20210226 17:41:16.688" level="INFO">${dic_api_url} = {'live': 'https://admin.mykiot.vn/api', 'stagingnew': 'https://admin-staging.citigo.dev:40001/api', 'prelivenew': 'https://admin-prelive.citigo.dev:40003/api'}</msg>
<status status="PASS" starttime="20210226 17:41:16.688" endtime="20210226 17:41:16.688"></status>
</kw>
<kw name="Create Dictionary" library="BuiltIn">
<doc>Creates and returns a dictionary based on the given ``items``.</doc>
<arguments>
<arg>live=https://admin.mykiot.vn</arg>
<arg>stagingnew=https://admin-staging.citigo.dev:40001</arg>
<arg>prelivenew=https://admin-prelive.citigo.dev:40003</arg>
</arguments>
<assign>
<var>${dic_url}</var>
</assign>
<msg timestamp="20210226 17:41:16.688" level="INFO">${dic_url} = {'live': 'https://admin.mykiot.vn', 'stagingnew': 'https://admin-staging.citigo.dev:40001', 'prelivenew': 'https://admin-prelive.citigo.dev:40003'}</msg>
<status status="PASS" starttime="20210226 17:41:16.688" endtime="20210226 17:41:16.688"></status>
</kw>
<kw name="Create Dictionary" library="BuiltIn">
<doc>Creates and returns a dictionary based on the given ``items``.</doc>
<arguments>
<arg>live=1f36fe67-a0f2-453b-bea5-9d778218279c</arg>
<arg>stagingnew=36971e98-89ac-4e77-884c-14772fe558ed</arg>
<arg>prelivenew=36971e98-89ac-4e77-884c-14772fe558ed</arg>
</arguments>
<assign>
<var>${dic_clientid}</var>
</assign>
<msg timestamp="20210226 17:41:16.688" level="INFO">${dic_clientid} = {'live': '1f36fe67-a0f2-453b-bea5-9d778218279c', 'stagingnew': '36971e98-89ac-4e77-884c-14772fe558ed', 'prelivenew': '36971e98-89ac-4e77-884c-14772fe558ed'}</msg>
<status status="PASS" starttime="20210226 17:41:16.688" endtime="20210226 17:41:16.688"></status>
</kw>
<kw name="Create Dictionary" library="BuiltIn">
<doc>Creates and returns a dictionary based on the given ``items``.</doc>
<arguments>
<arg>live=5F16AD6044795B917F2F9E640F572EF835B71254</arg>
<arg>stagingnew=201103C87111A3E74A41951C166A99B6068EB6A2</arg>
<arg>prelivenew=201103C87111A3E74A41951C166A99B6068EB6A2</arg>
</arguments>
<assign>
<var>${dic_secretkey}</var>
</assign>
<msg timestamp="20210226 17:41:16.688" level="INFO">${dic_secretkey} = {'live': '5F16AD6044795B917F2F9E640F572EF835B71254', 'stagingnew': '201103C87111A3E74A41951C166A99B6068EB6A2', 'prelivenew': '201103C87111A3E74A41951C166A99B6068EB6A2'}</msg>
<status status="PASS" starttime="20210226 17:41:16.688" endtime="20210226 17:41:16.688"></status>
</kw>
<kw name="Create Dictionary" library="BuiltIn">
<doc>Creates and returns a dictionary based on the given ``items``.</doc>
<arguments>
<arg>live=testautomykiot</arg>
<arg>stagingnew=testautomykiot</arg>
<arg>prelivenew=testautomykiot</arg>
</arguments>
<assign>
<var>${dic_retailercode}</var>
</assign>
<msg timestamp="20210226 17:41:16.688" level="INFO">${dic_retailercode} = {'live': 'testautomykiot', 'stagingnew': 'testautomykiot', 'prelivenew': 'testautomykiot'}</msg>
<status status="PASS" starttime="20210226 17:41:16.688" endtime="20210226 17:41:16.688"></status>
</kw>
<kw name="Create Dictionary" library="BuiltIn">
<doc>Creates and returns a dictionary based on the given ``items``.</doc>
<arguments>
<arg>live=737280</arg>
<arg>stagingnew=736403</arg>
<arg>prelivenew=736403</arg>
</arguments>
<assign>
<var>${dic_retailerid}</var>
</assign>
<msg timestamp="20210226 17:41:16.688" level="INFO">${dic_retailerid} = {'live': '737280', 'stagingnew': '736403', 'prelivenew': '736403'}</msg>
<status status="PASS" starttime="20210226 17:41:16.688" endtime="20210226 17:41:16.688"></status>
</kw>
<kw name="Create Dictionary" library="BuiltIn">
<doc>Creates and returns a dictionary based on the given ``items``.</doc>
<arguments>
<arg>live=https://admin.mykiot.vn/connect?client_id=1f36fe67-a0f2-453b-bea5-9d778218279c&amp;secret_key=5F16AD6044795B917F2F9E640F572EF835B71254&amp;retailer_code=testautomykiot&amp;retailer_id=737280</arg>
<arg>stagingnew=https://admin-staging.citigo.dev:40001/connect?client_id=36971e98-89ac-4e77-884c-14772fe558ed&amp;secret_key=201103C87111A3E74A41951C166A99B6068EB6A2&amp;retailer_code=testautomykiot&amp;retailer_id=736403</arg>
<arg>prelivenew=https://admin-prelive.citigo.dev:40003/connect?client_id=36971e98-89ac-4e77-884c-14772fe558ed&amp;secret_key=201103C87111A3E74A41951C166A99B6068EB6A2&amp;retailer_code=testautomykiot&amp;retailer_id=736403</arg>
</arguments>
<assign>
<var>${dic_accessurl}</var>
</assign>
<msg timestamp="20210226 17:41:16.688" level="INFO">${dic_accessurl} = {'live': 'https://admin.mykiot.vn/connect?client_id=1f36fe67-a0f2-453b-bea5-9d778218279c&amp;secret_key=5F16AD6044795B917F2F9E640F572EF835B71254&amp;retailer_code=testautomykiot&amp;retailer_id=737280', 'stagingn...</msg>
<status status="PASS" starttime="20210226 17:41:16.688" endtime="20210226 17:41:16.688"></status>
</kw>
<kw name="Create Dictionary" library="BuiltIn">
<doc>Creates and returns a dictionary based on the given ``items``.</doc>
<arguments>
<arg>live=https://mykiot.vn/testautomykiot</arg>
<arg>stagingnew=https://staging.citigo.dev:40001/testautomykiot</arg>
<arg>prelivenew=https://prelive.citigo.dev:40003/testautomykiot</arg>
</arguments>
<assign>
<var>${dic_storefronturl}</var>
</assign>
<msg timestamp="20210226 17:41:16.688" level="INFO">${dic_storefronturl} = {'live': 'https://mykiot.vn/testautomykiot', 'stagingnew': 'https://staging.citigo.dev:40001/testautomykiot', 'prelivenew': 'https://prelive.citigo.dev:40003/testautomykiot'}</msg>
<status status="PASS" starttime="20210226 17:41:16.688" endtime="20210226 17:41:16.688"></status>
</kw>
<kw name="Create Dictionary" library="BuiltIn">
<doc>Creates and returns a dictionary based on the given ``items``.</doc>
<arguments>
<arg>live=https://testautomykiot.kiotviet.com/</arg>
<arg>stagingnew=https://testautomykiot.kvpos.com:59909/</arg>
<arg>prelivenew=https://testautomykiot.kvpos.com:59909/</arg>
</arguments>
<assign>
<var>${dict_kvurl}</var>
</assign>
<msg timestamp="20210226 17:41:16.688" level="INFO">${dict_kvurl} = {'live': 'https://testautomykiot.kiotviet.com/', 'stagingnew': 'https://testautomykiot.kvpos.com:59909/', 'prelivenew': 'https://testautomykiot.kvpos.com:59909/'}</msg>
<status status="PASS" starttime="20210226 17:41:16.688" endtime="20210226 17:41:16.688"></status>
</kw>
<kw name="Create Dictionary" library="BuiltIn">
<doc>Creates and returns a dictionary based on the given ``items``.</doc>
<arguments>
<arg>live=admin</arg>
<arg>stagingnew=admin</arg>
<arg>prelivenew=admin</arg>
</arguments>
<assign>
<var>${dict_username}</var>
</assign>
<msg timestamp="20210226 17:41:16.688" level="INFO">${dict_username} = {'live': 'admin', 'stagingnew': 'admin', 'prelivenew': 'admin'}</msg>
<status status="PASS" starttime="20210226 17:41:16.688" endtime="20210226 17:41:16.688"></status>
</kw>
<kw name="Create Dictionary" library="BuiltIn">
<doc>Creates and returns a dictionary based on the given ``items``.</doc>
<arguments>
<arg>live=123</arg>
<arg>stagingnew=123</arg>
<arg>prelivenew=123</arg>
</arguments>
<assign>
<var>${dict_password}</var>
</assign>
<msg timestamp="20210226 17:41:16.688" level="INFO">${dict_password} = {'live': '123', 'stagingnew': '123', 'prelivenew': '123'}</msg>
<status status="PASS" starttime="20210226 17:41:16.688" endtime="20210226 17:41:16.688"></status>
</kw>
<kw name="Create Dictionary" library="BuiltIn">
<doc>Creates and returns a dictionary based on the given ``items``.</doc>
<arguments>
<arg>live=https://testautomykiot.kiotviet.com/api</arg>
<arg>stagingnew=https://testautomykiot.kvpos.com:59909/api</arg>
<arg>prelivenew=https://testautomykiot.kvpos.com:59909/api</arg>
</arguments>
<assign>
<var>${dic_kv_apiurl}</var>
</assign>
<msg timestamp="20210226 17:41:16.688" level="INFO">${dic_kv_apiurl} = {'live': 'https://testautomykiot.kiotviet.com/api', 'stagingnew': 'https://testautomykiot.kvpos.com:59909/api', 'prelivenew': 'https://testautomykiot.kvpos.com:59909/api'}</msg>
<status status="PASS" starttime="20210226 17:41:16.688" endtime="20210226 17:41:16.688"></status>
</kw>
<kw name="Create Dictionary" library="BuiltIn">
<doc>Creates and returns a dictionary based on the given ``items``.</doc>
<arguments>
<arg>live=9113</arg>
<arg>stagingnew=20363</arg>
<arg>prelivenew=20363</arg>
</arguments>
<assign>
<var>${dic_branchid}</var>
</assign>
<msg timestamp="20210226 17:41:16.688" level="INFO">${dic_branchid} = {'live': '9113', 'stagingnew': '20363', 'prelivenew': '20363'}</msg>
<status status="PASS" starttime="20210226 17:41:16.688" endtime="20210226 17:41:16.688"></status>
</kw>
<kw name="Create Dictionary" library="BuiltIn">
<doc>Creates and returns a dictionary based on the given ``items``.</doc>
<arguments>
<arg>live=26</arg>
<arg>stagingnew=1</arg>
<arg>prelivenew=1</arg>
</arguments>
<assign>
<var>${dic_zone}</var>
</assign>
<msg timestamp="20210226 17:41:16.688" level="INFO">${dic_zone} = {'live': '26', 'stagingnew': '1', 'prelivenew': '1'}</msg>
<status status="PASS" starttime="20210226 17:41:16.688" endtime="20210226 17:41:16.688"></status>
</kw>
<kw name="Create Dictionary" library="BuiltIn">
<doc>Creates and returns a dictionary based on the given ``items``.</doc>
<arguments>
<arg>live=https://sale.kiotapi.com/api</arg>
<arg>stagingnew=https://kvpos.com:59309/api</arg>
<arg>prelivenew=https://kvpos.com:59309/api</arg>
</arguments>
<assign>
<var>${dic_salekvapi}</var>
</assign>
<msg timestamp="20210226 17:41:16.688" level="INFO">${dic_salekvapi} = {'live': 'https://sale.kiotapi.com/api', 'stagingnew': 'https://kvpos.com:59309/api', 'prelivenew': 'https://kvpos.com:59309/api'}</msg>
<status status="PASS" starttime="20210226 17:41:16.688" endtime="20210226 17:41:16.688"></status>
</kw>
<kw name="Create Dictionary" library="BuiltIn">
<doc>Creates and returns a dictionary based on the given ``items``.</doc>
<arguments>
<arg>live=testautomation113@gmail.com</arg>
<arg>stagingnew=testautomation113@gmail.com</arg>
<arg>prelivenew=testautomation113@gmail.com</arg>
</arguments>
<assign>
<var>${dic_google_account}</var>
</assign>
<msg timestamp="20210226 17:41:16.688" level="INFO">${dic_google_account} = {'live': 'testautomation113@gmail.com', 'stagingnew': 'testautomation113@gmail.com', 'prelivenew': 'testautomation113@gmail.com'}</msg>
<status status="PASS" starttime="20210226 17:41:16.688" endtime="20210226 17:41:16.688"></status>
</kw>
<kw name="Create Dictionary" library="BuiltIn">
<doc>Creates and returns a dictionary based on the given ``items``.</doc>
<arguments>
<arg>live=test@123456</arg>
<arg>stagingnew=test@123456</arg>
<arg>prelivenew=test@123456</arg>
</arguments>
<assign>
<var>${dic_google_pass}</var>
</assign>
<msg timestamp="20210226 17:41:16.688" level="INFO">${dic_google_pass} = {'live': 'test@123456', 'stagingnew': 'test@123456', 'prelivenew': 'test@123456'}</msg>
<status status="PASS" starttime="20210226 17:41:16.688" endtime="20210226 17:41:16.688"></status>
</kw>
<kw name="Create Dictionary" library="BuiltIn">
<doc>Creates and returns a dictionary based on the given ``items``.</doc>
<arguments>
<arg>live=KH2B36D</arg>
<arg>stagingnew=KH368B823D1</arg>
</arguments>
<assign>
<var>${dic_customer_code_google_account}</var>
</assign>
<msg timestamp="20210226 17:41:16.688" level="INFO">${dic_customer_code_google_account} = {'live': 'KH2B36D', 'stagingnew': 'KH368B823D1'}</msg>
<status status="PASS" starttime="20210226 17:41:16.688" endtime="20210226 17:41:16.688"></status>
</kw>
<kw name="Get From Dictionary" library="Collections">
<doc>Returns a value from the given ``dictionary`` based on the given ``key``.</doc>
<arguments>
<arg>${dic_api_url}</arg>
<arg>${env}</arg>
</arguments>
<assign>
<var>${api_url}</var>
</assign>
<msg timestamp="20210226 17:41:16.688" level="INFO">${api_url} = https://admin-staging.citigo.dev:40001/api</msg>
<status status="PASS" starttime="20210226 17:41:16.688" endtime="20210226 17:41:16.688"></status>
</kw>
<kw name="Get From Dictionary" library="Collections">
<doc>Returns a value from the given ``dictionary`` based on the given ``key``.</doc>
<arguments>
<arg>${dic_url}</arg>
<arg>${env}</arg>
</arguments>
<assign>
<var>${url}</var>
</assign>
<msg timestamp="20210226 17:41:16.688" level="INFO">${url} = https://admin-staging.citigo.dev:40001</msg>
<status status="PASS" starttime="20210226 17:41:16.688" endtime="20210226 17:41:16.688"></status>
</kw>
<kw name="Get From Dictionary" library="Collections">
<doc>Returns a value from the given ``dictionary`` based on the given ``key``.</doc>
<arguments>
<arg>${dic_clientid}</arg>
<arg>${env}</arg>
</arguments>
<assign>
<var>${client_id}</var>
</assign>
<msg timestamp="20210226 17:41:16.688" level="INFO">${client_id} = 36971e98-89ac-4e77-884c-14772fe558ed</msg>
<status status="PASS" starttime="20210226 17:41:16.688" endtime="20210226 17:41:16.688"></status>
</kw>
<kw name="Get From Dictionary" library="Collections">
<doc>Returns a value from the given ``dictionary`` based on the given ``key``.</doc>
<arguments>
<arg>${dic_secretkey}</arg>
<arg>${env}</arg>
</arguments>
<assign>
<var>${secret_key}</var>
</assign>
<msg timestamp="20210226 17:41:16.688" level="INFO">${secret_key} = 201103C87111A3E74A41951C166A99B6068EB6A2</msg>
<status status="PASS" starttime="20210226 17:41:16.688" endtime="20210226 17:41:16.688"></status>
</kw>
<kw name="Get From Dictionary" library="Collections">
<doc>Returns a value from the given ``dictionary`` based on the given ``key``.</doc>
<arguments>
<arg>${dic_retailercode}</arg>
<arg>${env}</arg>
</arguments>
<assign>
<var>${retailer_code}</var>
</assign>
<msg timestamp="20210226 17:41:16.688" level="INFO">${retailer_code} = testautomykiot</msg>
<status status="PASS" starttime="20210226 17:41:16.688" endtime="20210226 17:41:16.688"></status>
</kw>
<kw name="Get From Dictionary" library="Collections">
<doc>Returns a value from the given ``dictionary`` based on the given ``key``.</doc>
<arguments>
<arg>${dic_retailerid}</arg>
<arg>${env}</arg>
</arguments>
<assign>
<var>${retailer_id}</var>
</assign>
<msg timestamp="20210226 17:41:16.704" level="INFO">${retailer_id} = 736403</msg>
<status status="PASS" starttime="20210226 17:41:16.704" endtime="20210226 17:41:16.704"></status>
</kw>
<kw name="Get From Dictionary" library="Collections">
<doc>Returns a value from the given ``dictionary`` based on the given ``key``.</doc>
<arguments>
<arg>${dic_accessurl}</arg>
<arg>${env}</arg>
</arguments>
<assign>
<var>${access_url}</var>
</assign>
<msg timestamp="20210226 17:41:16.704" level="INFO">${access_url} = https://admin-staging.citigo.dev:40001/connect?client_id=36971e98-89ac-4e77-884c-14772fe558ed&amp;secret_key=201103C87111A3E74A41951C166A99B6068EB6A2&amp;retailer_code=testautomykiot&amp;retailer_id=736403</msg>
<status status="PASS" starttime="20210226 17:41:16.704" endtime="20210226 17:41:16.704"></status>
</kw>
<kw name="Get From Dictionary" library="Collections">
<doc>Returns a value from the given ``dictionary`` based on the given ``key``.</doc>
<arguments>
<arg>${dic_storefronturl}</arg>
<arg>${env}</arg>
</arguments>
<assign>
<var>${storefront_url}</var>
</assign>
<msg timestamp="20210226 17:41:16.704" level="INFO">${storefront_url} = https://staging.citigo.dev:40001/testautomykiot</msg>
<status status="PASS" starttime="20210226 17:41:16.704" endtime="20210226 17:41:16.704"></status>
</kw>
<kw name="Get From Dictionary" library="Collections">
<doc>Returns a value from the given ``dictionary`` based on the given ``key``.</doc>
<arguments>
<arg>${dict_kvurl}</arg>
<arg>${env}</arg>
</arguments>
<assign>
<var>${kv_url}</var>
</assign>
<msg timestamp="20210226 17:41:16.704" level="INFO">${kv_url} = https://testautomykiot.kvpos.com:59909/</msg>
<status status="PASS" starttime="20210226 17:41:16.704" endtime="20210226 17:41:16.704"></status>
</kw>
<kw name="Get From Dictionary" library="Collections">
<doc>Returns a value from the given ``dictionary`` based on the given ``key``.</doc>
<arguments>
<arg>${dict_username}</arg>
<arg>${env}</arg>
</arguments>
<assign>
<var>${user_name}</var>
</assign>
<msg timestamp="20210226 17:41:16.704" level="INFO">${user_name} = admin</msg>
<status status="PASS" starttime="20210226 17:41:16.704" endtime="20210226 17:41:16.704"></status>
</kw>
<kw name="Get From Dictionary" library="Collections">
<doc>Returns a value from the given ``dictionary`` based on the given ``key``.</doc>
<arguments>
<arg>${dict_password}</arg>
<arg>${env}</arg>
</arguments>
<assign>
<var>${password}</var>
</assign>
<msg timestamp="20210226 17:41:16.704" level="INFO">${password} = 123</msg>
<status status="PASS" starttime="20210226 17:41:16.704" endtime="20210226 17:41:16.704"></status>
</kw>
<kw name="Get From Dictionary" library="Collections">
<doc>Returns a value from the given ``dictionary`` based on the given ``key``.</doc>
<arguments>
<arg>${dic_kv_apiurl}</arg>
<arg>${env}</arg>
</arguments>
<assign>
<var>${kvapi_url}</var>
</assign>
<msg timestamp="20210226 17:41:16.704" level="INFO">${kvapi_url} = https://testautomykiot.kvpos.com:59909/api</msg>
<status status="PASS" starttime="20210226 17:41:16.704" endtime="20210226 17:41:16.704"></status>
</kw>
<kw name="Get From Dictionary" library="Collections">
<doc>Returns a value from the given ``dictionary`` based on the given ``key``.</doc>
<arguments>
<arg>${dic_branchid}</arg>
<arg>${env}</arg>
</arguments>
<assign>
<var>${branch_id}</var>
</assign>
<msg timestamp="20210226 17:41:16.704" level="INFO">${branch_id} = 20363</msg>
<status status="PASS" starttime="20210226 17:41:16.704" endtime="20210226 17:41:16.704"></status>
</kw>
<kw name="Get From Dictionary" library="Collections">
<doc>Returns a value from the given ``dictionary`` based on the given ``key``.</doc>
<arguments>
<arg>${dic_zone}</arg>
<arg>${env}</arg>
</arguments>
<assign>
<var>${zone}</var>
</assign>
<msg timestamp="20210226 17:41:16.704" level="INFO">${zone} = 1</msg>
<status status="PASS" starttime="20210226 17:41:16.704" endtime="20210226 17:41:16.704"></status>
</kw>
<kw name="Get From Dictionary" library="Collections">
<doc>Returns a value from the given ``dictionary`` based on the given ``key``.</doc>
<arguments>
<arg>${dic_salekvapi}</arg>
<arg>${env}</arg>
</arguments>
<assign>
<var>${salekvapi}</var>
</assign>
<msg timestamp="20210226 17:41:16.704" level="INFO">${salekvapi} = https://kvpos.com:59309/api</msg>
<status status="PASS" starttime="20210226 17:41:16.704" endtime="20210226 17:41:16.704"></status>
</kw>
<kw name="Get From Dictionary" library="Collections">
<doc>Returns a value from the given ``dictionary`` based on the given ``key``.</doc>
<arguments>
<arg>${dic_google_account}</arg>
<arg>${env}</arg>
</arguments>
<assign>
<var>${google_account}</var>
</assign>
<msg timestamp="20210226 17:41:16.704" level="INFO">${google_account} = testautomation113@gmail.com</msg>
<status status="PASS" starttime="20210226 17:41:16.704" endtime="20210226 17:41:16.704"></status>
</kw>
<kw name="Get From Dictionary" library="Collections">
<doc>Returns a value from the given ``dictionary`` based on the given ``key``.</doc>
<arguments>
<arg>${dic_google_pass}</arg>
<arg>${env}</arg>
</arguments>
<assign>
<var>${google_pass}</var>
</assign>
<msg timestamp="20210226 17:41:16.704" level="INFO">${google_pass} = test@123456</msg>
<status status="PASS" starttime="20210226 17:41:16.704" endtime="20210226 17:41:16.704"></status>
</kw>
<kw name="Get From Dictionary" library="Collections">
<doc>Returns a value from the given ``dictionary`` based on the given ``key``.</doc>
<arguments>
<arg>${dic_customer_code_google_account}</arg>
<arg>${env}</arg>
</arguments>
<assign>
<var>${customer_code_google_account}</var>
</assign>
<msg timestamp="20210226 17:41:16.704" level="INFO">${customer_code_google_account} = KH368B823D1</msg>
<status status="PASS" starttime="20210226 17:41:16.704" endtime="20210226 17:41:16.704"></status>
</kw>
<kw name="Set Global Variable" library="BuiltIn">
<doc>Makes a variable available globally in all tests and suites.</doc>
<arguments>
<arg>\${api_url}</arg>
<arg>${api_url}</arg>
</arguments>
<msg timestamp="20210226 17:41:16.704" level="INFO">${api_url} = https://admin-staging.citigo.dev:40001/api</msg>
<status status="PASS" starttime="20210226 17:41:16.704" endtime="20210226 17:41:16.704"></status>
</kw>
<kw name="Set Global Variable" library="BuiltIn">
<doc>Makes a variable available globally in all tests and suites.</doc>
<arguments>
<arg>\${url}</arg>
<arg>${url}</arg>
</arguments>
<msg timestamp="20210226 17:41:16.704" level="INFO">${url} = https://admin-staging.citigo.dev:40001</msg>
<status status="PASS" starttime="20210226 17:41:16.704" endtime="20210226 17:41:16.704"></status>
</kw>
<kw name="Set Global Variable" library="BuiltIn">
<doc>Makes a variable available globally in all tests and suites.</doc>
<arguments>
<arg>\${client_id}</arg>
<arg>${client_id}</arg>
</arguments>
<msg timestamp="20210226 17:41:16.704" level="INFO">${client_id} = 36971e98-89ac-4e77-884c-14772fe558ed</msg>
<status status="PASS" starttime="20210226 17:41:16.704" endtime="20210226 17:41:16.704"></status>
</kw>
<kw name="Set Global Variable" library="BuiltIn">
<doc>Makes a variable available globally in all tests and suites.</doc>
<arguments>
<arg>\${secret_key}</arg>
<arg>${secret_key}</arg>
</arguments>
<msg timestamp="20210226 17:41:16.704" level="INFO">${secret_key} = 201103C87111A3E74A41951C166A99B6068EB6A2</msg>
<status status="PASS" starttime="20210226 17:41:16.704" endtime="20210226 17:41:16.704"></status>
</kw>
<kw name="Set Global Variable" library="BuiltIn">
<doc>Makes a variable available globally in all tests and suites.</doc>
<arguments>
<arg>\${retailer_code}</arg>
<arg>${retailer_code}</arg>
</arguments>
<msg timestamp="20210226 17:41:16.704" level="INFO">${retailer_code} = testautomykiot</msg>
<status status="PASS" starttime="20210226 17:41:16.704" endtime="20210226 17:41:16.704"></status>
</kw>
<kw name="Set Global Variable" library="BuiltIn">
<doc>Makes a variable available globally in all tests and suites.</doc>
<arguments>
<arg>\${retailer_id}</arg>
<arg>${retailer_id}</arg>
</arguments>
<msg timestamp="20210226 17:41:16.704" level="INFO">${retailer_id} = 736403</msg>
<status status="PASS" starttime="20210226 17:41:16.704" endtime="20210226 17:41:16.704"></status>
</kw>
<kw name="Set Global Variable" library="BuiltIn">
<doc>Makes a variable available globally in all tests and suites.</doc>
<arguments>
<arg>\${access_url}</arg>
<arg>${access_url}</arg>
</arguments>
<msg timestamp="20210226 17:41:16.704" level="INFO">${access_url} = https://admin-staging.citigo.dev:40001/connect?client_id=36971e98-89ac-4e77-884c-14772fe558ed&amp;secret_key=201103C87111A3E74A41951C166A99B6068EB6A2&amp;retailer_code=testautomykiot&amp;retailer_id=736403</msg>
<status status="PASS" starttime="20210226 17:41:16.704" endtime="20210226 17:41:16.704"></status>
</kw>
<kw name="Set Global Variable" library="BuiltIn">
<doc>Makes a variable available globally in all tests and suites.</doc>
<arguments>
<arg>\${storefront_url}</arg>
<arg>${storefront_url}</arg>
</arguments>
<msg timestamp="20210226 17:41:16.704" level="INFO">${storefront_url} = https://staging.citigo.dev:40001/testautomykiot</msg>
<status status="PASS" starttime="20210226 17:41:16.704" endtime="20210226 17:41:16.704"></status>
</kw>
<kw name="Set Global Variable" library="BuiltIn">
<doc>Makes a variable available globally in all tests and suites.</doc>
<arguments>
<arg>\${kv_url}</arg>
<arg>${kv_url}</arg>
</arguments>
<msg timestamp="20210226 17:41:16.704" level="INFO">${kv_url} = https://testautomykiot.kvpos.com:59909/</msg>
<status status="PASS" starttime="20210226 17:41:16.704" endtime="20210226 17:41:16.704"></status>
</kw>
<kw name="Set Global Variable" library="BuiltIn">
<doc>Makes a variable available globally in all tests and suites.</doc>
<arguments>
<arg>\${user_name}</arg>
<arg>${user_name}</arg>
</arguments>
<msg timestamp="20210226 17:41:16.704" level="INFO">${user_name} = admin</msg>
<status status="PASS" starttime="20210226 17:41:16.704" endtime="20210226 17:41:16.704"></status>
</kw>
<kw name="Set Global Variable" library="BuiltIn">
<doc>Makes a variable available globally in all tests and suites.</doc>
<arguments>
<arg>\${password}</arg>
<arg>${password}</arg>
</arguments>
<msg timestamp="20210226 17:41:16.704" level="INFO">${password} = 123</msg>
<status status="PASS" starttime="20210226 17:41:16.704" endtime="20210226 17:41:16.704"></status>
</kw>
<kw name="Set Global Variable" library="BuiltIn">
<doc>Makes a variable available globally in all tests and suites.</doc>
<arguments>
<arg>\${kvapi_url}</arg>
<arg>${kvapi_url}</arg>
</arguments>
<msg timestamp="20210226 17:41:16.704" level="INFO">${kvapi_url} = https://testautomykiot.kvpos.com:59909/api</msg>
<status status="PASS" starttime="20210226 17:41:16.704" endtime="20210226 17:41:16.704"></status>
</kw>
<kw name="Set Global Variable" library="BuiltIn">
<doc>Makes a variable available globally in all tests and suites.</doc>
<arguments>
<arg>\${branch_id}</arg>
<arg>${branch_id}</arg>
</arguments>
<msg timestamp="20210226 17:41:16.704" level="INFO">${branch_id} = 20363</msg>
<status status="PASS" starttime="20210226 17:41:16.704" endtime="20210226 17:41:16.704"></status>
</kw>
<kw name="Set Global Variable" library="BuiltIn">
<doc>Makes a variable available globally in all tests and suites.</doc>
<arguments>
<arg>\${zone}</arg>
<arg>${zone}</arg>
</arguments>
<msg timestamp="20210226 17:41:16.704" level="INFO">${zone} = 1</msg>
<status status="PASS" starttime="20210226 17:41:16.704" endtime="20210226 17:41:16.704"></status>
</kw>
<kw name="Set Global Variable" library="BuiltIn">
<doc>Makes a variable available globally in all tests and suites.</doc>
<arguments>
<arg>\${salekvapi}</arg>
<arg>${salekvapi}</arg>
</arguments>
<msg timestamp="20210226 17:41:16.704" level="INFO">${salekvapi} = https://kvpos.com:59309/api</msg>
<status status="PASS" starttime="20210226 17:41:16.704" endtime="20210226 17:41:16.704"></status>
</kw>
<kw name="Set Global Variable" library="BuiltIn">
<doc>Makes a variable available globally in all tests and suites.</doc>
<arguments>
<arg>\${google_account}</arg>
<arg>${google_account}</arg>
</arguments>
<msg timestamp="20210226 17:41:16.704" level="INFO">${google_account} = testautomation113@gmail.com</msg>
<status status="PASS" starttime="20210226 17:41:16.704" endtime="20210226 17:41:16.704"></status>
</kw>
<kw name="Set Global Variable" library="BuiltIn">
<doc>Makes a variable available globally in all tests and suites.</doc>
<arguments>
<arg>\${google_pass}</arg>
<arg>${google_pass}</arg>
</arguments>
<msg timestamp="20210226 17:41:16.704" level="INFO">${google_pass} = test@123456</msg>
<status status="PASS" starttime="20210226 17:41:16.704" endtime="20210226 17:41:16.704"></status>
</kw>
<kw name="Set Global Variable" library="BuiltIn">
<doc>Makes a variable available globally in all tests and suites.</doc>
<arguments>
<arg>\${customer_code_google_account}</arg>
<arg>${customer_code_google_account}</arg>
</arguments>
<msg timestamp="20210226 17:41:16.704" level="INFO">${customer_code_google_account} = KH368B823D1</msg>
<status status="PASS" starttime="20210226 17:41:16.704" endtime="20210226 17:41:16.704"></status>
</kw>
<status status="PASS" starttime="20210226 17:41:16.688" endtime="20210226 17:41:16.704"></status>
</kw>
<kw name="Append To Environment Variable" library="OperatingSystem">
<doc>Appends given ``values`` to environment variable ``name``.</doc>
<arguments>
<arg>PATH</arg>
<arg>${EXECDIR}${/}Drivers</arg>
</arguments>
<msg timestamp="20210226 17:41:16.719" level="INFO">Environment variable 'PATH' set to value 'c:\users\quannt\appdata\local\programs\python\python37\lib\site-packages\pywin32_system32;C:\Program Files (x86)\Common Files\Oracle\Java\javapath;C:\Windows\system32;C:\Windows;C:\Windows\System32\Wbem;C:\Windows\System32\WindowsPowerShell\v1.0\;C:\Windows\System32\OpenSSH\;C:\Program Files\Git\cmd;C:\Users\quannt\AppData\Local\Programs\Python\Python37\Scripts;C:\Users\quannt\PycharmProjects\Automationpython\venv\Scripts;C:\Program Files\Java\jdk1.8.0_211;C:\Users\quannt\AppData\Local\Programs\Python\Python37\Scripts\;C:\Users\quannt\AppData\Local\Programs\Python\Python37\;C:\Users\quannt\AppData\Local\Microsoft\WindowsApps;C:\Users\quannt\AppData\Local\GitHubDesktop\bin;C:\Users\quannt\Documents\GitHub\Mykiot\Testsuites\Drivers;C:\Users\quannt\Documents\GitHub\Mykiot\Testsuites\Drivers'.</msg>
<status status="PASS" starttime="20210226 17:41:16.704" endtime="20210226 17:41:16.719"></status>
</kw>
<kw name="Set Screenshot Directory" library="SeleniumLibrary">
<doc>Sets the directory for captured screenshots.</doc>
<arguments>
<arg>${EXECDIR}${/}Out${/}Failures</arg>
</arguments>
<status status="PASS" starttime="20210226 17:41:16.719" endtime="20210226 17:41:16.719"></status>
</kw>
<kw name="Open Browser" library="SeleniumLibrary">
<doc>Opens a new browser instance to the given ``url``.</doc>
<arguments>
<arg>${storefront_url}</arg>
<arg>chrome</arg>
</arguments>
<msg timestamp="20210226 17:41:16.719" level="INFO">Opening browser 'chrome' to base url 'https://staging.citigo.dev:40001/testautomykiot'.</msg>
<status status="PASS" starttime="20210226 17:41:16.719" endtime="20210226 17:41:19.848"></status>
</kw>
<kw name="Maximize Browser Window" library="SeleniumLibrary">
<doc>Maximizes current browser window.</doc>
<status status="PASS" starttime="20210226 17:41:19.848" endtime="20210226 17:41:19.974"></status>
</kw>
<status status="PASS" starttime="20210226 17:41:16.688" endtime="20210226 17:41:19.974"></status>
</kw>
<kw name="Tao don hang ben mykiot va huy don hang ben kv">
<arguments>
<arg>SP000049</arg>
<arg>3</arg>
<arg>0972641413</arg>
<arg>Đã hủy</arg>
</arguments>
<kw name="Dang nhap account" library="Homepage_action">
<arguments>
<arg>${google_account}</arg>
<arg>${google_pass}</arg>
</arguments>
<kw name="Click To Element" library="Computation">
<arguments>
<arg>${btn_taikhoan}</arg>
</arguments>
<kw name="Wait Until Element Is Visible" library="SeleniumLibrary">
<doc>Waits until element ``locator`` is visible.</doc>
<arguments>
<arg>${locator}</arg>
<arg>5s</arg>
</arguments>
<status status="PASS" starttime="20210226 17:41:19.976" endtime="20210226 17:41:20.025"></status>
</kw>
<kw name="Click Element" library="SeleniumLibrary">
<doc>Click element identified by ``locator``.</doc>
<arguments>
<arg>${locator}</arg>
</arguments>
<msg timestamp="20210226 17:41:20.025" level="INFO">Clicking element '//button[contains(@class,'btn btn-circle')]'.</msg>
<status status="PASS" starttime="20210226 17:41:20.025" endtime="20210226 17:41:20.074"></status>
</kw>
<status status="PASS" starttime="20210226 17:41:19.975" endtime="20210226 17:41:20.074"></status>
</kw>
<kw name="Click To Element" library="Computation">
<arguments>
<arg>${link_dangnhap}</arg>
</arguments>
<kw name="Wait Until Element Is Visible" library="SeleniumLibrary">
<doc>Waits until element ``locator`` is visible.</doc>
<arguments>
<arg>${locator}</arg>
<arg>5s</arg>
</arguments>
<status status="PASS" starttime="20210226 17:41:20.075" endtime="20210226 17:41:20.098"></status>
</kw>
<kw name="Click Element" library="SeleniumLibrary">
<doc>Click element identified by ``locator``.</doc>
<arguments>
<arg>${locator}</arg>
</arguments>
<msg timestamp="20210226 17:41:20.098" level="INFO">Clicking element '//div[@class='acc-infor']//a[contains(string(),'Đăng nhập bằng Google')]'.</msg>
<status status="PASS" starttime="20210226 17:41:20.098" endtime="20210226 17:41:21.052"></status>
</kw>
<status status="PASS" starttime="20210226 17:41:20.075" endtime="20210226 17:41:21.052"></status>
</kw>
<kw name="Sendkey To Element" library="Computation">
<arguments>
<arg>${txt_mailaccount}</arg>
<arg>${email}</arg>
</arguments>
<kw name="Wait Until Element Is Visible" library="SeleniumLibrary">
<doc>Waits until element ``locator`` is visible.</doc>
<arguments>
<arg>${locator}</arg>
<arg>5s</arg>
</arguments>
<status status="PASS" starttime="20210226 17:41:21.053" endtime="20210226 17:41:21.077"></status>
</kw>
<kw name="Input Text" library="SeleniumLibrary">
<doc>Types the given ``text`` into text field identified by ``locator``.</doc>
<arguments>
<arg>${locator}</arg>
<arg>${value}</arg>
</arguments>
<msg timestamp="20210226 17:41:21.078" level="INFO">Typing text 'testautomation113@gmail.com' into text field '//input[@type="email"]'.</msg>
<status status="PASS" starttime="20210226 17:41:21.077" endtime="20210226 17:41:21.188"></status>
</kw>
<status status="PASS" starttime="20210226 17:41:21.052" endtime="20210226 17:41:21.188"></status>
</kw>
<kw name="Click Element JS" library="Javascript">
<arguments>
<arg>${btn_next}</arg>
</arguments>
<kw name="Format String" library="StringFormat">
<arguments>
<arg>${mes_click}</arg>
<arg>${xpathElement}</arg>
</arguments>
<assign>
<var>${xpath}</var>
</assign>
<msg timestamp="20210226 17:41:21.189" level="WARN">Keyword 'Format String' found both from a custom test library 'StringFormat' and a standard library 'String'. The custom keyword is used. To select explicitly, and to get rid of this warning, use either 'StringFormat.Format String' or 'String.Format String'.</msg>
<msg timestamp="20210226 17:41:21.190" level="INFO">${xpath} = document.evaluate("//button[@type='button']//span[contains(text(),'Tiếp theo')]", document, null, XPathResult.FIRST_ORDERED_NODE_TYPE, null).singleNodeValue.click()</msg>
<status status="PASS" starttime="20210226 17:41:21.189" endtime="20210226 17:41:21.190"></status>
</kw>
<kw name="Execute Javascript" library="SeleniumLibrary">
<doc>Executes the given JavaScript code with possible arguments.</doc>
<arguments>
<arg>${xpath}</arg>
</arguments>
<msg timestamp="20210226 17:41:21.191" level="INFO">Executing JavaScript:
document.evaluate("//button[@type='button']//span[contains(text(),'Tiếp theo')]", document, null, XPathResult.FIRST_ORDERED_NODE_TYPE, null).singleNodeValue.click()
Without any arguments.</msg>
<status status="PASS" starttime="20210226 17:41:21.190" endtime="20210226 17:41:21.205"></status>
</kw>
<timeout value="15 seconds"></timeout>
<status status="PASS" starttime="20210226 17:41:21.188" endtime="20210226 17:41:21.205"></status>
</kw>
<kw name="Sendkey To Element" library="Computation">
<arguments>
<arg>${txt_passaccount}</arg>
<arg>${pass}</arg>
</arguments>
<kw name="Wait Until Element Is Visible" library="SeleniumLibrary">
<doc>Waits until element ``locator`` is visible.</doc>
<arguments>
<arg>${locator}</arg>
<arg>5s</arg>
</arguments>
<status status="PASS" starttime="20210226 17:41:21.206" endtime="20210226 17:41:22.507"></status>
</kw>
<kw name="Input Text" library="SeleniumLibrary">
<doc>Types the given ``text`` into text field identified by ``locator``.</doc>
<arguments>
<arg>${locator}</arg>
<arg>${value}</arg>
</arguments>
<msg timestamp="20210226 17:41:22.508" level="INFO">Typing text 'test@123456' into text field '//input[@type='password']'.</msg>
<status status="PASS" starttime="20210226 17:41:22.508" endtime="20210226 17:41:22.573"></status>
</kw>
<status status="PASS" starttime="20210226 17:41:21.205" endtime="20210226 17:41:22.574"></status>
</kw>
<kw name="Click Element JS" library="Javascript">
<arguments>
<arg>${btn_next}</arg>
</arguments>
<kw name="Format String" library="StringFormat">
<arguments>
<arg>${mes_click}</arg>
<arg>${xpathElement}</arg>
</arguments>
<assign>
<var>${xpath}</var>
</assign>
<msg timestamp="20210226 17:41:22.574" level="WARN">Keyword 'Format String' found both from a custom test library 'StringFormat' and a standard library 'String'. The custom keyword is used. To select explicitly, and to get rid of this warning, use either 'StringFormat.Format String' or 'String.Format String'.</msg>
<msg timestamp="20210226 17:41:22.575" level="INFO">${xpath} = document.evaluate("//button[@type='button']//span[contains(text(),'Tiếp theo')]", document, null, XPathResult.FIRST_ORDERED_NODE_TYPE, null).singleNodeValue.click()</msg>
<status status="PASS" starttime="20210226 17:41:22.574" endtime="20210226 17:41:22.575"></status>
</kw>
<kw name="Execute Javascript" library="SeleniumLibrary">
<doc>Executes the given JavaScript code with possible arguments.</doc>
<arguments>
<arg>${xpath}</arg>
</arguments>
<msg timestamp="20210226 17:41:22.576" level="INFO">Executing JavaScript:
document.evaluate("//button[@type='button']//span[contains(text(),'Tiếp theo')]", document, null, XPathResult.FIRST_ORDERED_NODE_TYPE, null).singleNodeValue.click()
Without any arguments.</msg>
[...]
<arguments>
<arg>${locator}</arg>
<arg>5s</arg>
</arguments>
<status status="PASS" starttime="20210226 17:44:13.895" endtime="20210226 17:44:14.302"></status>
</kw>
<kw name="Input Text" library="SeleniumLibrary">
<doc>Types the given ``text`` into text field identified by ``locator``.</doc>
<arguments>
<arg>${locator}</arg>
<arg>${value}</arg>
</arguments>
<msg timestamp="20210226 17:44:14.303" level="INFO">Typing text 'DHMK000455' into text field '//input[@name='keyword']'.</msg>
<status status="PASS" starttime="20210226 17:44:14.302" endtime="20210226 17:44:14.384"></status>
</kw>
<status status="PASS" starttime="20210226 17:44:13.895" endtime="20210226 17:44:14.384"></status>
</kw>
<kw name="Press Keys" library="SeleniumLibrary">
<doc>Simulates user pressing key(s) to an element or on the active browser.</doc>
<arguments>
<arg>${txt_searchorder}</arg>
<arg>ENTER</arg>
</arguments>
<msg timestamp="20210226 17:44:14.385" level="INFO">Sending key(s) ('ENTER',) to //input[@name='keyword'] element.</msg>
<msg timestamp="20210226 17:44:14.393" level="INFO">Pressing special key ENTER to element.</msg>
<status status="PASS" starttime="20210226 17:44:14.384" endtime="20210226 17:44:15.030"></status>
</kw>
<kw name="Run Keyword And Return Status" library="BuiltIn">
<doc>Runs the given keyword with given arguments and returns the status as a Boolean value.</doc>
<arguments>
<arg>element should be visible</arg>
<arg>${order_status}</arg>
</arguments>
<assign>
<var>${tus}</var>
</assign>
<kw name="Element Should Be Visible" library="SeleniumLibrary">
<doc>Verifies that the element identified by ``locator`` is visible.</doc>
<arguments>
<arg>${order_status}</arg>
</arguments>
<kw name="Capture Page Screenshot" library="SeleniumLibrary">
<doc>Takes screenshot of the current page and embeds it into log file.</doc>
<msg timestamp="20210226 17:44:15.381" level="INFO" html="yes">&lt;/td&gt;&lt;/tr&gt;&lt;tr&gt;&lt;td colspan="3"&gt;&lt;a href="Out/Failures/selenium-screenshot-266.png"&gt;&lt;img src="Out/Failures/selenium-screenshot-266.png" width="800px"&gt;&lt;/a&gt;</msg>
<status status="PASS" starttime="20210226 17:44:15.049" endtime="20210226 17:44:15.381"></status>
</kw>
<msg timestamp="20210226 17:44:15.381" level="FAIL">Element with locator '//a[contains(text(),'DHMK000455')]//parent::td//following-sibling::td//span[contains(text(),'Đã hủy')]' not found.</msg>
<status status="FAIL" starttime="20210226 17:44:15.031" endtime="20210226 17:44:15.381"></status>
</kw>
<msg timestamp="20210226 17:44:15.381" level="INFO">${tus} = False</msg>
<status status="PASS" starttime="20210226 17:44:15.030" endtime="20210226 17:44:15.381"></status>
</kw>
<kw name="Exit For Loop If" library="BuiltIn">
<doc>Stops executing the enclosing for loop if the ``condition`` is true.</doc>
<arguments>
<arg>'${tus}'=='True'</arg>
</arguments>
<status status="PASS" starttime="20210226 17:44:15.381" endtime="20210226 17:44:15.381"></status>
</kw>
<status status="PASS" starttime="20210226 17:43:43.492" endtime="20210226 17:44:15.381"></status>
</kw>
<kw name="${time} = 5" type="foritem">
<kw name="Page Should Contain" library="SeleniumLibrary">
<doc>Verifies that current page contains ``text``.</doc>
<arguments>
<arg>${order_code}</arg>
</arguments>
<msg timestamp="20210226 17:44:15.396" level="INFO">Current page contains text 'DHMK000455'.</msg>
<status status="PASS" starttime="20210226 17:44:15.381" endtime="20210226 17:44:15.396"></status>
</kw>
<kw name="Run Keyword And Return Status" library="BuiltIn">
<doc>Runs the given keyword with given arguments and returns the status as a Boolean value.</doc>
<arguments>
<arg>wait until element is visible</arg>
<arg>${order_status}</arg>
<arg>30s</arg>
</arguments>
<assign>
<var>${status}</var>
</assign>
<kw name="Wait Until Element Is Visible" library="SeleniumLibrary">
<doc>Waits until element ``locator`` is visible.</doc>
<arguments>
<arg>${order_status}</arg>
<arg>30s</arg>
</arguments>
<kw name="Capture Page Screenshot" library="SeleniumLibrary">
<doc>Takes screenshot of the current page and embeds it into log file.</doc>
<msg timestamp="20210226 17:44:45.884" level="INFO" html="yes">&lt;/td&gt;&lt;/tr&gt;&lt;tr&gt;&lt;td colspan="3"&gt;&lt;a href="Out/Failures/selenium-screenshot-267.png"&gt;&lt;img src="Out/Failures/selenium-screenshot-267.png" width="800px"&gt;&lt;/a&gt;</msg>
<status status="PASS" starttime="20210226 17:44:45.584" endtime="20210226 17:44:45.884"></status>
</kw>
<msg timestamp="20210226 17:44:45.884" level="FAIL">Element '//a[contains(text(),'DHMK000455')]//parent::td//following-sibling::td//span[contains(text(),'Đã hủy')]' not visible after 30 seconds.</msg>
<status status="FAIL" starttime="20210226 17:44:15.396" endtime="20210226 17:44:45.884"></status>
</kw>
<msg timestamp="20210226 17:44:45.884" level="INFO">${status} = False</msg>
<status status="PASS" starttime="20210226 17:44:15.396" endtime="20210226 17:44:45.884"></status>
</kw>
<kw name="Run Keyword If" library="BuiltIn">
<doc>Runs the given keyword with the given arguments, if ``condition`` is true.</doc>
<arguments>
<arg>'${Status}'=='False'</arg>
<arg>reload page order history</arg>
</arguments>
<kw name="reload page order history" library="Orderhistory_action">
<kw name="Reload Page" library="SeleniumLibrary">
<doc>Simulates user reloading page.</doc>
<status status="PASS" starttime="20210226 17:44:45.884" endtime="20210226 17:44:45.891"></status>
</kw>
<status status="PASS" starttime="20210226 17:44:45.884" endtime="20210226 17:44:45.891"></status>
</kw>
<status status="PASS" starttime="20210226 17:44:45.884" endtime="20210226 17:44:45.891"></status>
</kw>
<kw name="Sendkey To Element" library="Computation">
<arguments>
<arg>${txt_searchorder}</arg>
<arg>${order_code}</arg>
</arguments>
<kw name="Wait Until Element Is Visible" library="SeleniumLibrary">
<doc>Waits until element ``locator`` is visible.</doc>
<arguments>
<arg>${locator}</arg>
<arg>5s</arg>
</arguments>
<status status="PASS" starttime="20210226 17:44:45.893" endtime="20210226 17:44:46.306"></status>
</kw>
<kw name="Input Text" library="SeleniumLibrary">
<doc>Types the given ``text`` into text field identified by ``locator``.</doc>
<arguments>
<arg>${locator}</arg>
<arg>${value}</arg>
</arguments>
<msg timestamp="20210226 17:44:46.307" level="INFO">Typing text 'DHMK000455' into text field '//input[@name='keyword']'.</msg>
<status status="PASS" starttime="20210226 17:44:46.306" endtime="20210226 17:44:46.377"></status>
</kw>
<status status="PASS" starttime="20210226 17:44:45.892" endtime="20210226 17:44:46.377"></status>
</kw>
<kw name="Press Keys" library="SeleniumLibrary">
<doc>Simulates user pressing key(s) to an element or on the active browser.</doc>
<arguments>
<arg>${txt_searchorder}</arg>
<arg>ENTER</arg>
</arguments>
<msg timestamp="20210226 17:44:46.378" level="INFO">Sending key(s) ('ENTER',) to //input[@name='keyword'] element.</msg>
<msg timestamp="20210226 17:44:46.383" level="INFO">Pressing special key ENTER to element.</msg>
<status status="PASS" starttime="20210226 17:44:46.378" endtime="20210226 17:44:47.018"></status>
</kw>
<kw name="Run Keyword And Return Status" library="BuiltIn">
<doc>Runs the given keyword with given arguments and returns the status as a Boolean value.</doc>
<arguments>
<arg>element should be visible</arg>
<arg>${order_status}</arg>
</arguments>
<assign>
<var>${tus}</var>
</assign>
<kw name="Element Should Be Visible" library="SeleniumLibrary">
<doc>Verifies that the element identified by ``locator`` is visible.</doc>
<arguments>
<arg>${order_status}</arg>
</arguments>
<kw name="Capture Page Screenshot" library="SeleniumLibrary">
<doc>Takes screenshot of the current page and embeds it into log file.</doc>
<msg timestamp="20210226 17:44:47.358" level="INFO" html="yes">&lt;/td&gt;&lt;/tr&gt;&lt;tr&gt;&lt;td colspan="3"&gt;&lt;a href="Out/Failures/selenium-screenshot-268.png"&gt;&lt;img src="Out/Failures/selenium-screenshot-268.png" width="800px"&gt;&lt;/a&gt;</msg>
<status status="PASS" starttime="20210226 17:44:47.040" endtime="20210226 17:44:47.358"></status>
</kw>
<msg timestamp="20210226 17:44:47.358" level="FAIL">Element with locator '//a[contains(text(),'DHMK000455')]//parent::td//following-sibling::td//span[contains(text(),'Đã hủy')]' not found.</msg>
<status status="FAIL" starttime="20210226 17:44:47.018" endtime="20210226 17:44:47.358"></status>
</kw>
<msg timestamp="20210226 17:44:47.359" level="INFO">${tus} = False</msg>
<status status="PASS" starttime="20210226 17:44:47.018" endtime="20210226 17:44:47.359"></status>
</kw>
<kw name="Exit For Loop If" library="BuiltIn">
<doc>Stops executing the enclosing for loop if the ``condition`` is true.</doc>
<arguments>
<arg>'${tus}'=='True'</arg>
</arguments>
<status status="PASS" starttime="20210226 17:44:47.359" endtime="20210226 17:44:47.360"></status>
</kw>
<status status="PASS" starttime="20210226 17:44:15.381" endtime="20210226 17:44:47.360"></status>
</kw>
<kw name="${time} = 6" type="foritem">
<kw name="Page Should Contain" library="SeleniumLibrary">
<doc>Verifies that current page contains ``text``.</doc>
<arguments>
<arg>${order_code}</arg>
</arguments>
<msg timestamp="20210226 17:44:47.374" level="INFO">Current page contains text 'DHMK000455'.</msg>
<status status="PASS" starttime="20210226 17:44:47.360" endtime="20210226 17:44:47.374"></status>
</kw>
<kw name="Run Keyword And Return Status" library="BuiltIn">
<doc>Runs the given keyword with given arguments and returns the status as a Boolean value.</doc>
<arguments>
<arg>wait until element is visible</arg>
<arg>${order_status}</arg>
<arg>30s</arg>
</arguments>
<assign>
<var>${status}</var>
</assign>
<kw name="Wait Until Element Is Visible" library="SeleniumLibrary">
<doc>Waits until element ``locator`` is visible.</doc>
<arguments>
<arg>${order_status}</arg>
<arg>30s</arg>
</arguments>
<kw name="Capture Page Screenshot" library="SeleniumLibrary">
<doc>Takes screenshot of the current page and embeds it into log file.</doc>
<msg timestamp="20210226 17:45:17.757" level="INFO" html="yes">&lt;/td&gt;&lt;/tr&gt;&lt;tr&gt;&lt;td colspan="3"&gt;&lt;a href="Out/Failures/selenium-screenshot-269.png"&gt;&lt;img src="Out/Failures/selenium-screenshot-269.png" width="800px"&gt;&lt;/a&gt;</msg>
<status status="PASS" starttime="20210226 17:45:17.446" endtime="20210226 17:45:17.757"></status>
</kw>
<msg timestamp="20210226 17:45:17.757" level="FAIL">Element '//a[contains(text(),'DHMK000455')]//parent::td//following-sibling::td//span[contains(text(),'Đã hủy')]' not visible after 30 seconds.</msg>
<status status="FAIL" starttime="20210226 17:44:47.375" endtime="20210226 17:45:17.757"></status>
</kw>
<msg timestamp="20210226 17:45:17.757" level="INFO">${status} = False</msg>
<status status="PASS" starttime="20210226 17:44:47.374" endtime="20210226 17:45:17.757"></status>
</kw>
<kw name="Run Keyword If" library="BuiltIn">
<doc>Runs the given keyword with the given arguments, if ``condition`` is true.</doc>
<arguments>
<arg>'${Status}'=='False'</arg>
<arg>reload page order history</arg>
</arguments>
<kw name="reload page order history" library="Orderhistory_action">
<kw name="Reload Page" library="SeleniumLibrary">
<doc>Simulates user reloading page.</doc>
<status status="PASS" starttime="20210226 17:45:17.757" endtime="20210226 17:45:17.766"></status>
</kw>
<status status="PASS" starttime="20210226 17:45:17.757" endtime="20210226 17:45:17.768"></status>
</kw>
<status status="PASS" starttime="20210226 17:45:17.757" endtime="20210226 17:45:17.768"></status>
</kw>
<kw name="Sendkey To Element" library="Computation">
<arguments>
<arg>${txt_searchorder}</arg>
<arg>${order_code}</arg>
</arguments>
<kw name="Wait Until Element Is Visible" library="SeleniumLibrary">
<doc>Waits until element ``locator`` is visible.</doc>
<arguments>
<arg>${locator}</arg>
<arg>5s</arg>
</arguments>
<status status="PASS" starttime="20210226 17:45:17.769" endtime="20210226 17:45:18.191"></status>
</kw>
<kw name="Input Text" library="SeleniumLibrary">
<doc>Types the given ``text`` into text field identified by ``locator``.</doc>
<arguments>
<arg>${locator}</arg>
<arg>${value}</arg>
</arguments>
<msg timestamp="20210226 17:45:18.192" level="INFO">Typing text 'DHMK000455' into text field '//input[@name='keyword']'.</msg>
<status status="PASS" starttime="20210226 17:45:18.192" endtime="20210226 17:45:18.265"></status>
</kw>
<status status="PASS" starttime="20210226 17:45:17.768" endtime="20210226 17:45:18.265"></status>
</kw>
<kw name="Press Keys" library="SeleniumLibrary">
<doc>Simulates user pressing key(s) to an element or on the active browser.</doc>
<arguments>
<arg>${txt_searchorder}</arg>
<arg>ENTER</arg>
</arguments>
<msg timestamp="20210226 17:45:18.266" level="INFO">Sending key(s) ('ENTER',) to //input[@name='keyword'] element.</msg>
<msg timestamp="20210226 17:45:18.274" level="INFO">Pressing special key ENTER to element.</msg>
<status status="PASS" starttime="20210226 17:45:18.265" endtime="20210226 17:45:18.902"></status>
</kw>
<kw name="Run Keyword And Return Status" library="BuiltIn">
<doc>Runs the given keyword with given arguments and returns the status as a Boolean value.</doc>
<arguments>
<arg>element should be visible</arg>
<arg>${order_status}</arg>
</arguments>
<assign>
<var>${tus}</var>
</assign>
<kw name="Element Should Be Visible" library="SeleniumLibrary">
<doc>Verifies that the element identified by ``locator`` is visible.</doc>
<arguments>
<arg>${order_status}</arg>
</arguments>
<msg timestamp="20210226 17:45:18.932" level="INFO">Element '//a[contains(text(),'DHMK000455')]//parent::td//following-sibling::td//span[contains(text(),'Đã hủy')]' is displayed.</msg>
<status status="PASS" starttime="20210226 17:45:18.904" endtime="20210226 17:45:18.932"></status>
</kw>
<msg timestamp="20210226 17:45:18.932" level="INFO">${tus} = True</msg>
<status status="PASS" starttime="20210226 17:45:18.904" endtime="20210226 17:45:18.932"></status>
</kw>
<kw name="Exit For Loop If" library="BuiltIn">
<doc>Stops executing the enclosing for loop if the ``condition`` is true.</doc>
<arguments>
<arg>'${tus}'=='True'</arg>
</arguments>
<msg timestamp="20210226 17:45:18.933" level="INFO">Exiting for loop altogether.</msg>
<status status="PASS" starttime="20210226 17:45:18.933" endtime="20210226 17:45:18.934"></status>
</kw>
<status status="PASS" starttime="20210226 17:44:47.360" endtime="20210226 17:45:18.934"></status>
</kw>
<status status="PASS" starttime="20210226 17:41:35.705" endtime="20210226 17:45:18.934"></status>
</kw>
<timeout value="10 minutes"></timeout>
<status status="PASS" starttime="20210226 17:41:34.100" endtime="20210226 17:45:18.934"></status>
</kw>
<status status="PASS" starttime="20210226 17:41:19.974" endtime="20210226 17:45:18.934"></status>
</kw>
<kw name="after test" library="Common" type="teardown">
<kw name="Close Browser" library="SeleniumLibrary">
<doc>Closes the current browser.</doc>
<status status="PASS" starttime="20210226 17:45:18.936" endtime="20210226 17:45:21.087"></status>
</kw>
<status status="PASS" starttime="20210226 17:45:18.936" endtime="20210226 17:45:21.087"></status>
</kw>
<status status="PASS" starttime="20210226 17:41:16.688" endtime="20210226 17:45:21.087" critical="yes"></status>
</test>
<status status="PASS" starttime="20210226 17:41:15.949" endtime="20210226 17:45:21.087"></status>
</suite>
<statistics>
<total>
<stat pass="1" fail="0">Critical Tests</stat>
<stat pass="1" fail="0">All Tests</stat>
</total>
<tag>
</tag>
<suite>
<stat pass="1" fail="0" id="s1" name="Order">Order</stat>
</suite>
</statistics>
<errors>
<msg timestamp="20210226 17:41:16.466" level="ERROR">Error in file 'C:\Users\quannt\Documents\GitHub\Mykiot\Core\Customer\Orderhistory_action.robot' on line 3: Resource file '\Homepage\Homepage_locator.robot' does not exist.</msg>
<msg timestamp="20210226 17:41:16.466" level="ERROR">Error in file 'C:\Users\quannt\Documents\GitHub\Mykiot\Core\Customer\Orderhistory_action.robot' on line 4: Resource file '\Homepage\Quickcart_locator.robot' does not exist.</msg>
<msg timestamp="20210226 17:41:21.189" level="WARN">Keyword 'Format String' found both from a custom test library 'StringFormat' and a standard library 'String'. The custom keyword is used. To select explicitly, and to get rid of this warning, use either 'StringFormat.Format String' or 'String.Format String'.</msg>
<msg timestamp="20210226 17:41:22.574" level="WARN">Keyword 'Format String' found both from a custom test library 'StringFormat' and a standard library 'String'. The custom keyword is used. To select explicitly, and to get rid of this warning, use either 'StringFormat.Format String' or 'String.Format String'.</msg>
<msg timestamp="20210226 17:41:25.736" level="WARN">Keyword 'Format String' found both from a custom test library 'StringFormat' and a standard library 'String'. The custom keyword is used. To select explicitly, and to get rid of this warning, use either 'StringFormat.Format String' or 'String.Format String'.</msg>
<msg timestamp="20210226 17:41:26.358" level="WARN">Keyword 'Format String' found both from a custom test library 'StringFormat' and a standard library 'String'. The custom keyword is used. To select explicitly, and to get rid of this warning, use either 'StringFormat.Format String' or 'String.Format String'.</msg>
<msg timestamp="20210226 17:41:27.169" level="WARN">Keyword 'Format String' found both from a custom test library 'StringFormat' and a standard library 'String'. The custom keyword is used. To select explicitly, and to get rid of this warning, use either 'StringFormat.Format String' or 'String.Format String'.</msg>
<msg timestamp="20210226 17:41:33.480" level="WARN">Keyword 'Format String' found both from a custom test library 'StringFormat' and a standard library 'String'. The custom keyword is used. To select explicitly, and to get rid of this warning, use either 'StringFormat.Format String' or 'String.Format String'.</msg>
<msg timestamp="20210226 17:41:33.482" level="WARN">Keyword 'Format String' found both from a custom test library 'StringFormat' and a standard library 'String'. The custom keyword is used. To select explicitly, and to get rid of this warning, use either 'StringFormat.Format String' or 'String.Format String'.</msg>
<msg timestamp="20210226 17:41:33.484" level="WARN">Error in file 'C:\Users\quannt\Documents\GitHub\Mykiot\Core\API-KV\api_access_kv.robot' in FOR loop starting on line 48: For loop header ': FOR' is deprecated. Use 'FOR' instead.</msg>
<msg timestamp="20210226 17:41:33.484" level="WARN">Error in file 'C:\Users\quannt\Documents\GitHub\Mykiot\Core\API-KV\api_access_kv.robot' in FOR loop starting on line 48: Marking for loop body with '\' is deprecated. Remove markers and use 'END' instead.</msg>
<msg timestamp="20210226 17:41:33.978" level="WARN">Keyword 'Format String' found both from a custom test library 'StringFormat' and a standard library 'String'. The custom keyword is used. To select explicitly, and to get rid of this warning, use either 'StringFormat.Format String' or 'String.Format String'.</msg>
<msg timestamp="20210226 17:41:35.703" level="WARN">Keyword 'Format String' found both from a custom test library 'StringFormat' and a standard library 'String'. The custom keyword is used. To select explicitly, and to get rid of this warning, use either 'StringFormat.Format String' or 'String.Format String'.</msg>
<msg timestamp="20210226 17:41:35.705" level="WARN">Error in file 'C:\Users\quannt\Documents\GitHub\Mykiot\Core\Customer\Orderhistory_action.robot' in FOR loop starting on line 20: For loop header ': FOR' is deprecated. Use 'FOR' instead.</msg>
<msg timestamp="20210226 17:41:35.705" level="WARN">Error in file 'C:\Users\quannt\Documents\GitHub\Mykiot\Core\Customer\Orderhistory_action.robot' in FOR loop starting on line 20: Marking for loop body with '\' is deprecated. Remove markers and use 'END' instead.</msg>
</errors>
</robot>
