<?xml version="1.0" encoding="UTF-8"?>
<robot generator="Robot 3.0.4 (Python 3.7.6 on win32)" generated="20200729 18:01:40.238">
<suite id="s1" name="Testsuites" source="E:\Robot Framework\Mykiot\testsuites">
<suite id="s1-s1" name="Order" source="E:\Robot Framework\Mykiot\testsuites\Order.robot">
<test id="s1-s1-t1" name="TC001">
<kw name="before test" library="Common" type="setup">
<kw name="Open Browser" library="SeleniumLibrary">
<doc>Opens a new browser instance to the optional ``url``.</doc>
<arguments>
<arg>https://www.mykiot.vn/testz5</arg>
<arg>chrome</arg>
</arguments>
<msg timestamp="20200729 18:01:47.024" level="INFO">Opening browser 'chrome' to base url 'https://www.mykiot.vn/testz5'.</msg>
<status status="PASS" starttime="20200729 18:01:47.023" endtime="20200729 18:01:55.118"></status>
</kw>
<kw name="Maximize Browser Window" library="SeleniumLibrary">
<doc>Maximizes current browser window.</doc>
<status status="PASS" starttime="20200729 18:01:55.118" endtime="20200729 18:01:57.291"></status>
</kw>
<status status="PASS" starttime="20200729 18:01:47.023" endtime="20200729 18:01:57.291"></status>
</kw>
<kw name="Them san pham noi bat vao cart va thanh toan">
<arguments>
<arg>phuong</arg>
<arg>0339786605</arg>
<arg>4</arg>
</arguments>
<kw name="Them san pham noi bat vao cart" library="Homepage_action">
<arguments>
<arg>${sl}</arg>
</arguments>
<assign>
<var>${thanhtien}</var>
<var>${gia}</var>
</assign>
<kw name="Click Element" library="SeleniumLibrary">
<doc>Click the element identified by ``locator``.</doc>
<arguments>
<arg>${btn_addtocart_spyeuthich}</arg>
</arguments>
<msg timestamp="20200729 18:01:57.293" level="INFO">Clicking element '//div[@class='kv-category-list custom'][1]//div[@class='swiper-slide swiper-slide-active'][1]//button[@class='add-to-cart btn-quick-cart']'.</msg>
<status status="PASS" starttime="20200729 18:01:57.292" endtime="20200729 18:01:57.584"></status>
</kw>
<kw name="Wait Until Page Contains Element" library="SeleniumLibrary">
<doc>Waits until the element ``locator`` appears on the current page.</doc>
<arguments>
<arg>${btn_addtocart}</arg>
</arguments>
<status status="PASS" starttime="20200729 18:01:57.584" endtime="20200729 18:01:57.870"></status>
</kw>
<kw name="Input Text" library="SeleniumLibrary">
<doc>Types the given ``text`` into the text field identified by ``locator``.</doc>
<arguments>
<arg>${txt_soluong}</arg>
<arg>${sl}</arg>
</arguments>
<msg timestamp="20200729 18:01:57.870" level="INFO">Typing text '4' into text field '//div[@class='kv-product-cart']//div[@class='summary-content spinner ']//input[@class='form-control form-control-lg quantity-value']'.</msg>
<status status="PASS" starttime="20200729 18:01:57.870" endtime="20200729 18:01:58.006"></status>
</kw>
<kw name="Convert price to number" library="Computation">
<arguments>
<arg>${lbl_giasp}</arg>
</arguments>
<assign>
<var>${price}</var>
</assign>
<kw name="Get Text" library="SeleniumLibrary">
<doc>Returns the text value of the element identified by ``locator``.</doc>
<arguments>
<arg>${locator}</arg>
</arguments>
<assign>
<var>${price_number}</var>
</assign>
<msg timestamp="20200729 18:01:58.039" level="INFO">${price_number} = 10,000đ</msg>
<status status="PASS" starttime="20200729 18:01:58.007" endtime="20200729 18:01:58.039"></status>
</kw>
<kw name="Remove String" library="String">
<doc>Removes all ``removables`` from the given ``string``.</doc>
<arguments>
<arg>${price_number}</arg>
<arg>,</arg>
<arg>đ</arg>
</arguments>
<assign>
<var>${mystring}</var>
</assign>
<msg timestamp="20200729 18:01:58.040" level="INFO">${mystring} = 10000</msg>
<status status="PASS" starttime="20200729 18:01:58.040" endtime="20200729 18:01:58.040"></status>
</kw>
<kw name="Convert To Number" library="BuiltIn">
<doc>Converts the given item to a floating point number.</doc>
<arguments>
<arg>${mystring}</arg>
</arguments>
<assign>
<var>${real_price}</var>
</assign>
<msg timestamp="20200729 18:01:58.040" level="INFO">${real_price} = 10000.0</msg>
<status status="PASS" starttime="20200729 18:01:58.040" endtime="20200729 18:01:58.040"></status>
</kw>
<kw name="Return From Keyword" library="BuiltIn">
<doc>Returns from the enclosing user keyword.</doc>
<arguments>
<arg>${real_price}</arg>
</arguments>
<msg timestamp="20200729 18:01:58.040" level="INFO">Returning from the enclosing user keyword.</msg>
<status status="PASS" starttime="20200729 18:01:58.040" endtime="20200729 18:01:58.041"></status>
</kw>
<msg timestamp="20200729 18:01:58.041" level="INFO">${price} = 10000.0</msg>
<status status="PASS" starttime="20200729 18:01:58.007" endtime="20200729 18:01:58.041"></status>
</kw>
<kw name="Multiplication" library="Computation">
<arguments>
<arg>${price}</arg>
<arg>${sl}</arg>
</arguments>
<assign>
<var>${total}</var>
</assign>
<kw name="Convert To Number" library="BuiltIn">
<doc>Converts the given item to a floating point number.</doc>
<arguments>
<arg>${num1}</arg>
</arguments>
<assign>
<var>${num1}</var>
</assign>
<msg timestamp="20200729 18:01:58.042" level="INFO">${num1} = 10000.0</msg>
<status status="PASS" starttime="20200729 18:01:58.041" endtime="20200729 18:01:58.042"></status>
</kw>
<kw name="Convert To Number" library="BuiltIn">
<doc>Converts the given item to a floating point number.</doc>
<arguments>
<arg>${num2}</arg>
</arguments>
<assign>
<var>${num2}</var>
</assign>
<msg timestamp="20200729 18:01:58.043" level="INFO">${num2} = 4.0</msg>
<status status="PASS" starttime="20200729 18:01:58.042" endtime="20200729 18:01:58.043"></status>
</kw>
<kw name="Create Dictionary" library="BuiltIn">
<doc>Creates and returns a dictionary based on the given ``items``.</doc>
<arguments>
<arg>x=${num1}</arg>
<arg>y=${num2}</arg>
</arguments>
<assign>
<var>${result_ns}</var>
</assign>
<msg timestamp="20200729 18:01:58.044" level="INFO">${result_ns} = {'x': 10000.0, 'y': 4.0}</msg>
<status status="PASS" starttime="20200729 18:01:58.043" endtime="20200729 18:01:58.044"></status>
</kw>
<kw name="Evaluate" library="BuiltIn">
<doc>Evaluates the given expression in Python and returns the results.</doc>
<arguments>
<arg>x*y</arg>
<arg>namespace=${result_ns}</arg>
</arguments>
<assign>
<var>${result}</var>
</assign>
<msg timestamp="20200729 18:01:58.045" level="INFO">${result} = 40000.0</msg>
<status status="PASS" starttime="20200729 18:01:58.044" endtime="20200729 18:01:58.045"></status>
</kw>
<kw name="Return From Keyword" library="BuiltIn">
<doc>Returns from the enclosing user keyword.</doc>
<arguments>
<arg>${result}</arg>
</arguments>
<msg timestamp="20200729 18:01:58.045" level="INFO">Returning from the enclosing user keyword.</msg>
<status status="PASS" starttime="20200729 18:01:58.045" endtime="20200729 18:01:58.045"></status>
</kw>
<msg timestamp="20200729 18:01:58.046" level="INFO">${total} = 40000.0</msg>
<timeout value="15 seconds"></timeout>
<status status="PASS" starttime="20200729 18:01:58.041" endtime="20200729 18:01:58.046"></status>
</kw>
<kw name="Click Element" library="SeleniumLibrary">
<doc>Click the element identified by ``locator``.</doc>
<arguments>
<arg>${btn_addtocart}</arg>
</arguments>
<msg timestamp="20200729 18:01:58.046" level="INFO">Clicking element '//button[@id='addtocart']'.</msg>
<status status="PASS" starttime="20200729 18:01:58.046" endtime="20200729 18:01:58.118"></status>
</kw>
<kw name="Click Element" library="SeleniumLibrary">
<doc>Click the element identified by ``locator``.</doc>
<arguments>
<arg>${btn_close}</arg>
</arguments>
<msg timestamp="20200729 18:01:58.118" level="INFO">Clicking element '//div[@class='x-close']'.</msg>
<status status="PASS" starttime="20200729 18:01:58.118" endtime="20200729 18:01:58.223"></status>
</kw>
<kw name="Wait Until Page Contains Element" library="SeleniumLibrary">
<doc>Waits until the element ``locator`` appears on the current page.</doc>
<arguments>
<arg>${btn_orderincart}</arg>
</arguments>
<status status="PASS" starttime="20200729 18:01:58.223" endtime="20200729 18:01:58.459"></status>
</kw>
<kw name="Convert price to number" library="Computation">
<arguments>
<arg>${lbl_tongtienhang_cart}</arg>
</arguments>
<assign>
<var>${tongtien}</var>
</assign>
<kw name="Get Text" library="SeleniumLibrary">
<doc>Returns the text value of the element identified by ``locator``.</doc>
<arguments>
<arg>${locator}</arg>
</arguments>
<assign>
<var>${price_number}</var>
</assign>
<msg timestamp="20200729 18:01:58.493" level="INFO">${price_number} = 40,000 đ</msg>
<status status="PASS" starttime="20200729 18:01:58.460" endtime="20200729 18:01:58.493"></status>
</kw>
<kw name="Remove String" library="String">
<doc>Removes all ``removables`` from the given ``string``.</doc>
<arguments>
<arg>${price_number}</arg>
<arg>,</arg>
<arg>đ</arg>
</arguments>
<assign>
<var>${mystring}</var>
</assign>
<msg timestamp="20200729 18:01:58.493" level="INFO">${mystring} = 40000 </msg>
<status status="PASS" starttime="20200729 18:01:58.493" endtime="20200729 18:01:58.493"></status>
</kw>
<kw name="Convert To Number" library="BuiltIn">
<doc>Converts the given item to a floating point number.</doc>
<arguments>
<arg>${mystring}</arg>
</arguments>
<assign>
<var>${real_price}</var>
</assign>
<msg timestamp="20200729 18:01:58.494" level="INFO">${real_price} = 40000.0</msg>
<status status="PASS" starttime="20200729 18:01:58.493" endtime="20200729 18:01:58.494"></status>
</kw>
<kw name="Return From Keyword" library="BuiltIn">
<doc>Returns from the enclosing user keyword.</doc>
<arguments>
<arg>${real_price}</arg>
</arguments>
<msg timestamp="20200729 18:01:58.494" level="INFO">Returning from the enclosing user keyword.</msg>
<status status="PASS" starttime="20200729 18:01:58.494" endtime="20200729 18:01:58.494"></status>
</kw>
<msg timestamp="20200729 18:01:58.494" level="INFO">${tongtien} = 40000.0</msg>
<status status="PASS" starttime="20200729 18:01:58.459" endtime="20200729 18:01:58.494"></status>
</kw>
<kw name="Should Be Equal" library="BuiltIn">
<doc>Fails if the given objects are unequal.</doc>
<arguments>
<arg>${total}</arg>
<arg>${tongtien}</arg>
</arguments>
<status status="PASS" starttime="20200729 18:01:58.494" endtime="20200729 18:01:58.494"></status>
</kw>
<kw name="Click Element JS" library="Javascript">
<arguments>
<arg>${btn_orderincart}</arg>
</arguments>
<kw name="Format String" library="StringFormat">
<arguments>
<arg>${mes_click}</arg>
<arg>${xpathElement}</arg>
</arguments>
<assign>
<var>${xpath}</var>
</assign>
<msg timestamp="20200729 18:01:58.496" level="INFO">${xpath} = document.evaluate("//a[@class='btn btn-primary btn-checkout']", document, null, XPathResult.FIRST_ORDERED_NODE_TYPE, null).singleNodeValue.click()</msg>
<status status="PASS" starttime="20200729 18:01:58.495" endtime="20200729 18:01:58.496"></status>
</kw>
<kw name="Execute Javascript" library="SeleniumLibrary">
<doc>Executes the given JavaScript code with possible arguments.</doc>
<arguments>
<arg>${xpath}</arg>
</arguments>
<msg timestamp="20200729 18:01:58.497" level="INFO">Executing JavaScript:
document.evaluate("//a[@class='btn btn-primary btn-checkout']", document, null, XPathResult.FIRST_ORDERED_NODE_TYPE, null).singleNodeValue.click()
Without any arguments.</msg>
<status status="PASS" starttime="20200729 18:01:58.496" endtime="20200729 18:01:59.506"></status>
</kw>
<timeout value="15 seconds"></timeout>
<status status="PASS" starttime="20200729 18:01:58.495" endtime="20200729 18:01:59.506"></status>
</kw>
<kw name="Return From Keyword" library="BuiltIn">
<doc>Returns from the enclosing user keyword.</doc>
<arguments>
<arg>${total}</arg>
<arg>${price}</arg>
</arguments>
<msg timestamp="20200729 18:01:59.506" level="INFO">Returning from the enclosing user keyword.</msg>
<status status="PASS" starttime="20200729 18:01:59.506" endtime="20200729 18:01:59.506"></status>
</kw>
<msg timestamp="20200729 18:01:59.507" level="INFO">${thanhtien} = 40000.0</msg>
<msg timestamp="20200729 18:01:59.507" level="INFO">${gia} = 10000.0</msg>
<status status="PASS" starttime="20200729 18:01:57.292" endtime="20200729 18:01:59.507"></status>
</kw>
<kw name="Sleep" library="BuiltIn">
<doc>Pauses the test executed for the given time.</doc>
<arguments>
<arg>3</arg>
</arguments>
<msg timestamp="20200729 18:02:02.508" level="INFO">Slept 3 seconds</msg>
<status status="PASS" starttime="20200729 18:01:59.507" endtime="20200729 18:02:02.508"></status>
</kw>
<kw name="Thanh toan nhan hang tai chi nhanh" library="Orderpage_Action">
<arguments>
<arg>${username}</arg>
<arg>${mobilephone}</arg>
<arg>${thanhtien}</arg>
<arg>${gia}</arg>
</arguments>
<kw name="Wait Until Element Is Visible" library="SeleniumLibrary">
<doc>Waits until the element ``locator`` is visible.</doc>
<arguments>
<arg>${title_orderpage}</arg>
</arguments>
<status status="PASS" starttime="20200729 18:02:02.509" endtime="20200729 18:02:02.546"></status>
</kw>
<kw name="Convert price to number" library="Computation">
<arguments>
<arg>${lbl_giasp_order}</arg>
</arguments>
<assign>
<var>${giasp}</var>
</assign>
<kw name="Get Text" library="SeleniumLibrary">
<doc>Returns the text value of the element identified by ``locator``.</doc>
<arguments>
<arg>${locator}</arg>
</arguments>
<assign>
<var>${price_number}</var>
</assign>
<msg timestamp="20200729 18:02:02.584" level="INFO">${price_number} = 10,000đ</msg>
<status status="PASS" starttime="20200729 18:02:02.547" endtime="20200729 18:02:02.584"></status>
</kw>
<kw name="Remove String" library="String">
<doc>Removes all ``removables`` from the given ``string``.</doc>
<arguments>
<arg>${price_number}</arg>
<arg>,</arg>
<arg>đ</arg>
</arguments>
<assign>
<var>${mystring}</var>
</assign>
<msg timestamp="20200729 18:02:02.584" level="INFO">${mystring} = 10000</msg>
<status status="PASS" starttime="20200729 18:02:02.584" endtime="20200729 18:02:02.584"></status>
</kw>
<kw name="Convert To Number" library="BuiltIn">
<doc>Converts the given item to a floating point number.</doc>
<arguments>
<arg>${mystring}</arg>
</arguments>
<assign>
<var>${real_price}</var>
</assign>
<msg timestamp="20200729 18:02:02.585" level="INFO">${real_price} = 10000.0</msg>
<status status="PASS" starttime="20200729 18:02:02.584" endtime="20200729 18:02:02.585"></status>
</kw>
<kw name="Return From Keyword" library="BuiltIn">
<doc>Returns from the enclosing user keyword.</doc>
<arguments>
<arg>${real_price}</arg>
</arguments>
<msg timestamp="20200729 18:02:02.585" level="INFO">Returning from the enclosing user keyword.</msg>
<status status="PASS" starttime="20200729 18:02:02.585" endtime="20200729 18:02:02.585"></status>
</kw>
<msg timestamp="20200729 18:02:02.585" level="INFO">${giasp} = 10000.0</msg>
<status status="PASS" starttime="20200729 18:02:02.546" endtime="20200729 18:02:02.585"></status>
</kw>
<kw name="Should Be Equal" library="BuiltIn">
<doc>Fails if the given objects are unequal.</doc>
<arguments>
<arg>${giasp}</arg>
<arg>${gia}</arg>
</arguments>
<status status="PASS" starttime="20200729 18:02:02.585" endtime="20200729 18:02:02.586"></status>
</kw>
<kw name="Scroll Element Into View" library="SeleniumLibrary">
<doc>Scrolls the element identified by ``locator`` into view.</doc>
<arguments>
<arg>${txt_name}</arg>
</arguments>
<status status="PASS" starttime="20200729 18:02:02.586" endtime="20200729 18:02:02.872"></status>
</kw>
<kw name="Wait Until Element Is Visible" library="SeleniumLibrary">
<doc>Waits until the element ``locator`` is visible.</doc>
<arguments>
<arg>${txt_name}</arg>
</arguments>
<status status="PASS" starttime="20200729 18:02:02.873" endtime="20200729 18:02:02.901"></status>
</kw>
<kw name="Convert price to number" library="Computation">
<arguments>
<arg>${lbl_tongtienhang}</arg>
</arguments>
<assign>
<var>${tongtien}</var>
</assign>
<kw name="Get Text" library="SeleniumLibrary">
<doc>Returns the text value of the element identified by ``locator``.</doc>
<arguments>
<arg>${locator}</arg>
</arguments>
<assign>
<var>${price_number}</var>
</assign>
<msg timestamp="20200729 18:02:02.931" level="INFO">${price_number} = 40,000 đ</msg>
<status status="PASS" starttime="20200729 18:02:02.902" endtime="20200729 18:02:02.931"></status>
</kw>
<kw name="Remove String" library="String">
<doc>Removes all ``removables`` from the given ``string``.</doc>
<arguments>
<arg>${price_number}</arg>
<arg>,</arg>
<arg>đ</arg>
</arguments>
<assign>
<var>${mystring}</var>
</assign>
<msg timestamp="20200729 18:02:02.932" level="INFO">${mystring} = 40000 </msg>
<status status="PASS" starttime="20200729 18:02:02.931" endtime="20200729 18:02:02.932"></status>
</kw>
<kw name="Convert To Number" library="BuiltIn">
<doc>Converts the given item to a floating point number.</doc>
<arguments>
<arg>${mystring}</arg>
</arguments>
<assign>
<var>${real_price}</var>
</assign>
<msg timestamp="20200729 18:02:02.932" level="INFO">${real_price} = 40000.0</msg>
<status status="PASS" starttime="20200729 18:02:02.932" endtime="20200729 18:02:02.932"></status>
</kw>
<kw name="Return From Keyword" library="BuiltIn">
<doc>Returns from the enclosing user keyword.</doc>
<arguments>
<arg>${real_price}</arg>
</arguments>
<msg timestamp="20200729 18:02:02.933" level="INFO">Returning from the enclosing user keyword.</msg>
<status status="PASS" starttime="20200729 18:02:02.932" endtime="20200729 18:02:02.933"></status>
</kw>
<msg timestamp="20200729 18:02:02.933" level="INFO">${tongtien} = 40000.0</msg>
<status status="PASS" starttime="20200729 18:02:02.901" endtime="20200729 18:02:02.933"></status>
</kw>
<kw name="Should Be Equal" library="BuiltIn">
<doc>Fails if the given objects are unequal.</doc>
<arguments>
<arg>${tongtien}</arg>
<arg>${thanhtien}</arg>
</arguments>
<status status="PASS" starttime="20200729 18:02:02.933" endtime="20200729 18:02:02.933"></status>
</kw>
<kw name="${time} IN RANGE [ 5 ]" type="for">
<kw name="${time} = 0" type="foritem">
<kw name="Input Text" library="SeleniumLibrary">
<doc>Types the given ``text`` into the text field identified by ``locator``.</doc>
<arguments>
<arg>${txt_name}</arg>
<arg>${username}</arg>
</arguments>
<msg timestamp="20200729 18:02:02.934" level="INFO">Typing text 'phuong' into text field '//input[@id='inplace-userName']'.</msg>
<status status="PASS" starttime="20200729 18:02:02.933" endtime="20200729 18:02:03.127"></status>
</kw>
<kw name="Input Text" library="SeleniumLibrary">
<doc>Types the given ``text`` into the text field identified by ``locator``.</doc>
<arguments>
<arg>${txt_mobilephone}</arg>
<arg>${mobilephone}</arg>
</arguments>
<msg timestamp="20200729 18:02:03.128" level="INFO">Typing text '0339786605' into text field '//input[@id='inplace-phoneNumber']'.</msg>
<status status="PASS" starttime="20200729 18:02:03.128" endtime="20200729 18:02:03.434"></status>
</kw>
<kw name="Scroll Element Into View" library="SeleniumLibrary">
<doc>Scrolls the element identified by ``locator`` into view.</doc>
<arguments>
<arg>${lbl_footer}</arg>
</arguments>
<status status="PASS" starttime="20200729 18:02:03.435" endtime="20200729 18:02:03.722"></status>
</kw>
<kw name="Click Element" library="SeleniumLibrary">
<doc>Click the element identified by ``locator``.</doc>
<arguments>
<arg>${btn_thanhtoan}</arg>
</arguments>
<msg timestamp="20200729 18:02:03.722" level="INFO">Clicking element '//button[contains(@class,'btn-submit')]'.</msg>
<status status="PASS" starttime="20200729 18:02:03.722" endtime="20200729 18:02:03.795"></status>
</kw>
<kw name="Run Keyword And Return Status" library="BuiltIn">
<doc>Runs the given keyword with given arguments and returns the status as a Boolean value.</doc>
<arguments>
<arg>wait until element is visible</arg>
<arg>${popup_msg}</arg>
<arg>5</arg>
</arguments>
<assign>
<var>${present}</var>
</assign>
<kw name="Wait Until Element Is Visible" library="SeleniumLibrary">
<doc>Waits until the element ``locator`` is visible.</doc>
<arguments>
<arg>${popup_msg}</arg>
<arg>5</arg>
</arguments>
<status status="PASS" starttime="20200729 18:02:03.795" endtime="20200729 18:02:06.435"></status>
</kw>
<msg timestamp="20200729 18:02:06.435" level="INFO">${present} = True</msg>
<status status="PASS" starttime="20200729 18:02:03.795" endtime="20200729 18:02:06.435"></status>
</kw>
<kw name="Exit For Loop If" library="BuiltIn">
<doc>Stops executing the enclosing for loop if the ``condition`` is true.</doc>
<arguments>
<arg>'${present}'=='True'</arg>
</arguments>
<msg timestamp="20200729 18:02:06.435" level="INFO">Exiting for loop altogether.</msg>
<status status="PASS" starttime="20200729 18:02:06.435" endtime="20200729 18:02:06.436"></status>
</kw>
<status status="PASS" starttime="20200729 18:02:02.933" endtime="20200729 18:02:06.436"></status>
</kw>
<status status="PASS" starttime="20200729 18:02:02.933" endtime="20200729 18:02:06.436"></status>
</kw>
<kw name="Get Text" library="SeleniumLibrary">
<doc>Returns the text value of the element identified by ``locator``.</doc>
<arguments>
<arg>${btn_tieptucmuahang}</arg>
</arguments>
<assign>
<var>${messege}</var>
</assign>
<msg timestamp="20200729 18:02:06.468" level="INFO">${messege} = TIẾP TỤC MUA HÀNG</msg>
<status status="PASS" starttime="20200729 18:02:06.436" endtime="20200729 18:02:06.468"></status>
</kw>
<kw name="Should Be Equal As Strings" library="BuiltIn">
<doc>Fails if objects are unequal after converting them to strings.</doc>
<arguments>
<arg>${messege}</arg>
<arg>TIẾP TỤC MUA HÀNG</arg>
</arguments>
<status status="PASS" starttime="20200729 18:02:06.468" endtime="20200729 18:02:06.468"></status>
</kw>
<kw name="Click Element JS" library="Javascript">
<arguments>
<arg>${btn_tieptucmuahang}</arg>
</arguments>
<kw name="Format String" library="StringFormat">
<arguments>
<arg>${mes_click}</arg>
<arg>${xpathElement}</arg>
</arguments>
<assign>
<var>${xpath}</var>
</assign>
<msg timestamp="20200729 18:02:06.471" level="INFO">${xpath} = document.evaluate("//a[@class='btn btn-secondary']", document, null, XPathResult.FIRST_ORDERED_NODE_TYPE, null).singleNodeValue.click()</msg>
<status status="PASS" starttime="20200729 18:02:06.469" endtime="20200729 18:02:06.471"></status>
</kw>
<kw name="Execute Javascript" library="SeleniumLibrary">
<doc>Executes the given JavaScript code with possible arguments.</doc>
<arguments>
<arg>${xpath}</arg>
</arguments>
<msg timestamp="20200729 18:02:06.473" level="INFO">Executing JavaScript:
document.evaluate("//a[@class='btn btn-secondary']", document, null, XPathResult.FIRST_ORDERED_NODE_TYPE, null).singleNodeValue.click()
Without any arguments.</msg>
<status status="PASS" starttime="20200729 18:02:06.471" endtime="20200729 18:02:07.884"></status>
</kw>
<timeout value="15 seconds"></timeout>
<status status="PASS" starttime="20200729 18:02:06.468" endtime="20200729 18:02:07.884"></status>
</kw>
<status status="PASS" starttime="20200729 18:02:02.508" endtime="20200729 18:02:07.884"></status>
</kw>
<status status="PASS" starttime="20200729 18:01:57.292" endtime="20200729 18:02:07.884"></status>
</kw>
<kw name="after test" library="Common" type="teardown">
<kw name="Close Browser" library="SeleniumLibrary">
<doc>Closes the current browser.</doc>
<status status="PASS" starttime="20200729 18:02:07.885" endtime="20200729 18:02:10.377"></status>
</kw>
<status status="PASS" starttime="20200729 18:02:07.884" endtime="20200729 18:02:10.377"></status>
</kw>
<tags>
<tag>All</tag>
<tag>Order</tag>
</tags>
<status status="PASS" starttime="20200729 18:01:47.022" endtime="20200729 18:02:10.377" critical="yes"></status>
</test>
<test id="s1-s1-t2" name="TC002">
<kw name="before test" library="Common" type="setup">
<kw name="Open Browser" library="SeleniumLibrary">
<doc>Opens a new browser instance to the optional ``url``.</doc>
<arguments>
<arg>https://www.mykiot.vn/testz5</arg>
<arg>chrome</arg>
</arguments>
<msg timestamp="20200729 18:02:10.381" level="INFO">Opening browser 'chrome' to base url 'https://www.mykiot.vn/testz5'.</msg>
<status status="PASS" starttime="20200729 18:02:10.381" endtime="20200729 18:02:17.074"></status>
</kw>
<kw name="Maximize Browser Window" library="SeleniumLibrary">
<doc>Maximizes current browser window.</doc>
<status status="PASS" starttime="20200729 18:02:17.074" endtime="20200729 18:02:19.301"></status>
</kw>
<status status="PASS" starttime="20200729 18:02:10.380" endtime="20200729 18:02:19.302"></status>
</kw>
<kw name="Tao don hang voi san pham moi nhat">
<arguments>
<arg>phuong</arg>
<arg>0987666555</arg>
<arg>434 TKC</arg>
<arg>phuong2610@gmail.com</arg>
<arg>as soon as possible</arg>
<arg>5</arg>
</arguments>
<kw name="Them san pham hot vao cart" library="Homepage_action">
<arguments>
<arg>${sl}</arg>
</arguments>
<assign>
<var>${thanhtien}</var>
<var>${gia}</var>
</assign>
<kw name="Click Element" library="SeleniumLibrary">
<doc>Click the element identified by ``locator``.</doc>
<arguments>
<arg>${btn_addtocart_sp_hot}</arg>
</arguments>
<msg timestamp="20200729 18:02:19.304" level="INFO">Clicking element '//div[@id='custom-layout-slider-1']//div[@class='swiper-slide swiper-slide-active']//i[@class='far fa-shopping-bag']'.</msg>
<status status="PASS" starttime="20200729 18:02:19.304" endtime="20200729 18:02:19.560"></status>
</kw>
<kw name="Wait Until Page Contains Element" library="SeleniumLibrary">
<doc>Waits until the element ``locator`` appears on the current page.</doc>
<arguments>
<arg>${btn_addtocart}</arg>
</arguments>
<status status="PASS" starttime="20200729 18:02:19.561" endtime="20200729 18:02:20.451"></status>
</kw>
<kw name="Input Text" library="SeleniumLibrary">
<doc>Types the given ``text`` into the text field identified by ``locator``.</doc>
<arguments>
<arg>${txt_soluong}</arg>
<arg>${sl}</arg>
</arguments>
<msg timestamp="20200729 18:02:20.451" level="INFO">Typing text '5' into text field '//div[@class='kv-product-cart']//div[@class='summary-content spinner ']//input[@class='form-control form-control-lg quantity-value']'.</msg>
<status status="PASS" starttime="20200729 18:02:20.451" endtime="20200729 18:02:20.625"></status>
</kw>
<kw name="Convert price to number" library="Computation">
<arguments>
<arg>${lbl_giasp}</arg>
</arguments>
<assign>
<var>${price}</var>
</assign>
<kw name="Get Text" library="SeleniumLibrary">
<doc>Returns the text value of the element identified by ``locator``.</doc>
<arguments>
<arg>${locator}</arg>
</arguments>
<assign>
<var>${price_number}</var>
</assign>
<msg timestamp="20200729 18:02:20.663" level="INFO">${price_number} = 7,000đ</msg>
<status status="PASS" starttime="20200729 18:02:20.626" endtime="20200729 18:02:20.663"></status>
</kw>
<kw name="Remove String" library="String">
<doc>Removes all ``removables`` from the given ``string``.</doc>
<arguments>
<arg>${price_number}</arg>
<arg>,</arg>
<arg>đ</arg>
</arguments>
<assign>
<var>${mystring}</var>
</assign>
<msg timestamp="20200729 18:02:20.664" level="INFO">${mystring} = 7000</msg>
<status status="PASS" starttime="20200729 18:02:20.663" endtime="20200729 18:02:20.664"></status>
</kw>
<kw name="Convert To Number" library="BuiltIn">
<doc>Converts the given item to a floating point number.</doc>
<arguments>
<arg>${mystring}</arg>
</arguments>
<assign>
<var>${real_price}</var>
</assign>
<msg timestamp="20200729 18:02:20.664" level="INFO">${real_price} = 7000.0</msg>
<status status="PASS" starttime="20200729 18:02:20.664" endtime="20200729 18:02:20.664"></status>
</kw>
<kw name="Return From Keyword" library="BuiltIn">
<doc>Returns from the enclosing user keyword.</doc>
<arguments>
<arg>${real_price}</arg>
</arguments>
<msg timestamp="20200729 18:02:20.665" level="INFO">Returning from the enclosing user keyword.</msg>
<status status="PASS" starttime="20200729 18:02:20.664" endtime="20200729 18:02:20.665"></status>
</kw>
<msg timestamp="20200729 18:02:20.665" level="INFO">${price} = 7000.0</msg>
<status status="PASS" starttime="20200729 18:02:20.626" endtime="20200729 18:02:20.665"></status>
</kw>
<kw name="Multiplication" library="Computation">
<arguments>
<arg>${price}</arg>
<arg>${sl}</arg>
</arguments>
<assign>
<var>${total}</var>
</assign>
<kw name="Convert To Number" library="BuiltIn">
<doc>Converts the given item to a floating point number.</doc>
<arguments>
<arg>${num1}</arg>
</arguments>
<assign>
<var>${num1}</var>
</assign>
<msg timestamp="20200729 18:02:20.666" level="INFO">${num1} = 7000.0</msg>
<status status="PASS" starttime="20200729 18:02:20.665" endtime="20200729 18:02:20.666"></status>
</kw>
<kw name="Convert To Number" library="BuiltIn">
<doc>Converts the given item to a floating point number.</doc>
<arguments>
<arg>${num2}</arg>
</arguments>
<assign>
<var>${num2}</var>
</assign>
<msg timestamp="20200729 18:02:20.668" level="INFO">${num2} = 5.0</msg>
<status status="PASS" starttime="20200729 18:02:20.667" endtime="20200729 18:02:20.668"></status>
</kw>
<kw name="Create Dictionary" library="BuiltIn">
<doc>Creates and returns a dictionary based on the given ``items``.</doc>
<arguments>
<arg>x=${num1}</arg>
<arg>y=${num2}</arg>
</arguments>
<assign>
<var>${result_ns}</var>
</assign>
<msg timestamp="20200729 18:02:20.669" level="INFO">${result_ns} = {'x': 7000.0, 'y': 5.0}</msg>
<status status="PASS" starttime="20200729 18:02:20.668" endtime="20200729 18:02:20.669"></status>
</kw>
<kw name="Evaluate" library="BuiltIn">
<doc>Evaluates the given expression in Python and returns the results.</doc>
<arguments>
<arg>x*y</arg>
<arg>namespace=${result_ns}</arg>
</arguments>
<assign>
<var>${result}</var>
</assign>
<msg timestamp="20200729 18:02:20.670" level="INFO">${result} = 35000.0</msg>
<status status="PASS" starttime="20200729 18:02:20.669" endtime="20200729 18:02:20.670"></status>
</kw>
<kw name="Return From Keyword" library="BuiltIn">
<doc>Returns from the enclosing user keyword.</doc>
<arguments>
<arg>${result}</arg>
</arguments>
<msg timestamp="20200729 18:02:20.670" level="INFO">Returning from the enclosing user keyword.</msg>
<status status="PASS" starttime="20200729 18:02:20.670" endtime="20200729 18:02:20.670"></status>
</kw>
<msg timestamp="20200729 18:02:20.671" level="INFO">${total} = 35000.0</msg>
<timeout value="15 seconds"></timeout>
<status status="PASS" starttime="20200729 18:02:20.665" endtime="20200729 18:02:20.671"></status>
</kw>
<kw name="Click Element" library="SeleniumLibrary">
<doc>Click the element identified by ``locator``.</doc>
<arguments>
<arg>${btn_addtocart}</arg>
</arguments>
<msg timestamp="20200729 18:02:20.671" level="INFO">Clicking element '//button[@id='addtocart']'.</msg>
<status status="PASS" starttime="20200729 18:02:20.671" endtime="20200729 18:02:20.742"></status>
</kw>
<kw name="Click Element" library="SeleniumLibrary">
<doc>Click the element identified by ``locator``.</doc>
<arguments>
<arg>${btn_close}</arg>
</arguments>
<msg timestamp="20200729 18:02:20.743" level="INFO">Clicking element '//div[@class='x-close']'.</msg>
<status status="PASS" starttime="20200729 18:02:20.742" endtime="20200729 18:02:20.834"></status>
</kw>
<kw name="Wait Until Page Contains Element" library="SeleniumLibrary">
<doc>Waits until the element ``locator`` appears on the current page.</doc>
<arguments>
<arg>${btn_orderincart}</arg>
</arguments>
<status status="PASS" starttime="20200729 18:02:20.834" endtime="20200729 18:02:21.079"></status>
</kw>
<kw name="Convert price to number" library="Computation">
<arguments>
<arg>${lbl_tongtienhang_cart}</arg>
</arguments>
<assign>
<var>${tongtien}</var>
</assign>
<kw name="Get Text" library="SeleniumLibrary">
<doc>Returns the text value of the element identified by ``locator``.</doc>
<arguments>
<arg>${locator}</arg>
</arguments>
<assign>
<var>${price_number}</var>
</assign>
<msg timestamp="20200729 18:02:21.115" level="INFO">${price_number} = 35,000 đ</msg>
<status status="PASS" starttime="20200729 18:02:21.080" endtime="20200729 18:02:21.115"></status>
</kw>
<kw name="Remove String" library="String">
<doc>Removes all ``removables`` from the given ``string``.</doc>
<arguments>
<arg>${price_number}</arg>
<arg>,</arg>
<arg>đ</arg>
</arguments>
<assign>
<var>${mystring}</var>
</assign>
<msg timestamp="20200729 18:02:21.115" level="INFO">${mystring} = 35000 </msg>
<status status="PASS" starttime="20200729 18:02:21.115" endtime="20200729 18:02:21.116"></status>
</kw>
<kw name="Convert To Number" library="BuiltIn">
<doc>Converts the given item to a floating point number.</doc>
<arguments>
<arg>${mystring}</arg>
</arguments>
<assign>
<var>${real_price}</var>
</assign>
<msg timestamp="20200729 18:02:21.116" level="INFO">${real_price} = 35000.0</msg>
<status status="PASS" starttime="20200729 18:02:21.116" endtime="20200729 18:02:21.116"></status>
</kw>
<kw name="Return From Keyword" library="BuiltIn">
<doc>Returns from the enclosing user keyword.</doc>
<arguments>
<arg>${real_price}</arg>
</arguments>
<msg timestamp="20200729 18:02:21.116" level="INFO">Returning from the enclosing user keyword.</msg>
<status status="PASS" starttime="20200729 18:02:21.116" endtime="20200729 18:02:21.116"></status>
</kw>
<msg timestamp="20200729 18:02:21.116" level="INFO">${tongtien} = 35000.0</msg>
<status status="PASS" starttime="20200729 18:02:21.079" endtime="20200729 18:02:21.117"></status>
</kw>
<kw name="Should Be Equal" library="BuiltIn">
<doc>Fails if the given objects are unequal.</doc>
<arguments>
<arg>${total}</arg>
<arg>${tongtien}</arg>
</arguments>
<status status="PASS" starttime="20200729 18:02:21.117" endtime="20200729 18:02:21.117"></status>
</kw>
<kw name="Click Element JS" library="Javascript">
<arguments>
<arg>${btn_orderincart}</arg>
</arguments>
<kw name="Format String" library="StringFormat">
<arguments>
<arg>${mes_click}</arg>
<arg>${xpathElement}</arg>
</arguments>
<assign>
<var>${xpath}</var>
</assign>
<msg timestamp="20200729 18:02:21.118" level="INFO">${xpath} = document.evaluate("//a[@class='btn btn-primary btn-checkout']", document, null, XPathResult.FIRST_ORDERED_NODE_TYPE, null).singleNodeValue.click()</msg>
<status status="PASS" starttime="20200729 18:02:21.118" endtime="20200729 18:02:21.119"></status>
</kw>
<kw name="Execute Javascript" library="SeleniumLibrary">
<doc>Executes the given JavaScript code with possible arguments.</doc>
<arguments>
<arg>${xpath}</arg>
</arguments>
<msg timestamp="20200729 18:02:21.120" level="INFO">Executing JavaScript:
document.evaluate("//a[@class='btn btn-primary btn-checkout']", document, null, XPathResult.FIRST_ORDERED_NODE_TYPE, null).singleNodeValue.click()
Without any arguments.</msg>
<status status="PASS" starttime="20200729 18:02:21.119" endtime="20200729 18:02:22.241"></status>
</kw>
<timeout value="15 seconds"></timeout>
<status status="PASS" starttime="20200729 18:02:21.117" endtime="20200729 18:02:22.241"></status>
</kw>
<kw name="Return From Keyword" library="BuiltIn">
<doc>Returns from the enclosing user keyword.</doc>
<arguments>
<arg>${total}</arg>
<arg>${price}</arg>
</arguments>
<msg timestamp="20200729 18:02:22.242" level="INFO">Returning from the enclosing user keyword.</msg>
<status status="PASS" starttime="20200729 18:02:22.242" endtime="20200729 18:02:22.242"></status>
</kw>
<msg timestamp="20200729 18:02:22.242" level="INFO">${thanhtien} = 35000.0</msg>
<msg timestamp="20200729 18:02:22.242" level="INFO">${gia} = 7000.0</msg>
<status status="PASS" starttime="20200729 18:02:19.303" endtime="20200729 18:02:22.242"></status>
</kw>
<kw name="Sleep" library="BuiltIn">
<doc>Pauses the test executed for the given time.</doc>
<arguments>
<arg>3</arg>
</arguments>
<msg timestamp="20200729 18:02:25.245" level="INFO">Slept 3 seconds</msg>
<status status="PASS" starttime="20200729 18:02:22.243" endtime="20200729 18:02:25.245"></status>
</kw>
<kw name="Thanh toan nhan hang tai dia chi nguoi nhan" library="Orderpage_Action">
<arguments>
<arg>${ten}</arg>
<arg>${sdt}</arg>
<arg>${diachi}</arg>
<arg>${email}</arg>
<arg>${ghichu}</arg>
<arg>${thanhtien}</arg>
<arg>${gia}</arg>
</arguments>
<kw name="Wait Until Element Is Visible" library="SeleniumLibrary">
<doc>Waits until the element ``locator`` is visible.</doc>
<arguments>
<arg>${title_orderpage}</arg>
</arguments>
<status status="PASS" starttime="20200729 18:02:25.246" endtime="20200729 18:02:25.281"></status>
</kw>
<kw name="Convert price to number" library="Computation">
<arguments>
<arg>${lbl_giasp_order}</arg>
</arguments>
<assign>
<var>${giasp}</var>
</assign>
<kw name="Get Text" library="SeleniumLibrary">
<doc>Returns the text value of the element identified by ``locator``.</doc>
<arguments>
<arg>${locator}</arg>
</arguments>
<assign>
<var>${price_number}</var>
</assign>
<msg timestamp="20200729 18:02:25.314" level="INFO">${price_number} = 7,000đ</msg>
<status status="PASS" starttime="20200729 18:02:25.282" endtime="20200729 18:02:25.314"></status>
</kw>
<kw name="Remove String" library="String">
<doc>Removes all ``removables`` from the given ``string``.</doc>
<arguments>
<arg>${price_number}</arg>
<arg>,</arg>
<arg>đ</arg>
</arguments>
<assign>
<var>${mystring}</var>
</assign>
<msg timestamp="20200729 18:02:25.315" level="INFO">${mystring} = 7000</msg>
<status status="PASS" starttime="20200729 18:02:25.314" endtime="20200729 18:02:25.315"></status>
</kw>
<kw name="Convert To Number" library="BuiltIn">
<doc>Converts the given item to a floating point number.</doc>
<arguments>
<arg>${mystring}</arg>
</arguments>
<assign>
<var>${real_price}</var>
</assign>
<msg timestamp="20200729 18:02:25.315" level="INFO">${real_price} = 7000.0</msg>
<status status="PASS" starttime="20200729 18:02:25.315" endtime="20200729 18:02:25.315"></status>
</kw>
<kw name="Return From Keyword" library="BuiltIn">
<doc>Returns from the enclosing user keyword.</doc>
<arguments>
<arg>${real_price}</arg>
</arguments>
<msg timestamp="20200729 18:02:25.315" level="INFO">Returning from the enclosing user keyword.</msg>
<status status="PASS" starttime="20200729 18:02:25.315" endtime="20200729 18:02:25.315"></status>
</kw>
<msg timestamp="20200729 18:02:25.315" level="INFO">${giasp} = 7000.0</msg>
<status status="PASS" starttime="20200729 18:02:25.281" endtime="20200729 18:02:25.315"></status>
</kw>
<kw name="Should Be Equal" library="BuiltIn">
<doc>Fails if the given objects are unequal.</doc>
<arguments>
<arg>${giasp}</arg>
<arg>${gia}</arg>
</arguments>
<status status="PASS" starttime="20200729 18:02:25.316" endtime="20200729 18:02:25.316"></status>
</kw>
<kw name="Set Selenium Speed" library="SeleniumLibrary">
<doc>Sets the delay that is waited after each Selenium command.</doc>
<arguments>
<arg>1 s</arg>
</arguments>
<status status="PASS" starttime="20200729 18:02:25.316" endtime="20200729 18:02:25.316"></status>
</kw>
<kw name="Scroll Element Into View" library="SeleniumLibrary">
<doc>Scrolls the element identified by ``locator`` into view.</doc>
<arguments>
<arg>${lbl_texttongtienhang}</arg>
</arguments>
<status status="PASS" starttime="20200729 18:02:25.316" endtime="20200729 18:02:27.611"></status>
</kw>
<kw name="Click Element JS" library="Javascript">
<arguments>
<arg>${lb_giaohangtaidcnguoinhan}</arg>
</arguments>
<kw name="Format String" library="StringFormat">
<arguments>
<arg>${mes_click}</arg>
<arg>${xpathElement}</arg>
</arguments>
<assign>
<var>${xpath}</var>
</assign>
<msg timestamp="20200729 18:02:27.613" level="INFO">${xpath} = document.evaluate("//div[@class='custom-control tab']//label[contains(text(),'Giao hàng tại')]", document, null, XPathResult.FIRST_ORDERED_NODE_TYPE, null).singleNodeValue.click()</msg>
<status status="PASS" starttime="20200729 18:02:27.612" endtime="20200729 18:02:27.613"></status>
</kw>
<kw name="Execute Javascript" library="SeleniumLibrary">
<doc>Executes the given JavaScript code with possible arguments.</doc>
<arguments>
<arg>${xpath}</arg>
</arguments>
<msg timestamp="20200729 18:02:27.614" level="INFO">Executing JavaScript:
document.evaluate("//div[@class='custom-control tab']//label[contains(text(),'Giao hàng tại')]", document, null, XPathResult.FIRST_ORDERED_NODE_TYPE, null).singleNodeValue.click()
Without any arguments.</msg>
<status status="PASS" starttime="20200729 18:02:27.613" endtime="20200729 18:02:28.660"></status>
</kw>
<timeout value="15 seconds"></timeout>
<status status="PASS" starttime="20200729 18:02:27.611" endtime="20200729 18:02:28.660"></status>
</kw>
<kw name="Scroll Element Into View" library="SeleniumLibrary">
<doc>Scrolls the element identified by ``locator`` into view.</doc>
<arguments>
<arg>${txt_ten}</arg>
</arguments>
<status status="PASS" starttime="20200729 18:02:28.661" endtime="20200729 18:02:30.939"></status>
</kw>
<kw name="Set Selenium Speed" library="SeleniumLibrary">
<doc>Sets the delay that is waited after each Selenium command.</doc>
<arguments>
<arg>0.1 s</arg>
</arguments>
<status status="PASS" starttime="20200729 18:02:30.939" endtime="20200729 18:02:30.939"></status>
</kw>
<kw name="Input Text" library="SeleniumLibrary">
<doc>Types the given ``text`` into the text field identified by ``locator``.</doc>
<arguments>
<arg>${txt_ten}</arg>
<arg>${ten}</arg>
</arguments>
<msg timestamp="20200729 18:02:30.940" level="INFO">Typing text 'phuong' into text field '//input[@id='order-userName']'.</msg>
<status status="PASS" starttime="20200729 18:02:30.940" endtime="20200729 18:02:31.470"></status>
</kw>
<kw name="Input Text" library="SeleniumLibrary">
<doc>Types the given ``text`` into the text field identified by ``locator``.</doc>
<arguments>
<arg>${txt_sdt}</arg>
<arg>${sdt}</arg>
</arguments>
<msg timestamp="20200729 18:02:31.470" level="INFO">Typing text '0987666555' into text field '//input[@id='order-phoneNumber']'.</msg>
<status status="PASS" starttime="20200729 18:02:31.470" endtime="20200729 18:02:31.991"></status>
</kw>
<kw name="Input Text" library="SeleniumLibrary">
<doc>Types the given ``text`` into the text field identified by ``locator``.</doc>
<arguments>
<arg>${txt_email}</arg>
<arg>${email}</arg>
</arguments>
<msg timestamp="20200729 18:02:31.991" level="INFO">Typing text 'phuong2610@gmail.com' into text field '//input[@id='order-email']'.</msg>
<status status="PASS" starttime="20200729 18:02:31.991" endtime="20200729 18:02:32.652"></status>
</kw>
<kw name="Input Text" library="SeleniumLibrary">
<doc>Types the given ``text`` into the text field identified by ``locator``.</doc>
<arguments>
<arg>${txt_diachi}</arg>
<arg>${diachi}</arg>
</arguments>
<msg timestamp="20200729 18:02:32.652" level="INFO">Typing text '434 TKC' into text field '//input[@id='order-address']'.</msg>
<status status="PASS" starttime="20200729 18:02:32.652" endtime="20200729 18:02:33.163"></status>
</kw>
<kw name="Click Element" library="SeleniumLibrary">
<doc>Click the element identified by ``locator``.</doc>
<arguments>
<arg>${cbb_thanhpho}</arg>
</arguments>
<msg timestamp="20200729 18:02:33.163" level="INFO">Clicking element '//span[@id='select2-order-city-container']'.</msg>
<status status="PASS" starttime="20200729 18:02:33.163" endtime="20200729 18:02:33.465"></status>
</kw>
<kw name="Format String" library="StringFormat">
<arguments>
<arg>${obj_thanhpho}</arg>
<arg>An Giang</arg>
</arguments>
<assign>
<var>${thanhpho}</var>
</assign>
<msg timestamp="20200729 18:02:33.466" level="INFO">${thanhpho} = //ul[@id='select2-order-city-results']//li[contains(text(),'An Giang')]</msg>
<status status="PASS" starttime="20200729 18:02:33.465" endtime="20200729 18:02:33.466"></status>
</kw>
<kw name="Format String" library="StringFormat">
<arguments>
<arg>${obj_quanhuyen}</arg>
<arg>Huyện An Phú</arg>
</arguments>
<assign>
<var>${quanhuyen}</var>
</assign>
<msg timestamp="20200729 18:02:33.466" level="INFO">${quanhuyen} = //ul[@id='select2-order-district-results']//li[contains(text(),'Huyện An Phú')]</msg>
<status status="PASS" starttime="20200729 18:02:33.466" endtime="20200729 18:02:33.466"></status>
</kw>
<kw name="Format String" library="StringFormat">
<arguments>
<arg>${obj_phuongxa}</arg>
<arg>Thị trấn An Phú</arg>
</arguments>
<assign>
<var>${phuongxa}</var>
</assign>
<msg timestamp="20200729 18:02:33.467" level="INFO">${phuongxa} = //ul[@id='select2-order-ward-results']//li[contains(text(),'Thị trấn An Phú')]</msg>
<status status="PASS" starttime="20200729 18:02:33.466" endtime="20200729 18:02:33.467"></status>
</kw>
<kw name="Click Element" library="SeleniumLibrary">
<doc>Click the element identified by ``locator``.</doc>
<arguments>
<arg>${thanhpho}</arg>
</arguments>
<msg timestamp="20200729 18:02:33.467" level="INFO">Clicking element '//ul[@id='select2-order-city-results']//li[contains(text(),'An Giang')]'.</msg>
<status status="PASS" starttime="20200729 18:02:33.467" endtime="20200729 18:02:33.744"></status>
</kw>
<kw name="Click Element" library="SeleniumLibrary">
<doc>Click the element identified by ``locator``.</doc>
<arguments>
<arg>${cbb_quanhuyen}</arg>
</arguments>
<msg timestamp="20200729 18:02:33.744" level="INFO">Clicking element '//span[@id='select2-order-district-container']'.</msg>
<status status="PASS" starttime="20200729 18:02:33.744" endtime="20200729 18:02:34.028"></status>
</kw>
<kw name="Click Element" library="SeleniumLibrary">
<doc>Click the element identified by ``locator``.</doc>
<arguments>
<arg>${quanhuyen}</arg>
</arguments>
<msg timestamp="20200729 18:02:34.028" level="INFO">Clicking element '//ul[@id='select2-order-district-results']//li[contains(text(),'Huyện An Phú')]'.</msg>
<status status="PASS" starttime="20200729 18:02:34.028" endtime="20200729 18:02:34.299"></status>
</kw>
<kw name="Click Element" library="SeleniumLibrary">
<doc>Click the element identified by ``locator``.</doc>
<arguments>
<arg>${cbb_phuongxa}</arg>
</arguments>
<msg timestamp="20200729 18:02:34.299" level="INFO">Clicking element '//span[@id='select2-order-ward-container']'.</msg>
<status status="PASS" starttime="20200729 18:02:34.299" endtime="20200729 18:02:34.585"></status>
</kw>
<kw name="Click Element" library="SeleniumLibrary">
<doc>Click the element identified by ``locator``.</doc>
<arguments>
<arg>${phuongxa}</arg>
</arguments>
<msg timestamp="20200729 18:02:34.585" level="INFO">Clicking element '//ul[@id='select2-order-ward-results']//li[contains(text(),'Thị trấn An Phú')]'.</msg>
<status status="PASS" starttime="20200729 18:02:34.585" endtime="20200729 18:02:34.905"></status>
</kw>
<kw name="Input Text" library="SeleniumLibrary">
<doc>Types the given ``text`` into the text field identified by ``locator``.</doc>
<arguments>
<arg>${txa_ghichu}</arg>
<arg>${ghichu}</arg>
</arguments>
<msg timestamp="20200729 18:02:34.905" level="INFO">Typing text 'as soon as possible' into text field '//textarea[@id='order-note']'.</msg>
<status status="PASS" starttime="20200729 18:02:34.905" endtime="20200729 18:02:35.396"></status>
</kw>
<kw name="Scroll Element Into View" library="SeleniumLibrary">
<doc>Scrolls the element identified by ``locator`` into view.</doc>
<arguments>
<arg>${btn_thanhtoan}</arg>
</arguments>
<status status="PASS" starttime="20200729 18:02:35.396" endtime="20200729 18:02:35.882"></status>
</kw>
<kw name="Convert price to number" library="Computation">
<arguments>
<arg>${lbl_tongtienhang}</arg>
</arguments>
<assign>
<var>${tongtien}</var>
</assign>
<kw name="Get Text" library="SeleniumLibrary">
<doc>Returns the text value of the element identified by ``locator``.</doc>
<arguments>
<arg>${locator}</arg>
</arguments>
<assign>
<var>${price_number}</var>
</assign>
<msg timestamp="20200729 18:02:36.112" level="INFO">${price_number} = 35,000 đ</msg>
<status status="PASS" starttime="20200729 18:02:35.882" endtime="20200729 18:02:36.112"></status>
</kw>
<kw name="Remove String" library="String">
<doc>Removes all ``removables`` from the given ``string``.</doc>
<arguments>
<arg>${price_number}</arg>
<arg>,</arg>
<arg>đ</arg>
</arguments>
<assign>
<var>${mystring}</var>
</assign>
<msg timestamp="20200729 18:02:36.112" level="INFO">${mystring} = 35000 </msg>
<status status="PASS" starttime="20200729 18:02:36.112" endtime="20200729 18:02:36.112"></status>
</kw>
<kw name="Convert To Number" library="BuiltIn">
<doc>Converts the given item to a floating point number.</doc>
<arguments>
<arg>${mystring}</arg>
</arguments>
<assign>
<var>${real_price}</var>
</assign>
<msg timestamp="20200729 18:02:36.113" level="INFO">${real_price} = 35000.0</msg>
<status status="PASS" starttime="20200729 18:02:36.112" endtime="20200729 18:02:36.113"></status>
</kw>
<kw name="Return From Keyword" library="BuiltIn">
<doc>Returns from the enclosing user keyword.</doc>
<arguments>
<arg>${real_price}</arg>
</arguments>
<msg timestamp="20200729 18:02:36.113" level="INFO">Returning from the enclosing user keyword.</msg>
<status status="PASS" starttime="20200729 18:02:36.113" endtime="20200729 18:02:36.113"></status>
</kw>
<msg timestamp="20200729 18:02:36.113" level="INFO">${tongtien} = 35000.0</msg>
<status status="PASS" starttime="20200729 18:02:35.882" endtime="20200729 18:02:36.113"></status>
</kw>
<kw name="Should Be Equal" library="BuiltIn">
<doc>Fails if the given objects are unequal.</doc>
<arguments>
<arg>${tongtien}</arg>
<arg>${thanhtien}</arg>
</arguments>
<status status="PASS" starttime="20200729 18:02:36.113" endtime="20200729 18:02:36.114"></status>
</kw>
<kw name="Click Element JS" library="Javascript">
<arguments>
<arg>${btn_thanhtoan}</arg>
</arguments>
<kw name="Format String" library="StringFormat">
<arguments>
<arg>${mes_click}</arg>
<arg>${xpathElement}</arg>
</arguments>
<assign>
<var>${xpath}</var>
</assign>
<msg timestamp="20200729 18:02:36.115" level="INFO">${xpath} = document.evaluate("//button[contains(@class,'btn-submit')]", document, null, XPathResult.FIRST_ORDERED_NODE_TYPE, null).singleNodeValue.click()</msg>
<status status="PASS" starttime="20200729 18:02:36.114" endtime="20200729 18:02:36.115"></status>
</kw>
<kw name="Execute Javascript" library="SeleniumLibrary">
<doc>Executes the given JavaScript code with possible arguments.</doc>
<arguments>
<arg>${xpath}</arg>
</arguments>
<msg timestamp="20200729 18:02:36.116" level="INFO">Executing JavaScript:
document.evaluate("//button[contains(@class,'btn-submit')]", document, null, XPathResult.FIRST_ORDERED_NODE_TYPE, null).singleNodeValue.click()
Without any arguments.</msg>
<status status="PASS" starttime="20200729 18:02:36.115" endtime="20200729 18:02:36.232"></status>
</kw>
<timeout value="15 seconds"></timeout>
<status status="PASS" starttime="20200729 18:02:36.114" endtime="20200729 18:02:36.232"></status>
</kw>
<kw name="Wait Until Element Is Visible" library="SeleniumLibrary">
<doc>Waits until the element ``locator`` is visible.</doc>
<arguments>
<arg>${popup_msg}</arg>
</arguments>
<status status="PASS" starttime="20200729 18:02:36.232" endtime="20200729 18:02:39.068"></status>
</kw>
<kw name="Get Text" library="SeleniumLibrary">
<doc>Returns the text value of the element identified by ``locator``.</doc>
<arguments>
<arg>${btn_tieptucmuahang}</arg>
</arguments>
<assign>
<var>${messege}</var>
</assign>
<msg timestamp="20200729 18:02:39.299" level="INFO">${messege} = TIẾP TỤC MUA HÀNG</msg>
<status status="PASS" starttime="20200729 18:02:39.068" endtime="20200729 18:02:39.299"></status>
</kw>
<kw name="Should Contain" library="BuiltIn">
<doc>Fails if ``container`` does not contain ``item`` one or more times.</doc>
<arguments>
<arg>${messege}</arg>
<arg>TIẾP TỤC MUA HÀNG</arg>
</arguments>
<status status="PASS" starttime="20200729 18:02:39.299" endtime="20200729 18:02:39.299"></status>
</kw>
<kw name="Click Element" library="SeleniumLibrary">
<doc>Click the element identified by ``locator``.</doc>
<arguments>
<arg>${btn_tieptucmuahang}</arg>
</arguments>
<msg timestamp="20200729 18:02:39.300" level="INFO">Clicking element '//a[@class='btn btn-secondary']'.</msg>
<status status="PASS" starttime="20200729 18:02:39.300" endtime="20200729 18:02:41.137"></status>
</kw>
<status status="PASS" starttime="20200729 18:02:25.245" endtime="20200729 18:02:41.137"></status>
</kw>
<status status="PASS" starttime="20200729 18:02:19.302" endtime="20200729 18:02:41.137"></status>
</kw>
<kw name="after test" library="Common" type="teardown">
<kw name="Close Browser" library="SeleniumLibrary">
<doc>Closes the current browser.</doc>
<status status="PASS" starttime="20200729 18:02:41.138" endtime="20200729 18:02:43.565"></status>
</kw>
<status status="PASS" starttime="20200729 18:02:41.137" endtime="20200729 18:02:43.566"></status>
</kw>
<tags>
<tag>All</tag>
<tag>Order</tag>
</tags>
<status status="PASS" starttime="20200729 18:02:10.379" endtime="20200729 18:02:43.566" critical="yes"></status>
</test>
<test id="s1-s1-t3" name="TC003">
<kw name="before test" library="Common" type="setup">
<kw name="Open Browser" library="SeleniumLibrary">
<doc>Opens a new browser instance to the optional ``url``.</doc>
<arguments>
<arg>https://www.mykiot.vn/testz5</arg>
<arg>chrome</arg>
</arguments>
<msg timestamp="20200729 18:02:43.571" level="INFO">Opening browser 'chrome' to base url 'https://www.mykiot.vn/testz5'.</msg>
<status status="PASS" starttime="20200729 18:02:43.571" endtime="20200729 18:02:50.161"></status>
</kw>
<kw name="Maximize Browser Window" library="SeleniumLibrary">
<doc>Maximizes current browser window.</doc>
<status status="PASS" starttime="20200729 18:02:50.161" endtime="20200729 18:02:52.475"></status>
</kw>
<status status="PASS" starttime="20200729 18:02:43.569" endtime="20200729 18:02:52.475"></status>
</kw>
<kw name="Them san pham cua category vao cart va thanh toan">
<arguments>
<arg>Huong Ha</arg>
<arg>0902100500</arg>
<arg>2</arg>
</arguments>
<kw name="Them san pham cua category vao cart" library="Homepage_action">
<arguments>
<arg>${sl}</arg>
</arguments>
<assign>
<var>${thanhtien}</var>
<var>${gia}</var>
</assign>
<kw name="Scroll Element Into View" library="SeleniumLibrary">
<doc>Scrolls the element identified by ``locator`` into view.</doc>
<arguments>
<arg>${ctg_quick_cart}</arg>
</arguments>
<status status="PASS" starttime="20200729 18:02:52.476" endtime="20200729 18:02:53.171"></status>
</kw>
<kw name="Click Element" library="SeleniumLibrary">
<doc>Click the element identified by ``locator``.</doc>
<arguments>
<arg>${ctg_quick_cart}</arg>
</arguments>
<msg timestamp="20200729 18:02:53.171" level="INFO">Clicking element '//div[@class='col-12 kv-category-list main']//div[@class='kv-product-list-item product-item'][1]//div[@class='kv-product-list-item-top'][1]//div[@class='kv-product-list-item--content'][1]//div[@class='kv-product-action'][1]//div[@class='kv-product-addToCart'][1]'.</msg>
<status status="PASS" starttime="20200729 18:02:53.171" endtime="20200729 18:02:53.492"></status>
</kw>
<kw name="Wait Until Page Contains Element" library="SeleniumLibrary">
<doc>Waits until the element ``locator`` appears on the current page.</doc>
<arguments>
<arg>${btn_addtocart}</arg>
</arguments>
<status status="PASS" starttime="20200729 18:02:53.492" endtime="20200729 18:02:53.916"></status>
</kw>
<kw name="Input Text" library="SeleniumLibrary">
<doc>Types the given ``text`` into the text field identified by ``locator``.</doc>
<arguments>
<arg>${txt_soluong}</arg>
<arg>${sl}</arg>
</arguments>
<msg timestamp="20200729 18:02:53.918" level="INFO">Typing text '2' into text field '//div[@class='kv-product-cart']//div[@class='summary-content spinner ']//input[@class='form-control form-control-lg quantity-value']'.</msg>
<status status="PASS" starttime="20200729 18:02:53.916" endtime="20200729 18:02:54.376"></status>
</kw>
<kw name="Convert price to number" library="Computation">
<arguments>
<arg>${lbl_giasp}</arg>
</arguments>
<assign>
<var>${price}</var>
</assign>
<kw name="Get Text" library="SeleniumLibrary">
<doc>Returns the text value of the element identified by ``locator``.</doc>
<arguments>
<arg>${locator}</arg>
</arguments>
<assign>
<var>${price_number}</var>
</assign>
<msg timestamp="20200729 18:02:54.607" level="INFO">${price_number} = 0đ</msg>
<status status="PASS" starttime="20200729 18:02:54.376" endtime="20200729 18:02:54.607"></status>
</kw>
<kw name="Remove String" library="String">
<doc>Removes all ``removables`` from the given ``string``.</doc>
<arguments>
<arg>${price_number}</arg>
<arg>,</arg>
<arg>đ</arg>
</arguments>
<assign>
<var>${mystring}</var>
</assign>
<msg timestamp="20200729 18:02:54.608" level="INFO">${mystring} = 0</msg>
<status status="PASS" starttime="20200729 18:02:54.607" endtime="20200729 18:02:54.608"></status>
</kw>
<kw name="Convert To Number" library="BuiltIn">
<doc>Converts the given item to a floating point number.</doc>
<arguments>
<arg>${mystring}</arg>
</arguments>
<assign>
<var>${real_price}</var>
</assign>
<msg timestamp="20200729 18:02:54.608" level="INFO">${real_price} = 0.0</msg>
<status status="PASS" starttime="20200729 18:02:54.608" endtime="20200729 18:02:54.608"></status>
</kw>
<kw name="Return From Keyword" library="BuiltIn">
<doc>Returns from the enclosing user keyword.</doc>
<arguments>
<arg>${real_price}</arg>
</arguments>
<msg timestamp="20200729 18:02:54.608" level="INFO">Returning from the enclosing user keyword.</msg>
<status status="PASS" starttime="20200729 18:02:54.608" endtime="20200729 18:02:54.608"></status>
</kw>
<msg timestamp="20200729 18:02:54.609" level="INFO">${price} = 0.0</msg>
<status status="PASS" starttime="20200729 18:02:54.376" endtime="20200729 18:02:54.609"></status>
</kw>
<kw name="Multiplication" library="Computation">
<arguments>
<arg>${price}</arg>
<arg>${sl}</arg>
</arguments>
<assign>
<var>${total}</var>
</assign>
<kw name="Convert To Number" library="BuiltIn">
<doc>Converts the given item to a floating point number.</doc>
<arguments>
<arg>${num1}</arg>
</arguments>
<assign>
<var>${num1}</var>
</assign>
<msg timestamp="20200729 18:02:54.610" level="INFO">${num1} = 0.0</msg>
<status status="PASS" starttime="20200729 18:02:54.609" endtime="20200729 18:02:54.611"></status>
</kw>
<kw name="Convert To Number" library="BuiltIn">
<doc>Converts the given item to a floating point number.</doc>
<arguments>
<arg>${num2}</arg>
</arguments>
<assign>
<var>${num2}</var>
</assign>
<msg timestamp="20200729 18:02:54.611" level="INFO">${num2} = 2.0</msg>
<status status="PASS" starttime="20200729 18:02:54.611" endtime="20200729 18:02:54.611"></status>
</kw>
<kw name="Create Dictionary" library="BuiltIn">
<doc>Creates and returns a dictionary based on the given ``items``.</doc>
<arguments>
<arg>x=${num1}</arg>
<arg>y=${num2}</arg>
</arguments>
<assign>
<var>${result_ns}</var>
</assign>
<msg timestamp="20200729 18:02:54.612" level="INFO">${result_ns} = {'x': 0.0, 'y': 2.0}</msg>
<status status="PASS" starttime="20200729 18:02:54.612" endtime="20200729 18:02:54.612"></status>
</kw>
<kw name="Evaluate" library="BuiltIn">
<doc>Evaluates the given expression in Python and returns the results.</doc>
<arguments>
<arg>x*y</arg>
<arg>namespace=${result_ns}</arg>
</arguments>
<assign>
<var>${result}</var>
</assign>
<msg timestamp="20200729 18:02:54.613" level="INFO">${result} = 0.0</msg>
<status status="PASS" starttime="20200729 18:02:54.612" endtime="20200729 18:02:54.613"></status>
</kw>
<kw name="Return From Keyword" library="BuiltIn">
<doc>Returns from the enclosing user keyword.</doc>
<arguments>
<arg>${result}</arg>
</arguments>
<msg timestamp="20200729 18:02:54.613" level="INFO">Returning from the enclosing user keyword.</msg>
<status status="PASS" starttime="20200729 18:02:54.613" endtime="20200729 18:02:54.613"></status>
</kw>
<msg timestamp="20200729 18:02:54.614" level="INFO">${total} = 0.0</msg>
<timeout value="15 seconds"></timeout>
<status status="PASS" starttime="20200729 18:02:54.609" endtime="20200729 18:02:54.614"></status>
</kw>
<kw name="Click Element" library="SeleniumLibrary">
<doc>Click the element identified by ``locator``.</doc>
<arguments>
<arg>${btn_addtocart}</arg>
</arguments>
<msg timestamp="20200729 18:02:54.614" level="INFO">Clicking element '//button[@id='addtocart']'.</msg>
<status status="PASS" starttime="20200729 18:02:54.614" endtime="20200729 18:02:55.008"></status>
</kw>
<kw name="Click Element" library="SeleniumLibrary">
<doc>Click the element identified by ``locator``.</doc>
<arguments>
<arg>${btn_close}</arg>
</arguments>
<msg timestamp="20200729 18:02:55.008" level="INFO">Clicking element '//div[@class='x-close']'.</msg>
<status status="PASS" starttime="20200729 18:02:55.008" endtime="20200729 18:02:55.429"></status>
</kw>
<kw name="Wait Until Page Contains Element" library="SeleniumLibrary">
<doc>Waits until the element ``locator`` appears on the current page.</doc>
<arguments>
<arg>${btn_orderincart}</arg>
</arguments>
<status status="PASS" starttime="20200729 18:02:55.430" endtime="20200729 18:02:55.562"></status>
</kw>
<kw name="Click Element" library="SeleniumLibrary">
<doc>Click the element identified by ``locator``.</doc>
<arguments>
<arg>${btn_orderincart}</arg>
</arguments>
<msg timestamp="20200729 18:02:55.562" level="INFO">Clicking element '//a[@class='btn btn-primary btn-checkout']'.</msg>
<status status="PASS" starttime="20200729 18:02:55.562" endtime="20200729 18:02:56.810"></status>
</kw>
<kw name="Return From Keyword" library="BuiltIn">
<doc>Returns from the enclosing user keyword.</doc>
<arguments>
<arg>${total}</arg>
<arg>${price}</arg>
</arguments>
<msg timestamp="20200729 18:02:56.810" level="INFO">Returning from the enclosing user keyword.</msg>
<status status="PASS" starttime="20200729 18:02:56.810" endtime="20200729 18:02:56.810"></status>
</kw>
<msg timestamp="20200729 18:02:56.811" level="INFO">${thanhtien} = 0.0</msg>
<msg timestamp="20200729 18:02:56.811" level="INFO">${gia} = 0.0</msg>
<status status="PASS" starttime="20200729 18:02:52.475" endtime="20200729 18:02:56.811"></status>
</kw>
<kw name="Sleep" library="BuiltIn">
<doc>Pauses the test executed for the given time.</doc>
<arguments>
<arg>3</arg>
</arguments>
<msg timestamp="20200729 18:02:59.812" level="INFO">Slept 3 seconds</msg>
<status status="PASS" starttime="20200729 18:02:56.811" endtime="20200729 18:02:59.812"></status>
</kw>
<kw name="Thanh toan nhan hang tai chi nhanh" library="Orderpage_Action">
<arguments>
<arg>${user_name}</arg>
<arg>${user_sdt}</arg>
<arg>${thanhtien}</arg>
<arg>${gia}</arg>
</arguments>
<kw name="Wait Until Element Is Visible" library="SeleniumLibrary">
<doc>Waits until the element ``locator`` is visible.</doc>
<arguments>
<arg>${title_orderpage}</arg>
</arguments>
<status status="PASS" starttime="20200729 18:02:59.813" endtime="20200729 18:03:00.094"></status>
</kw>
<kw name="Convert price to number" library="Computation">
<arguments>
<arg>${lbl_giasp_order}</arg>
</arguments>
<assign>
<var>${giasp}</var>
</assign>
<kw name="Get Text" library="SeleniumLibrary">
<doc>Returns the text value of the element identified by ``locator``.</doc>
<arguments>
<arg>${locator}</arg>
</arguments>
<assign>
<var>${price_number}</var>
</assign>
<msg timestamp="20200729 18:03:00.358" level="INFO">${price_number} = 0đ</msg>
<status status="PASS" starttime="20200729 18:03:00.094" endtime="20200729 18:03:00.358"></status>
</kw>
<kw name="Remove String" library="String">
<doc>Removes all ``removables`` from the given ``string``.</doc>
<arguments>
<arg>${price_number}</arg>
<arg>,</arg>
<arg>đ</arg>
</arguments>
<assign>
<var>${mystring}</var>
</assign>
<msg timestamp="20200729 18:03:00.358" level="INFO">${mystring} = 0</msg>
<status status="PASS" starttime="20200729 18:03:00.358" endtime="20200729 18:03:00.358"></status>
</kw>
<kw name="Convert To Number" library="BuiltIn">
<doc>Converts the given item to a floating point number.</doc>
<arguments>
<arg>${mystring}</arg>
</arguments>
<assign>
<var>${real_price}</var>
</assign>
<msg timestamp="20200729 18:03:00.359" level="INFO">${real_price} = 0.0</msg>
<status status="PASS" starttime="20200729 18:03:00.359" endtime="20200729 18:03:00.359"></status>
</kw>
<kw name="Return From Keyword" library="BuiltIn">
<doc>Returns from the enclosing user keyword.</doc>
<arguments>
<arg>${real_price}</arg>
</arguments>
<msg timestamp="20200729 18:03:00.359" level="INFO">Returning from the enclosing user keyword.</msg>
<status status="PASS" starttime="20200729 18:03:00.359" endtime="20200729 18:03:00.359"></status>
</kw>
<msg timestamp="20200729 18:03:00.360" level="INFO">${giasp} = 0.0</msg>
<status status="PASS" starttime="20200729 18:03:00.094" endtime="20200729 18:03:00.360"></status>
</kw>
<kw name="Should Be Equal" library="BuiltIn">
<doc>Fails if the given objects are unequal.</doc>
<arguments>
<arg>${giasp}</arg>
<arg>${gia}</arg>
</arguments>
<status status="PASS" starttime="20200729 18:03:00.360" endtime="20200729 18:03:00.360"></status>
</kw>
<kw name="Scroll Element Into View" library="SeleniumLibrary">
<doc>Scrolls the element identified by ``locator`` into view.</doc>
<arguments>
<arg>${txt_name}</arg>
</arguments>
<status status="PASS" starttime="20200729 18:03:00.360" endtime="20200729 18:03:00.868"></status>
</kw>
<kw name="Wait Until Element Is Visible" library="SeleniumLibrary">
<doc>Waits until the element ``locator`` is visible.</doc>
<arguments>
<arg>${txt_name}</arg>
</arguments>
<status status="PASS" starttime="20200729 18:03:00.868" endtime="20200729 18:03:01.126"></status>
</kw>
<kw name="Convert price to number" library="Computation">
<arguments>
<arg>${lbl_tongtienhang}</arg>
</arguments>
<assign>
<var>${tongtien}</var>
</assign>
<kw name="Get Text" library="SeleniumLibrary">
<doc>Returns the text value of the element identified by ``locator``.</doc>
<arguments>
<arg>${locator}</arg>
</arguments>
<assign>
<var>${price_number}</var>
</assign>
<msg timestamp="20200729 18:03:01.374" level="INFO">${price_number} = 0 đ</msg>
<status status="PASS" starttime="20200729 18:03:01.128" endtime="20200729 18:03:01.374"></status>
</kw>
<kw name="Remove String" library="String">
<doc>Removes all ``removables`` from the given ``string``.</doc>
<arguments>
<arg>${price_number}</arg>
<arg>,</arg>
<arg>đ</arg>
</arguments>
<assign>
<var>${mystring}</var>
</assign>
<msg timestamp="20200729 18:03:01.375" level="INFO">${mystring} = 0 </msg>
<status status="PASS" starttime="20200729 18:03:01.375" endtime="20200729 18:03:01.376"></status>
</kw>
<kw name="Convert To Number" library="BuiltIn">
<doc>Converts the given item to a floating point number.</doc>
<arguments>
<arg>${mystring}</arg>
</arguments>
<assign>
<var>${real_price}</var>
</assign>
<msg timestamp="20200729 18:03:01.377" level="INFO">${real_price} = 0.0</msg>
<status status="PASS" starttime="20200729 18:03:01.376" endtime="20200729 18:03:01.377"></status>
</kw>
<kw name="Return From Keyword" library="BuiltIn">
<doc>Returns from the enclosing user keyword.</doc>
<arguments>
<arg>${real_price}</arg>
</arguments>
<msg timestamp="20200729 18:03:01.379" level="INFO">Returning from the enclosing user keyword.</msg>
<status status="PASS" starttime="20200729 18:03:01.377" endtime="20200729 18:03:01.379"></status>
</kw>
<msg timestamp="20200729 18:03:01.380" level="INFO">${tongtien} = 0.0</msg>
<status status="PASS" starttime="20200729 18:03:01.126" endtime="20200729 18:03:01.380"></status>
</kw>
<kw name="Should Be Equal" library="BuiltIn">
<doc>Fails if the given objects are unequal.</doc>
<arguments>
<arg>${tongtien}</arg>
<arg>${thanhtien}</arg>
</arguments>
<status status="PASS" starttime="20200729 18:03:01.380" endtime="20200729 18:03:01.381"></status>
</kw>
<kw name="${time} IN RANGE [ 5 ]" type="for">
<kw name="${time} = 0" type="foritem">
<kw name="Input Text" library="SeleniumLibrary">
<doc>Types the given ``text`` into the text field identified by ``locator``.</doc>
<arguments>
<arg>${txt_name}</arg>
<arg>${username}</arg>
</arguments>
<msg timestamp="20200729 18:03:01.383" level="INFO">Typing text 'Huong Ha' into text field '//input[@id='inplace-userName']'.</msg>
<status status="PASS" starttime="20200729 18:03:01.382" endtime="20200729 18:03:01.899"></status>
</kw>
<kw name="Input Text" library="SeleniumLibrary">
<doc>Types the given ``text`` into the text field identified by ``locator``.</doc>
<arguments>
<arg>${txt_mobilephone}</arg>
<arg>${mobilephone}</arg>
</arguments>
<msg timestamp="20200729 18:03:01.899" level="INFO">Typing text '0902100500' into text field '//input[@id='inplace-phoneNumber']'.</msg>
<status status="PASS" starttime="20200729 18:03:01.899" endtime="20200729 18:03:02.430"></status>
</kw>
<kw name="Scroll Element Into View" library="SeleniumLibrary">
<doc>Scrolls the element identified by ``locator`` into view.</doc>
<arguments>
<arg>${lbl_footer}</arg>
</arguments>
<status status="PASS" starttime="20200729 18:03:02.431" endtime="20200729 18:03:02.950"></status>
</kw>
<kw name="Click Element" library="SeleniumLibrary">
<doc>Click the element identified by ``locator``.</doc>
<arguments>
<arg>${btn_thanhtoan}</arg>
</arguments>
<msg timestamp="20200729 18:03:02.951" level="INFO">Clicking element '//button[contains(@class,'btn-submit')]'.</msg>
<status status="PASS" starttime="20200729 18:03:02.951" endtime="20200729 18:03:03.265"></status>
</kw>
<kw name="Run Keyword And Return Status" library="BuiltIn">
<doc>Runs the given keyword with given arguments and returns the status as a Boolean value.</doc>
<arguments>
<arg>wait until element is visible</arg>
<arg>${popup_msg}</arg>
<arg>5</arg>
</arguments>
<assign>
<var>${present}</var>
</assign>
<kw name="Wait Until Element Is Visible" library="SeleniumLibrary">
<doc>Waits until the element ``locator`` is visible.</doc>
<arguments>
<arg>${popup_msg}</arg>
<arg>5</arg>
</arguments>
<status status="PASS" starttime="20200729 18:03:03.266" endtime="20200729 18:03:05.700"></status>
</kw>
<msg timestamp="20200729 18:03:05.700" level="INFO">${present} = True</msg>
<status status="PASS" starttime="20200729 18:03:03.265" endtime="20200729 18:03:05.700"></status>
</kw>
<kw name="Exit For Loop If" library="BuiltIn">
<doc>Stops executing the enclosing for loop if the ``condition`` is true.</doc>
<arguments>
<arg>'${present}'=='True'</arg>
</arguments>
<msg timestamp="20200729 18:03:05.701" level="INFO">Exiting for loop altogether.</msg>
<status status="PASS" starttime="20200729 18:03:05.700" endtime="20200729 18:03:05.701"></status>
</kw>
<status status="PASS" starttime="20200729 18:03:01.382" endtime="20200729 18:03:05.701"></status>
</kw>
<status status="PASS" starttime="20200729 18:03:01.382" endtime="20200729 18:03:05.701"></status>
</kw>
<kw name="Get Text" library="SeleniumLibrary">
<doc>Returns the text value of the element identified by ``locator``.</doc>
<arguments>
<arg>${btn_tieptucmuahang}</arg>
</arguments>
<assign>
<var>${messege}</var>
</assign>
<msg timestamp="20200729 18:03:05.962" level="INFO">${messege} = TIẾP TỤC MUA HÀNG</msg>
<status status="PASS" starttime="20200729 18:03:05.701" endtime="20200729 18:03:05.962"></status>
</kw>
<kw name="Should Be Equal As Strings" library="BuiltIn">
<doc>Fails if objects are unequal after converting them to strings.</doc>
<arguments>
<arg>${messege}</arg>
<arg>TIẾP TỤC MUA HÀNG</arg>
</arguments>
<status status="PASS" starttime="20200729 18:03:05.962" endtime="20200729 18:03:05.963"></status>
</kw>
<kw name="Click Element JS" library="Javascript">
<arguments>
<arg>${btn_tieptucmuahang}</arg>
</arguments>
<kw name="Format String" library="StringFormat">
<arguments>
<arg>${mes_click}</arg>
<arg>${xpathElement}</arg>
</arguments>
<assign>
<var>${xpath}</var>
</assign>
<msg timestamp="20200729 18:03:05.964" level="INFO">${xpath} = document.evaluate("//a[@class='btn btn-secondary']", document, null, XPathResult.FIRST_ORDERED_NODE_TYPE, null).singleNodeValue.click()</msg>
<status status="PASS" starttime="20200729 18:03:05.963" endtime="20200729 18:03:05.964"></status>
</kw>
<kw name="Execute Javascript" library="SeleniumLibrary">
<doc>Executes the given JavaScript code with possible arguments.</doc>
<arguments>
<arg>${xpath}</arg>
</arguments>
<msg timestamp="20200729 18:03:05.965" level="INFO">Executing JavaScript:
document.evaluate("//a[@class='btn btn-secondary']", document, null, XPathResult.FIRST_ORDERED_NODE_TYPE, null).singleNodeValue.click()
Without any arguments.</msg>
<status status="PASS" starttime="20200729 18:03:05.965" endtime="20200729 18:03:08.114"></status>
</kw>
<timeout value="15 seconds"></timeout>
<status status="PASS" starttime="20200729 18:03:05.963" endtime="20200729 18:03:08.114"></status>
</kw>
<status status="PASS" starttime="20200729 18:02:59.812" endtime="20200729 18:03:08.114"></status>
</kw>
<status status="PASS" starttime="20200729 18:02:52.475" endtime="20200729 18:03:08.114"></status>
</kw>
<kw name="after test" library="Common" type="teardown">
<kw name="Close Browser" library="SeleniumLibrary">
<doc>Closes the current browser.</doc>
<status status="PASS" starttime="20200729 18:03:08.116" endtime="20200729 18:03:10.660"></status>
</kw>
<status status="PASS" starttime="20200729 18:03:08.115" endtime="20200729 18:03:10.660"></status>
</kw>
<tags>
<tag>All</tag>
<tag>Order</tag>
</tags>
<status status="PASS" starttime="20200729 18:02:43.568" endtime="20200729 18:03:10.660" critical="yes"></status>
</test>
<test id="s1-s1-t4" name="TC004">
<kw name="before test" library="Common" type="setup">
<kw name="Open Browser" library="SeleniumLibrary">
<doc>Opens a new browser instance to the optional ``url``.</doc>
<arguments>
<arg>https://www.mykiot.vn/testz5</arg>
<arg>chrome</arg>
</arguments>
<msg timestamp="20200729 18:03:10.662" level="INFO">Opening browser 'chrome' to base url 'https://www.mykiot.vn/testz5'.</msg>
<status status="PASS" starttime="20200729 18:03:10.661" endtime="20200729 18:03:18.029"></status>
</kw>
<kw name="Maximize Browser Window" library="SeleniumLibrary">
<doc>Maximizes current browser window.</doc>
<status status="PASS" starttime="20200729 18:03:18.029" endtime="20200729 18:03:20.557"></status>
</kw>
<status status="PASS" starttime="20200729 18:03:10.661" endtime="20200729 18:03:20.557"></status>
</kw>
<kw name="Them san pham noi bat vao cart thanh toan tai dia chi nguoi nhan">
<arguments>
<arg>phuong</arg>
<arg>0987666555</arg>
<arg>434 TKC</arg>
<arg>phuong2610@gmail.com</arg>
<arg>as soon as possible</arg>
<arg>6</arg>
</arguments>
<kw name="Them san pham noi bat vao cart" library="Homepage_action">
<arguments>
<arg>${sl}</arg>
</arguments>
<assign>
<var>${thanhtien}</var>
<var>${gia}</var>
</assign>
<kw name="Click Element" library="SeleniumLibrary">
<doc>Click the element identified by ``locator``.</doc>
<arguments>
<arg>${btn_addtocart_spyeuthich}</arg>
</arguments>
<msg timestamp="20200729 18:03:20.559" level="INFO">Clicking element '//div[@class='kv-category-list custom'][1]//div[@class='swiper-slide swiper-slide-active'][1]//button[@class='add-to-cart btn-quick-cart']'.</msg>
<status status="PASS" starttime="20200729 18:03:20.559" endtime="20200729 18:03:20.977"></status>
</kw>
<kw name="Wait Until Page Contains Element" library="SeleniumLibrary">
<doc>Waits until the element ``locator`` appears on the current page.</doc>
<arguments>
<arg>${btn_addtocart}</arg>
</arguments>
<status status="PASS" starttime="20200729 18:03:20.977" endtime="20200729 18:03:21.106"></status>
</kw>
<kw name="Input Text" library="SeleniumLibrary">
<doc>Types the given ``text`` into the text field identified by ``locator``.</doc>
<arguments>
<arg>${txt_soluong}</arg>
<arg>${sl}</arg>
</arguments>
<msg timestamp="20200729 18:03:21.106" level="INFO">Typing text '6' into text field '//div[@class='kv-product-cart']//div[@class='summary-content spinner ']//input[@class='form-control form-control-lg quantity-value']'.</msg>
<status status="PASS" starttime="20200729 18:03:21.106" endtime="20200729 18:03:21.650"></status>
</kw>
<kw name="Convert price to number" library="Computation">
<arguments>
<arg>${lbl_giasp}</arg>
</arguments>
<assign>
<var>${price}</var>
</assign>
<kw name="Get Text" library="SeleniumLibrary">
<doc>Returns the text value of the element identified by ``locator``.</doc>
<arguments>
<arg>${locator}</arg>
</arguments>
<assign>
<var>${price_number}</var>
</assign>
<msg timestamp="20200729 18:03:21.898" level="INFO">${price_number} = 10,000đ</msg>
<status status="PASS" starttime="20200729 18:03:21.650" endtime="20200729 18:03:21.898"></status>
</kw>
<kw name="Remove String" library="String">
<doc>Removes all ``removables`` from the given ``string``.</doc>
<arguments>
<arg>${price_number}</arg>
<arg>,</arg>
<arg>đ</arg>
</arguments>
<assign>
<var>${mystring}</var>
</assign>
<msg timestamp="20200729 18:03:21.898" level="INFO">${mystring} = 10000</msg>
<status status="PASS" starttime="20200729 18:03:21.898" endtime="20200729 18:03:21.898"></status>
</kw>
<kw name="Convert To Number" library="BuiltIn">
<doc>Converts the given item to a floating point number.</doc>
<arguments>
<arg>${mystring}</arg>
</arguments>
<assign>
<var>${real_price}</var>
</assign>
<msg timestamp="20200729 18:03:21.899" level="INFO">${real_price} = 10000.0</msg>
<status status="PASS" starttime="20200729 18:03:21.898" endtime="20200729 18:03:21.899"></status>
</kw>
<kw name="Return From Keyword" library="BuiltIn">
<doc>Returns from the enclosing user keyword.</doc>
<arguments>
<arg>${real_price}</arg>
</arguments>
<msg timestamp="20200729 18:03:21.899" level="INFO">Returning from the enclosing user keyword.</msg>
<status status="PASS" starttime="20200729 18:03:21.899" endtime="20200729 18:03:21.899"></status>
</kw>
<msg timestamp="20200729 18:03:21.899" level="INFO">${price} = 10000.0</msg>
<status status="PASS" starttime="20200729 18:03:21.650" endtime="20200729 18:03:21.899"></status>
</kw>
<kw name="Multiplication" library="Computation">
<arguments>
<arg>${price}</arg>
<arg>${sl}</arg>
</arguments>
<assign>
<var>${total}</var>
</assign>
<kw name="Convert To Number" library="BuiltIn">
<doc>Converts the given item to a floating point number.</doc>
<arguments>
<arg>${num1}</arg>
</arguments>
<assign>
<var>${num1}</var>
</assign>
<msg timestamp="20200729 18:03:21.900" level="INFO">${num1} = 10000.0</msg>
<status status="PASS" starttime="20200729 18:03:21.900" endtime="20200729 18:03:21.900"></status>
</kw>
<kw name="Convert To Number" library="BuiltIn">
<doc>Converts the given item to a floating point number.</doc>
<arguments>
<arg>${num2}</arg>
</arguments>
<assign>
<var>${num2}</var>
</assign>
<msg timestamp="20200729 18:03:21.901" level="INFO">${num2} = 6.0</msg>
<status status="PASS" starttime="20200729 18:03:21.900" endtime="20200729 18:03:21.901"></status>
</kw>
<kw name="Create Dictionary" library="BuiltIn">
<doc>Creates and returns a dictionary based on the given ``items``.</doc>
<arguments>
<arg>x=${num1}</arg>
<arg>y=${num2}</arg>
</arguments>
<assign>
<var>${result_ns}</var>
</assign>
<msg timestamp="20200729 18:03:21.902" level="INFO">${result_ns} = {'x': 10000.0, 'y': 6.0}</msg>
<status status="PASS" starttime="20200729 18:03:21.901" endtime="20200729 18:03:21.902"></status>
</kw>
<kw name="Evaluate" library="BuiltIn">
<doc>Evaluates the given expression in Python and returns the results.</doc>
<arguments>
<arg>x*y</arg>
<arg>namespace=${result_ns}</arg>
</arguments>
<assign>
<var>${result}</var>
</assign>
<msg timestamp="20200729 18:03:21.904" level="INFO">${result} = 60000.0</msg>
<status status="PASS" starttime="20200729 18:03:21.902" endtime="20200729 18:03:21.904"></status>
</kw>
<kw name="Return From Keyword" library="BuiltIn">
<doc>Returns from the enclosing user keyword.</doc>
<arguments>
<arg>${result}</arg>
</arguments>
<msg timestamp="20200729 18:03:21.904" level="INFO">Returning from the enclosing user keyword.</msg>
<status status="PASS" starttime="20200729 18:03:21.904" endtime="20200729 18:03:21.905"></status>
</kw>
<msg timestamp="20200729 18:03:21.905" level="INFO">${total} = 60000.0</msg>
<timeout value="15 seconds"></timeout>
<status status="PASS" starttime="20200729 18:03:21.899" endtime="20200729 18:03:21.905"></status>
</kw>
<kw name="Click Element" library="SeleniumLibrary">
<doc>Click the element identified by ``locator``.</doc>
<arguments>
<arg>${btn_addtocart}</arg>
</arguments>
<msg timestamp="20200729 18:03:21.905" level="INFO">Clicking element '//button[@id='addtocart']'.</msg>
<status status="PASS" starttime="20200729 18:03:21.905" endtime="20200729 18:03:22.199"></status>
</kw>
[...]
</kw>
<kw name="Should Be Equal" library="BuiltIn">
<doc>Fails if the given objects are unequal.</doc>
<arguments>
<arg>${total}</arg>
<arg>${tongtien}</arg>
</arguments>
<status status="PASS" starttime="20200729 18:10:54.708" endtime="20200729 18:10:54.708"></status>
</kw>
<kw name="Click Element JS" library="Javascript">
<arguments>
<arg>${btn_orderincart}</arg>
</arguments>
<kw name="Format String" library="StringFormat">
<arguments>
<arg>${mes_click}</arg>
<arg>${xpathElement}</arg>
</arguments>
<assign>
<var>${xpath}</var>
</assign>
<msg timestamp="20200729 18:10:54.711" level="INFO">${xpath} = document.evaluate("//a[@class='btn btn-primary btn-checkout']", document, null, XPathResult.FIRST_ORDERED_NODE_TYPE, null).singleNodeValue.click()</msg>
<status status="PASS" starttime="20200729 18:10:54.709" endtime="20200729 18:10:54.711"></status>
</kw>
<kw name="Execute Javascript" library="SeleniumLibrary">
<doc>Executes the given JavaScript code with possible arguments.</doc>
<arguments>
<arg>${xpath}</arg>
</arguments>
<msg timestamp="20200729 18:10:54.712" level="INFO">Executing JavaScript:
document.evaluate("//a[@class='btn btn-primary btn-checkout']", document, null, XPathResult.FIRST_ORDERED_NODE_TYPE, null).singleNodeValue.click()
Without any arguments.</msg>
<status status="PASS" starttime="20200729 18:10:54.711" endtime="20200729 18:10:55.806"></status>
</kw>
<timeout value="15 seconds"></timeout>
<status status="PASS" starttime="20200729 18:10:54.709" endtime="20200729 18:10:55.806"></status>
</kw>
<kw name="Return From Keyword" library="BuiltIn">
<doc>Returns from the enclosing user keyword.</doc>
<arguments>
<arg>${total}</arg>
<arg>${price}</arg>
</arguments>
<msg timestamp="20200729 18:10:55.806" level="INFO">Returning from the enclosing user keyword.</msg>
<status status="PASS" starttime="20200729 18:10:55.806" endtime="20200729 18:10:55.807"></status>
</kw>
<msg timestamp="20200729 18:10:55.808" level="INFO">${thanhtien} = 40000.0</msg>
<msg timestamp="20200729 18:10:55.808" level="INFO">${gia} = 10000.0</msg>
<status status="PASS" starttime="20200729 18:10:49.566" endtime="20200729 18:10:55.808"></status>
</kw>
<kw name="Sleep" library="BuiltIn">
<doc>Pauses the test executed for the given time.</doc>
<arguments>
<arg>3</arg>
</arguments>
<msg timestamp="20200729 18:10:58.808" level="INFO">Slept 3 seconds</msg>
<status status="PASS" starttime="20200729 18:10:55.808" endtime="20200729 18:10:58.808"></status>
</kw>
<kw name="Thanh toan nhan hang tai dia chi nguoi nhan" library="Orderpage_Action">
<arguments>
<arg>${ten}</arg>
<arg>${sdt}</arg>
<arg>${diachi}</arg>
<arg>${email}</arg>
<arg>${ghichu}</arg>
<arg>${thanhtien}</arg>
<arg>${gia}</arg>
</arguments>
<kw name="Wait Until Element Is Visible" library="SeleniumLibrary">
<doc>Waits until the element ``locator`` is visible.</doc>
<arguments>
<arg>${title_orderpage}</arg>
</arguments>
<status status="PASS" starttime="20200729 18:10:58.809" endtime="20200729 18:10:59.045"></status>
</kw>
<kw name="Convert price to number" library="Computation">
<arguments>
<arg>${lbl_giasp_order}</arg>
</arguments>
<assign>
<var>${giasp}</var>
</assign>
<kw name="Get Text" library="SeleniumLibrary">
<doc>Returns the text value of the element identified by ``locator``.</doc>
<arguments>
<arg>${locator}</arg>
</arguments>
<assign>
<var>${price_number}</var>
</assign>
<msg timestamp="20200729 18:10:59.283" level="INFO">${price_number} = 10,000đ</msg>
<status status="PASS" starttime="20200729 18:10:59.045" endtime="20200729 18:10:59.283"></status>
</kw>
<kw name="Remove String" library="String">
<doc>Removes all ``removables`` from the given ``string``.</doc>
<arguments>
<arg>${price_number}</arg>
<arg>,</arg>
<arg>đ</arg>
</arguments>
<assign>
<var>${mystring}</var>
</assign>
<msg timestamp="20200729 18:10:59.284" level="INFO">${mystring} = 10000</msg>
<status status="PASS" starttime="20200729 18:10:59.283" endtime="20200729 18:10:59.284"></status>
</kw>
<kw name="Convert To Number" library="BuiltIn">
<doc>Converts the given item to a floating point number.</doc>
<arguments>
<arg>${mystring}</arg>
</arguments>
<assign>
<var>${real_price}</var>
</assign>
<msg timestamp="20200729 18:10:59.284" level="INFO">${real_price} = 10000.0</msg>
<status status="PASS" starttime="20200729 18:10:59.284" endtime="20200729 18:10:59.284"></status>
</kw>
<kw name="Return From Keyword" library="BuiltIn">
<doc>Returns from the enclosing user keyword.</doc>
<arguments>
<arg>${real_price}</arg>
</arguments>
<msg timestamp="20200729 18:10:59.284" level="INFO">Returning from the enclosing user keyword.</msg>
<status status="PASS" starttime="20200729 18:10:59.284" endtime="20200729 18:10:59.284"></status>
</kw>
<msg timestamp="20200729 18:10:59.285" level="INFO">${giasp} = 10000.0</msg>
<status status="PASS" starttime="20200729 18:10:59.045" endtime="20200729 18:10:59.285"></status>
</kw>
<kw name="Should Be Equal" library="BuiltIn">
<doc>Fails if the given objects are unequal.</doc>
<arguments>
<arg>${giasp}</arg>
<arg>${gia}</arg>
</arguments>
<status status="PASS" starttime="20200729 18:10:59.285" endtime="20200729 18:10:59.285"></status>
</kw>
<kw name="Set Selenium Speed" library="SeleniumLibrary">
<doc>Sets the delay that is waited after each Selenium command.</doc>
<arguments>
<arg>1 s</arg>
</arguments>
<status status="PASS" starttime="20200729 18:10:59.285" endtime="20200729 18:10:59.285"></status>
</kw>
<kw name="Scroll Element Into View" library="SeleniumLibrary">
<doc>Scrolls the element identified by ``locator`` into view.</doc>
<arguments>
<arg>${lbl_texttongtienhang}</arg>
</arguments>
<status status="PASS" starttime="20200729 18:10:59.286" endtime="20200729 18:11:01.576"></status>
</kw>
<kw name="Click Element JS" library="Javascript">
<arguments>
<arg>${lb_giaohangtaidcnguoinhan}</arg>
</arguments>
<kw name="Format String" library="StringFormat">
<arguments>
<arg>${mes_click}</arg>
<arg>${xpathElement}</arg>
</arguments>
<assign>
<var>${xpath}</var>
</assign>
<msg timestamp="20200729 18:11:01.578" level="INFO">${xpath} = document.evaluate("//div[@class='custom-control tab']//label[contains(text(),'Giao hàng tại')]", document, null, XPathResult.FIRST_ORDERED_NODE_TYPE, null).singleNodeValue.click()</msg>
<status status="PASS" starttime="20200729 18:11:01.577" endtime="20200729 18:11:01.578"></status>
</kw>
<kw name="Execute Javascript" library="SeleniumLibrary">
<doc>Executes the given JavaScript code with possible arguments.</doc>
<arguments>
<arg>${xpath}</arg>
</arguments>
<msg timestamp="20200729 18:11:01.579" level="INFO">Executing JavaScript:
document.evaluate("//div[@class='custom-control tab']//label[contains(text(),'Giao hàng tại')]", document, null, XPathResult.FIRST_ORDERED_NODE_TYPE, null).singleNodeValue.click()
Without any arguments.</msg>
<status status="PASS" starttime="20200729 18:11:01.578" endtime="20200729 18:11:02.624"></status>
</kw>
<timeout value="15 seconds"></timeout>
<status status="PASS" starttime="20200729 18:11:01.576" endtime="20200729 18:11:02.624"></status>
</kw>
<kw name="Scroll Element Into View" library="SeleniumLibrary">
<doc>Scrolls the element identified by ``locator`` into view.</doc>
<arguments>
<arg>${txt_ten}</arg>
</arguments>
<status status="PASS" starttime="20200729 18:11:02.624" endtime="20200729 18:11:04.903"></status>
</kw>
<kw name="Set Selenium Speed" library="SeleniumLibrary">
<doc>Sets the delay that is waited after each Selenium command.</doc>
<arguments>
<arg>0.1 s</arg>
</arguments>
<status status="PASS" starttime="20200729 18:11:04.903" endtime="20200729 18:11:04.903"></status>
</kw>
<kw name="Input Text" library="SeleniumLibrary">
<doc>Types the given ``text`` into the text field identified by ``locator``.</doc>
<arguments>
<arg>${txt_ten}</arg>
<arg>${ten}</arg>
</arguments>
<msg timestamp="20200729 18:11:04.904" level="INFO">Typing text 'phuong' into text field '//input[@id='order-userName']'.</msg>
<status status="PASS" starttime="20200729 18:11:04.904" endtime="20200729 18:11:05.421"></status>
</kw>
<kw name="Input Text" library="SeleniumLibrary">
<doc>Types the given ``text`` into the text field identified by ``locator``.</doc>
<arguments>
<arg>${txt_sdt}</arg>
<arg>${sdt}</arg>
</arguments>
<msg timestamp="20200729 18:11:05.422" level="INFO">Typing text '0974544304' into text field '//input[@id='order-phoneNumber']'.</msg>
<status status="PASS" starttime="20200729 18:11:05.421" endtime="20200729 18:11:05.993"></status>
</kw>
<kw name="Input Text" library="SeleniumLibrary">
<doc>Types the given ``text`` into the text field identified by ``locator``.</doc>
<arguments>
<arg>${txt_email}</arg>
<arg>${email}</arg>
</arguments>
<msg timestamp="20200729 18:11:05.995" level="INFO">Typing text 'phuongtran27111994@gmail.com' into text field '//input[@id='order-email']'.</msg>
<status status="PASS" starttime="20200729 18:11:05.993" endtime="20200729 18:11:06.989"></status>
</kw>
<kw name="Input Text" library="SeleniumLibrary">
<doc>Types the given ``text`` into the text field identified by ``locator``.</doc>
<arguments>
<arg>${txt_diachi}</arg>
<arg>${diachi}</arg>
</arguments>
<msg timestamp="20200729 18:11:06.989" level="INFO">Typing text '1B' into text field '//input[@id='order-address']'.</msg>
<status status="PASS" starttime="20200729 18:11:06.989" endtime="20200729 18:11:07.503"></status>
</kw>
<kw name="Click Element" library="SeleniumLibrary">
<doc>Click the element identified by ``locator``.</doc>
<arguments>
<arg>${cbb_thanhpho}</arg>
</arguments>
<msg timestamp="20200729 18:11:07.503" level="INFO">Clicking element '//span[@id='select2-order-city-container']'.</msg>
<status status="PASS" starttime="20200729 18:11:07.503" endtime="20200729 18:11:07.808"></status>
</kw>
<kw name="Format String" library="StringFormat">
<arguments>
<arg>${obj_thanhpho}</arg>
<arg>An Giang</arg>
</arguments>
<assign>
<var>${thanhpho}</var>
</assign>
<msg timestamp="20200729 18:11:07.808" level="INFO">${thanhpho} = //ul[@id='select2-order-city-results']//li[contains(text(),'An Giang')]</msg>
<status status="PASS" starttime="20200729 18:11:07.808" endtime="20200729 18:11:07.808"></status>
</kw>
<kw name="Format String" library="StringFormat">
<arguments>
<arg>${obj_quanhuyen}</arg>
<arg>Huyện An Phú</arg>
</arguments>
<assign>
<var>${quanhuyen}</var>
</assign>
<msg timestamp="20200729 18:11:07.808" level="INFO">${quanhuyen} = //ul[@id='select2-order-district-results']//li[contains(text(),'Huyện An Phú')]</msg>
<status status="PASS" starttime="20200729 18:11:07.808" endtime="20200729 18:11:07.808"></status>
</kw>
<kw name="Format String" library="StringFormat">
<arguments>
<arg>${obj_phuongxa}</arg>
<arg>Thị trấn An Phú</arg>
</arguments>
<assign>
<var>${phuongxa}</var>
</assign>
<msg timestamp="20200729 18:11:07.808" level="INFO">${phuongxa} = //ul[@id='select2-order-ward-results']//li[contains(text(),'Thị trấn An Phú')]</msg>
<status status="PASS" starttime="20200729 18:11:07.808" endtime="20200729 18:11:07.808"></status>
</kw>
<kw name="Click Element" library="SeleniumLibrary">
<doc>Click the element identified by ``locator``.</doc>
<arguments>
<arg>${thanhpho}</arg>
</arguments>
<msg timestamp="20200729 18:11:07.808" level="INFO">Clicking element '//ul[@id='select2-order-city-results']//li[contains(text(),'An Giang')]'.</msg>
<status status="PASS" starttime="20200729 18:11:07.808" endtime="20200729 18:11:08.084"></status>
</kw>
<kw name="Click Element" library="SeleniumLibrary">
<doc>Click the element identified by ``locator``.</doc>
<arguments>
<arg>${cbb_quanhuyen}</arg>
</arguments>
<msg timestamp="20200729 18:11:08.084" level="INFO">Clicking element '//span[@id='select2-order-district-container']'.</msg>
<status status="PASS" starttime="20200729 18:11:08.084" endtime="20200729 18:11:08.460"></status>
</kw>
<kw name="Click Element" library="SeleniumLibrary">
<doc>Click the element identified by ``locator``.</doc>
<arguments>
<arg>${quanhuyen}</arg>
</arguments>
<msg timestamp="20200729 18:11:08.460" level="INFO">Clicking element '//ul[@id='select2-order-district-results']//li[contains(text(),'Huyện An Phú')]'.</msg>
<status status="PASS" starttime="20200729 18:11:08.460" endtime="20200729 18:11:08.736"></status>
</kw>
<kw name="Click Element" library="SeleniumLibrary">
<doc>Click the element identified by ``locator``.</doc>
<arguments>
<arg>${cbb_phuongxa}</arg>
</arguments>
<msg timestamp="20200729 18:11:08.736" level="INFO">Clicking element '//span[@id='select2-order-ward-container']'.</msg>
<status status="PASS" starttime="20200729 18:11:08.736" endtime="20200729 18:11:09.028"></status>
</kw>
<kw name="Click Element" library="SeleniumLibrary">
<doc>Click the element identified by ``locator``.</doc>
<arguments>
<arg>${phuongxa}</arg>
</arguments>
<msg timestamp="20200729 18:11:09.028" level="INFO">Clicking element '//ul[@id='select2-order-ward-results']//li[contains(text(),'Thị trấn An Phú')]'.</msg>
<status status="PASS" starttime="20200729 18:11:09.028" endtime="20200729 18:11:09.298"></status>
</kw>
<kw name="Input Text" library="SeleniumLibrary">
<doc>Types the given ``text`` into the text field identified by ``locator``.</doc>
<arguments>
<arg>${txa_ghichu}</arg>
<arg>${ghichu}</arg>
</arguments>
<msg timestamp="20200729 18:11:09.299" level="INFO">Typing text 'giao ban ngày' into text field '//textarea[@id='order-note']'.</msg>
<status status="PASS" starttime="20200729 18:11:09.298" endtime="20200729 18:11:09.762"></status>
</kw>
<kw name="Scroll Element Into View" library="SeleniumLibrary">
<doc>Scrolls the element identified by ``locator`` into view.</doc>
<arguments>
<arg>${btn_thanhtoan}</arg>
</arguments>
<status status="PASS" starttime="20200729 18:11:09.762" endtime="20200729 18:11:10.239"></status>
</kw>
<kw name="Convert price to number" library="Computation">
<arguments>
<arg>${lbl_tongtienhang}</arg>
</arguments>
<assign>
<var>${tongtien}</var>
</assign>
<kw name="Get Text" library="SeleniumLibrary">
<doc>Returns the text value of the element identified by ``locator``.</doc>
<arguments>
<arg>${locator}</arg>
</arguments>
<assign>
<var>${price_number}</var>
</assign>
<msg timestamp="20200729 18:11:10.471" level="INFO">${price_number} = 40,000 đ</msg>
<status status="PASS" starttime="20200729 18:11:10.239" endtime="20200729 18:11:10.471"></status>
</kw>
<kw name="Remove String" library="String">
<doc>Removes all ``removables`` from the given ``string``.</doc>
<arguments>
<arg>${price_number}</arg>
<arg>,</arg>
<arg>đ</arg>
</arguments>
<assign>
<var>${mystring}</var>
</assign>
<msg timestamp="20200729 18:11:10.471" level="INFO">${mystring} = 40000 </msg>
<status status="PASS" starttime="20200729 18:11:10.471" endtime="20200729 18:11:10.471"></status>
</kw>
<kw name="Convert To Number" library="BuiltIn">
<doc>Converts the given item to a floating point number.</doc>
<arguments>
<arg>${mystring}</arg>
</arguments>
<assign>
<var>${real_price}</var>
</assign>
<msg timestamp="20200729 18:11:10.472" level="INFO">${real_price} = 40000.0</msg>
<status status="PASS" starttime="20200729 18:11:10.472" endtime="20200729 18:11:10.472"></status>
</kw>
<kw name="Return From Keyword" library="BuiltIn">
<doc>Returns from the enclosing user keyword.</doc>
<arguments>
<arg>${real_price}</arg>
</arguments>
<msg timestamp="20200729 18:11:10.472" level="INFO">Returning from the enclosing user keyword.</msg>
<status status="PASS" starttime="20200729 18:11:10.472" endtime="20200729 18:11:10.472"></status>
</kw>
<msg timestamp="20200729 18:11:10.472" level="INFO">${tongtien} = 40000.0</msg>
<status status="PASS" starttime="20200729 18:11:10.239" endtime="20200729 18:11:10.472"></status>
</kw>
<kw name="Should Be Equal" library="BuiltIn">
<doc>Fails if the given objects are unequal.</doc>
<arguments>
<arg>${tongtien}</arg>
<arg>${thanhtien}</arg>
</arguments>
<status status="PASS" starttime="20200729 18:11:10.472" endtime="20200729 18:11:10.473"></status>
</kw>
<kw name="Click Element JS" library="Javascript">
<arguments>
<arg>${btn_thanhtoan}</arg>
</arguments>
<kw name="Format String" library="StringFormat">
<arguments>
<arg>${mes_click}</arg>
<arg>${xpathElement}</arg>
</arguments>
<assign>
<var>${xpath}</var>
</assign>
<msg timestamp="20200729 18:11:10.474" level="INFO">${xpath} = document.evaluate("//button[contains(@class,'btn-submit')]", document, null, XPathResult.FIRST_ORDERED_NODE_TYPE, null).singleNodeValue.click()</msg>
<status status="PASS" starttime="20200729 18:11:10.473" endtime="20200729 18:11:10.474"></status>
</kw>
<kw name="Execute Javascript" library="SeleniumLibrary">
<doc>Executes the given JavaScript code with possible arguments.</doc>
<arguments>
<arg>${xpath}</arg>
</arguments>
<msg timestamp="20200729 18:11:10.475" level="INFO">Executing JavaScript:
document.evaluate("//button[contains(@class,'btn-submit')]", document, null, XPathResult.FIRST_ORDERED_NODE_TYPE, null).singleNodeValue.click()
Without any arguments.</msg>
<status status="PASS" starttime="20200729 18:11:10.474" endtime="20200729 18:11:10.595"></status>
</kw>
<timeout value="15 seconds"></timeout>
<status status="PASS" starttime="20200729 18:11:10.473" endtime="20200729 18:11:10.595"></status>
</kw>
<kw name="Wait Until Element Is Visible" library="SeleniumLibrary">
<doc>Waits until the element ``locator`` is visible.</doc>
<arguments>
<arg>${popup_msg}</arg>
</arguments>
<status status="PASS" starttime="20200729 18:11:10.595" endtime="20200729 18:11:13.458"></status>
</kw>
<kw name="Get Text" library="SeleniumLibrary">
<doc>Returns the text value of the element identified by ``locator``.</doc>
<arguments>
<arg>${btn_tieptucmuahang}</arg>
</arguments>
<assign>
<var>${messege}</var>
</assign>
<msg timestamp="20200729 18:11:13.688" level="INFO">${messege} = TIẾP TỤC MUA HÀNG</msg>
<status status="PASS" starttime="20200729 18:11:13.458" endtime="20200729 18:11:13.688"></status>
</kw>
<kw name="Should Contain" library="BuiltIn">
<doc>Fails if ``container`` does not contain ``item`` one or more times.</doc>
<arguments>
<arg>${messege}</arg>
<arg>TIẾP TỤC MUA HÀNG</arg>
</arguments>
<status status="PASS" starttime="20200729 18:11:13.688" endtime="20200729 18:11:13.688"></status>
</kw>
<kw name="Click Element" library="SeleniumLibrary">
<doc>Click the element identified by ``locator``.</doc>
<arguments>
<arg>${btn_tieptucmuahang}</arg>
</arguments>
<msg timestamp="20200729 18:11:13.689" level="INFO">Clicking element '//a[@class='btn btn-secondary']'.</msg>
<status status="PASS" starttime="20200729 18:11:13.688" endtime="20200729 18:11:15.307"></status>
</kw>
<status status="PASS" starttime="20200729 18:10:58.808" endtime="20200729 18:11:15.307"></status>
</kw>
<status status="PASS" starttime="20200729 18:10:49.566" endtime="20200729 18:11:15.307"></status>
</kw>
<kw name="after test" library="Common" type="teardown">
<kw name="Close Browser" library="SeleniumLibrary">
<doc>Closes the current browser.</doc>
<status status="PASS" starttime="20200729 18:11:15.309" endtime="20200729 18:11:17.521"></status>
</kw>
<status status="PASS" starttime="20200729 18:11:15.308" endtime="20200729 18:11:17.521"></status>
</kw>
<tags>
<tag>All</tag>
<tag>Order</tag>
</tags>
<status status="PASS" starttime="20200729 18:10:39.146" endtime="20200729 18:11:17.521" critical="yes"></status>
</test>
<status status="FAIL" starttime="20200729 18:01:40.339" endtime="20200729 18:11:17.523"></status>
</suite>
<status status="FAIL" starttime="20200729 18:01:40.241" endtime="20200729 18:11:17.530"></status>
</suite>
<statistics>
<total>
<stat pass="14" fail="3">Critical Tests</stat>
<stat pass="14" fail="3">All Tests</stat>
</total>
<tag>
<stat pass="14" fail="3">All</stat>
<stat pass="14" fail="3">Order</stat>
</tag>
<suite>
<stat pass="14" fail="3" id="s1" name="Testsuites">Testsuites</stat>
<stat pass="14" fail="3" id="s1-s1" name="Order">Testsuites.Order</stat>
</suite>
</statistics>
<errors>
</errors>
</robot>
