==============================================================================
Testsuites                                                                    
==============================================================================
Testsuites.Order                                                              
==============================================================================
TC001                                                                 | PASS |
------------------------------------------------------------------------------
TC002                                                                 | PASS |
------------------------------------------------------------------------------
TC003                                                                 | PASS |
------------------------------------------------------------------------------
TC004                                                                 | PASS |
------------------------------------------------------------------------------
TC005                                                                 | PASS |
------------------------------------------------------------------------------
TC006                                                                 | PASS |
------------------------------------------------------------------------------
TC007                                                                 | FAIL |
JavascriptException: Message: javascript error: Cannot read property 'click' of null
  (Session info: chrome=84.0.4147.89)
------------------------------------------------------------------------------
TC008                                                                 | PASS |
------------------------------------------------------------------------------
TC009                                                                 | FAIL |
ElementClickInterceptedException: Message: element click intercepted: Element <button class="btn btn-success btn-submit kvbtn kvbtn-primary checkout-kvbtn active">...</button> is not clickable at point (1287, 787). Other element would receive the click: <div class="modal fade show" id="order-complete" data-backdrop="static" data-keyboard="false" aria-modal="true" style="padding-right: 17px; display: block;">...</div>
  (Session info: chrome=84.0.4147.89)
------------------------------------------------------------------------------
TC010                                                                 | PASS |
------------------------------------------------------------------------------
TC011                                                                 | PASS |
------------------------------------------------------------------------------
TC012                                                                 | PASS |
------------------------------------------------------------------------------
TC013                                                                 | PASS |
------------------------------------------------------------------------------
TC014                                                                 | PASS |
------------------------------------------------------------------------------
TC015                                                                 | FAIL |
Element with locator '//span[contains(text(),'XL')]' not found.
------------------------------------------------------------------------------
TC016                                                                 | PASS |
------------------------------------------------------------------------------
TC017                                                                 | PASS |
------------------------------------------------------------------------------
Testsuites.Order                                                      | FAIL |
17 critical tests, 14 passed, 3 failed
17 tests total, 14 passed, 3 failed
==============================================================================
Testsuites                                                            | FAIL |
17 critical tests, 14 passed, 3 failed
17 tests total, 14 passed, 3 failed
==============================================================================
Output:  E:\Robot Framework\Mykiot\pabot_results\0\output.xml
